{
  "title": "创建文件@WanaDecryptor@.exe",
  "id": "",
  "description": "",
  "sigmafile": "",
  "sigma": [
    "SELECT * FROM logs WHERE EventID=11 AND TargetFilename LIKE '%@WanaDecryptor@.exe%' ESCAPE '\\'"
  ],
  "rule_level": "high",
  "tags": [],
  "count": 7,
  "matches": [
    {
      "row_id": 82,
      "Provider_Name": "Microsoft-Windows-Sysmon",
      "Guid": "5770385F-C22A-43E0-BF4C-06F5698FFBD9",
      "EventID": 11,
      "Version": 2,
      "Level": 4,
      "Task": 11,
      "Opcode": 0,
      "Keywords": "0x8000000000000000",
      "SystemTime": "2025-11-12T09:41:36.961413Z",
      "EventRecordID": 5800,
      "ProcessID": 11104,
      "ThreadID": 11400,
      "Channel": "Microsoft-Windows-Sysmon/Operational",
      "Computer": "DESKTOP-VGNH0Q0",
      "UserID": "S-1-5-18",
      "RuleName": "EXE",
      "UtcTime": "2025-11-12 09:41:36.959",
      "ProcessGuid": "815B870B-564E-6914-3A06-000000000A00",
      "Image": "C:\\Users\\30250_hrfous0\\Desktop\\恶意代码教学样本-在沙盒中修改文件名\\恶意代码教学样本-在沙盒中修改文件名\\1-WannaCrypt0r.exe",
      "User": "DESKTOP-VGNH0Q0\\30250_hrfous0",
      "OriginalLogfile": "mytest1.evtx-0S8SF50D.json",
      "TargetFileName": "C:\\Users\\30250_hrfous0\\Desktop\\恶意代码教学样本-在沙盒中修改文件名\\恶意代码教学样本-在沙盒中修改文件名\\@WanaDecryptor@.exe",
      "CreationUtcTime": "2025-11-12 09:41:36.959"
    },
    {
      "row_id": 86,
      "Provider_Name": "Microsoft-Windows-Sysmon",
      "Guid": "5770385F-C22A-43E0-BF4C-06F5698FFBD9",
      "EventID": 11,
      "Version": 2,
      "Level": 4,
      "Task": 11,
      "Opcode": 0,
      "Keywords": "0x8000000000000000",
      "SystemTime": "2025-11-12T09:41:37.411240Z",
      "EventRecordID": 5804,
      "ProcessID": 11104,
      "ThreadID": 11400,
      "Channel": "Microsoft-Windows-Sysmon/Operational",
      "Computer": "DESKTOP-VGNH0Q0",
      "UserID": "S-1-5-18",
      "RuleName": "EXE",
      "UtcTime": "2025-11-12 09:41:37.408",
      "ProcessGuid": "815B870B-564E-6914-3A06-000000000A00",
      "Image": "C:\\Users\\30250_hrfous0\\Desktop\\恶意代码教学样本-在沙盒中修改文件名\\恶意代码教学样本-在沙盒中修改文件名\\1-WannaCrypt0r.exe",
      "User": "DESKTOP-VGNH0Q0\\30250_hrfous0",
      "OriginalLogfile": "mytest1.evtx-0S8SF50D.json",
      "TargetFileName": "C:\\Users\\30250_hrfous0\\Desktop\\@WanaDecryptor@.exe",
      "CreationUtcTime": "2025-11-12 09:41:37.408"
    },
    {
      "row_id": 89,
      "Provider_Name": "Microsoft-Windows-Sysmon",
      "Guid": "5770385F-C22A-43E0-BF4C-06F5698FFBD9",
      "EventID": 11,
      "Version": 2,
      "Level": 4,
      "Task": 11,
      "Opcode": 0,
      "Keywords": "0x8000000000000000",
      "SystemTime": "2025-11-12T09:41:45.918480Z",
      "EventRecordID": 5977,
      "ProcessID": 11104,
      "ThreadID": 11400,
      "Channel": "Microsoft-Windows-Sysmon/Operational",
      "Computer": "DESKTOP-VGNH0Q0",
      "UserID": "S-1-5-18",
      "RuleName": "EXE",
      "UtcTime": "2025-11-12 09:41:45.913",
      "ProcessGuid": "815B870B-564E-6914-3A06-000000000A00",
      "Image": "C:\\Users\\30250_hrfous0\\Desktop\\恶意代码教学样本-在沙盒中修改文件名\\恶意代码教学样本-在沙盒中修改文件名\\1-WannaCrypt0r.exe",
      "User": "DESKTOP-VGNH0Q0\\30250_hrfous0",
      "OriginalLogfile": "mytest1.evtx-0S8SF50D.json",
      "TargetFileName": "C:\\$Recycle.Bin\\S-1-5-21-3858729-2737441227-522958052-1006\\@WanaDecryptor@.exe",
      "CreationUtcTime": "2025-11-12 09:41:45.913"
    },
    {
      "row_id": 90,
      "Provider_Name": "Microsoft-Windows-Sysmon",
      "Guid": "5770385F-C22A-43E0-BF4C-06F5698FFBD9",
      "EventID": 11,
      "Version": 2,
      "Level": 4,
      "Task": 11,
      "Opcode": 0,
      "Keywords": "0x8000000000000000",
      "SystemTime": "2025-11-12T09:41:46.028233Z",
      "EventRecordID": 5981,
      "ProcessID": 11104,
      "ThreadID": 11400,
      "Channel": "Microsoft-Windows-Sysmon/Operational",
      "Computer": "DESKTOP-VGNH0Q0",
      "UserID": "S-1-5-18",
      "RuleName": "EXE",
      "UtcTime": "2025-11-12 09:41:46.021",
      "ProcessGuid": "815B870B-564E-6914-3A06-000000000A00",
      "Image": "C:\\Users\\30250_hrfous0\\Desktop\\恶意代码教学样本-在沙盒中修改文件名\\恶意代码教学样本-在沙盒中修改文件名\\1-WannaCrypt0r.exe",
      "User": "DESKTOP-VGNH0Q0\\30250_hrfous0",
      "OriginalLogfile": "mytest1.evtx-0S8SF50D.json",
      "TargetFileName": "C:\\mytool\\@WanaDecryptor@.exe",
      "CreationUtcTime": "2025-11-12 09:41:46.021"
    },
    {
      "row_id": 91,
      "Provider_Name": "Microsoft-Windows-Sysmon",
      "Guid": "5770385F-C22A-43E0-BF4C-06F5698FFBD9",
      "EventID": 11,
      "Version": 2,
      "Level": 4,
      "Task": 11,
      "Opcode": 0,
      "Keywords": "0x8000000000000000",
      "SystemTime": "2025-11-12T09:41:46.037512Z",
      "EventRecordID": 5983,
      "ProcessID": 11104,
      "ThreadID": 11400,
      "Channel": "Microsoft-Windows-Sysmon/Operational",
      "Computer": "DESKTOP-VGNH0Q0",
      "UserID": "S-1-5-18",
      "RuleName": "EXE",
      "UtcTime": "2025-11-12 09:41:46.021",
      "ProcessGuid": "815B870B-564E-6914-3A06-000000000A00",
      "Image": "C:\\Users\\30250_hrfous0\\Desktop\\恶意代码教学样本-在沙盒中修改文件名\\恶意代码教学样本-在沙盒中修改文件名\\1-WannaCrypt0r.exe",
      "User": "DESKTOP-VGNH0Q0\\30250_hrfous0",
      "OriginalLogfile": "mytest1.evtx-0S8SF50D.json",
      "TargetFileName": "C:\\mytool\\Sysmon\\@WanaDecryptor@.exe",
      "CreationUtcTime": "2025-11-12 09:41:46.021"
    },
    {
      "row_id": 134,
      "Provider_Name": "Microsoft-Windows-Sysmon",
      "Guid": "5770385F-C22A-43E0-BF4C-06F5698FFBD9",
      "EventID": 11,
      "Version": 2,
      "Level": 4,
      "Task": 11,
      "Opcode": 0,
      "Keywords": "0x8000000000000000",
      "SystemTime": "2025-11-12T09:42:15.918929Z",
      "EventRecordID": 6268,
      "ProcessID": 11104,
      "ThreadID": 11400,
      "Channel": "Microsoft-Windows-Sysmon/Operational",
      "Computer": "DESKTOP-VGNH0Q0",
      "UserID": "S-1-5-18",
      "RuleName": "Downloads",
      "UtcTime": "2025-11-12 09:42:15.908",
      "ProcessGuid": "815B870B-564E-6914-3A06-000000000A00",
      "Image": "C:\\Users\\30250_hrfous0\\Desktop\\恶意代码教学样本-在沙盒中修改文件名\\恶意代码教学样本-在沙盒中修改文件名\\1-WannaCrypt0r.exe",
      "User": "DESKTOP-VGNH0Q0\\30250_hrfous0",
      "OriginalLogfile": "mytest1.evtx-0S8SF50D.json",
      "TargetFileName": "C:\\Users\\30250_hrfous0\\Downloads\\@WanaDecryptor@.exe",
      "CreationUtcTime": "2025-11-12 09:42:15.908"
    },
    {
      "row_id": 154,
      "Provider_Name": "Microsoft-Windows-Sysmon",
      "Guid": "5770385F-C22A-43E0-BF4C-06F5698FFBD9",
      "EventID": 11,
      "Version": 2,
      "Level": 4,
      "Task": 11,
      "Opcode": 0,
      "Keywords": "0x8000000000000000",
      "SystemTime": "2025-11-12T09:45:13.815209Z",
      "EventRecordID": 17141,
      "ProcessID": 11104,
      "ThreadID": 11400,
      "Channel": "Microsoft-Windows-Sysmon/Operational",
      "Computer": "DESKTOP-VGNH0Q0",
      "UserID": "S-1-5-18",
      "RuleName": "EXE",
      "UtcTime": "2025-11-12 09:45:13.809",
      "ProcessGuid": "815B870B-564E-6914-3A06-000000000A00",
      "Image": "C:\\Users\\30250_hrfous0\\Desktop\\恶意代码教学样本-在沙盒中修改文件名\\恶意代码教学样本-在沙盒中修改文件名\\1-WannaCrypt0r.exe",
      "User": "DESKTOP-VGNH0Q0\\30250_hrfous0",
      "OriginalLogfile": "mytest1.evtx-0S8SF50D.json",
      "TargetFileName": "C:\\Users\\30250_hrfous0\\Desktop\\@WanaDecryptor@.exe",
      "CreationUtcTime": "2025-11-12 09:41:37.408"
    }
  ]
},
{
  "title": "创建文件@Please_Read_Me@.txt",
  "id": "",
  "description": "",
  "sigmafile": "",
  "sigma": [
    "SELECT * FROM logs WHERE EventID=11 AND TargetFilename LIKE '%@Please\\_Read\\_Me@.txt%' ESCAPE '\\'"
  ],
  "rule_level": "high",
  "tags": [],
  "count": 1,
  "matches": [
    {
      "row_id": 133,
      "Provider_Name": "Microsoft-Windows-Sysmon",
      "Guid": "5770385F-C22A-43E0-BF4C-06F5698FFBD9",
      "EventID": 11,
      "Version": 2,
      "Level": 4,
      "Task": 11,
      "Opcode": 0,
      "Keywords": "0x8000000000000000",
      "SystemTime": "2025-11-12T09:42:15.914471Z",
      "EventRecordID": 6267,
      "ProcessID": 11104,
      "ThreadID": 11400,
      "Channel": "Microsoft-Windows-Sysmon/Operational",
      "Computer": "DESKTOP-VGNH0Q0",
      "UserID": "S-1-5-18",
      "RuleName": "Downloads",
      "UtcTime": "2025-11-12 09:42:15.908",
      "ProcessGuid": "815B870B-564E-6914-3A06-000000000A00",
      "Image": "C:\\Users\\30250_hrfous0\\Desktop\\恶意代码教学样本-在沙盒中修改文件名\\恶意代码教学样本-在沙盒中修改文件名\\1-WannaCrypt0r.exe",
      "User": "DESKTOP-VGNH0Q0\\30250_hrfous0",
      "OriginalLogfile": "mytest1.evtx-0S8SF50D.json",
      "TargetFileName": "C:\\Users\\30250_hrfous0\\Downloads\\@Please_Read_Me@.txt",
      "CreationUtcTime": "2025-11-12 09:42:15.908"
    }
  ]
},
{
  "title": "创建进程taskhsvc.exe",
  "id": "",
  "description": "",
  "sigmafile": "",
  "sigma": [
    "SELECT * FROM logs WHERE EventID=1 AND (Image LIKE '%taskhsvc.exe%' ESCAPE '\\' AND ParentImage LIKE '%@WanaDecryptor@.exe%' ESCAPE '\\')"
  ],
  "rule_level": "high",
  "tags": [],
  "count": 1,
  "matches": [
    {
      "row_id": 169,
      "Provider_Name": "Microsoft-Windows-Sysmon",
      "Guid": "5770385F-C22A-43E0-BF4C-06F5698FFBD9",
      "EventID": 1,
      "Version": 5,
      "Level": 4,
      "Task": 1,
      "Opcode": 0,
      "Keywords": "0x8000000000000000",
      "SystemTime": "2025-11-12T09:45:31.533941Z",
      "EventRecordID": 17166,
      "ProcessID": 11104,
      "ThreadID": 11400,
      "Channel": "Microsoft-Windows-Sysmon/Operational",
      "Computer": "DESKTOP-VGNH0Q0",
      "UserID": "S-1-5-18",
      "RuleName": "-",
      "UtcTime": "2025-11-12 09:45:30.667",
      "ProcessGuid": "815B870B-573A-6914-6A06-000000000A00",
      "Image": "C:\\Users\\30250_hrfous0\\Desktop\\恶意代码教学样本-在沙盒中修改文件名\\恶意代码教学样本-在沙盒中修改文件名\\TaskData\\Tor\\taskhsvc.exe",
      "FileVersion": "-",
      "Description": "-",
      "Product": "-",
      "Company": "-",
      "OriginalFileName": "-",
      "CommandLine": "TaskData\\Tor\\taskhsvc.exe",
      "CurrentDirectory": "C:\\Users\\30250_hrfous0\\Desktop\\恶意代码教学样本-在沙盒中修改文件名\\恶意代码教学样本-在沙盒中修改文件名\\",
      "User": "DESKTOP-VGNH0Q0\\30250_hrfous0",
      "LogonGuid": "815B870B-2E47-6913-46C0-010000000000",
      "LogonId": "0x1c046",
      "TerminalSessionId": 1,
      "IntegrityLevel": "Medium",
      "MD5": "FE7EB54691AD6E6AF77F8A9A0B6DE26D",
      "SHA256": "E48673680746FBE027E8982F62A83C298D6FB46AD9243DE8E79B7E5A24DCD4EB",
      "IMPHASH": "3CD0E3276704041E9FA8D057DED2D924",
      "Hashes": "MD5=FE7EB54691AD6E6AF77F8A9A0B6DE26D,SHA256=E48673680746FBE027E8982F62A83C298D6FB46AD9243DE8E79B7E5A24DCD4EB,IMPHASH=3CD0E3276704041E9FA8D057DED2D924",
      "ParentProcessGuid": "815B870B-5729-6914-6206-000000000A00",
      "ParentProcessId": 7436,
      "ParentImage": "C:\\Users\\30250_hrfous0\\Desktop\\恶意代码教学样本-在沙盒中修改文件名\\恶意代码教学样本-在沙盒中修改文件名\\@WanaDecryptor@.exe",
      "ParentCommandLine": "@WanaDecryptor@.exe co",
      "ParentUser": "DESKTOP-VGNH0Q0\\30250_hrfous0",
      "OriginalLogfile": "mytest1.evtx-0S8SF50D.json"
    }
  ]
},
{
  "title": "创建文件taskse.exe",
  "id": "",
  "description": "",
  "sigmafile": "",
  "sigma": [
    "SELECT * FROM logs WHERE EventID=11 AND TargetFilename LIKE '%taskse.exe%' ESCAPE '\\'"
  ],
  "rule_level": "high",
  "tags": [],
  "count": 1,
  "matches": [
    {
      "row_id": 79,
      "Provider_Name": "Microsoft-Windows-Sysmon",
      "Guid": "5770385F-C22A-43E0-BF4C-06F5698FFBD9",
      "EventID": 11,
      "Version": 2,
      "Level": 4,
      "Task": 11,
      "Opcode": 0,
      "Keywords": "0x8000000000000000",
      "SystemTime": "2025-11-12T09:41:35.167265Z",
      "EventRecordID": 5795,
      "ProcessID": 11104,
      "ThreadID": 11400,
      "Channel": "Microsoft-Windows-Sysmon/Operational",
      "Computer": "DESKTOP-VGNH0Q0",
      "UserID": "S-1-5-18",
      "RuleName": "EXE",
      "UtcTime": "2025-11-12 09:41:35.162",
      "ProcessGuid": "815B870B-564E-6914-3A06-000000000A00",
      "Image": "C:\\Users\\30250_hrfous0\\Desktop\\恶意代码教学样本-在沙盒中修改文件名\\恶意代码教学样本-在沙盒中修改文件名\\1-WannaCrypt0r.exe",
      "User": "DESKTOP-VGNH0Q0\\30250_hrfous0",
      "OriginalLogfile": "mytest1.evtx-0S8SF50D.json",
      "TargetFileName": "C:\\Users\\30250_hrfous0\\Desktop\\恶意代码教学样本-在沙盒中修改文件名\\恶意代码教学样本-在沙盒中修改文件名\\taskse.exe",
      "CreationUtcTime": "2025-11-12 09:41:35.162"
    }
  ]
}]