    {
      "row_id": 258,
      "Provider_Name": "Microsoft-Windows-Sysmon",
      "Guid": "5770385F-C22A-43E0-BF4C-06F5698FFBD9",
      "EventID": 1,
      "Version": 5,
      "Level": 4,
      "Task": 1,
      "Opcode": 0,
      "Keywords": "0x8000000000000000",
      "SystemTime": "2025-11-12T10:00:08.259419Z",
      "EventRecordID": 17331,
      "ProcessID": 11104,
      "ThreadID": 11400,
      "Channel": "Microsoft-Windows-Sysmon/Operational",
      "Computer": "DESKTOP-VGNH0Q0",
      "UserID": "S-1-5-18",
      "RuleName": "-",
      "UtcTime": "2025-11-12 10:00:08.252",
      "ProcessGuid": "815B870B-5AA8-6914-FB06-000000000A00",
      "Image": "C:\\Users\\30250_hrfous0\\Desktop\\恶意代码教学样本-在沙盒中修改文件名\\恶意代码教学样本-在沙盒中修改文件名\\@WanaDecryptor@.exe",
      "FileVersion": "6.1.7600.16385 (win7_rtm.090713-1255)",
      "Description": "Load PerfMon Counters",
      "Product": "Microsoft® Windows® Operating System",
      "Company": "Microsoft Corporation",
      "OriginalFileName": "LODCTR.EXE",
      "CommandLine": "@WanaDecryptor@.exe",
      "CurrentDirectory": "C:\\Users\\30250_hrfous0\\Desktop\\恶意代码教学样本-在沙盒中修改文件名\\恶意代码教学样本-在沙盒中修改文件名\\",
      "User": "DESKTOP-VGNH0Q0\\30250_hrfous0",
      "LogonGuid": "815B870B-2E47-6913-46C0-010000000000",
      "LogonId": "0x1c046",
      "TerminalSessionId": 1,
      "IntegrityLevel": "Medium",
      "MD5": "7BF2B57F2A205768755C07F238FB32CC",
      "SHA256": "B9C5D4339809E0AD9A00D4D3DD26FDF44A32819A54ABF846BB9B560D81391C25",
      "IMPHASH": "DCAC8383CC76738EECB5756694C4AEB2",
      "Hashes": "MD5=7BF2B57F2A205768755C07F238FB32CC,SHA256=B9C5D4339809E0AD9A00D4D3DD26FDF44A32819A54ABF846BB9B560D81391C25,IMPHASH=DCAC8383CC76738EECB5756694C4AEB2",
      "ParentProcessGuid": "815B870B-564E-6914-3A06-000000000A00",
      "ParentProcessId": 11936,
      "ParentImage": "C:\\Users\\30250_hrfous0\\Desktop\\恶意代码教学样本-在沙盒中修改文件名\\恶意代码教学样本-在沙盒中修改文件名\\1-WannaCrypt0r.exe",
      "ParentCommandLine": "\"C:\\Users\\30250_hrfous0\\Desktop\\恶意代码教学样本-在沙盒中修改文件名\\恶意代码教学样本-在沙盒中修改文件名\\1-WannaCrypt0r.exe\"",
      "ParentUser": "DESKTOP-VGNH0Q0\\30250_hrfous0",
      "OriginalLogfile": "mytest1.evtx-0S8SF50D.json"
    },
    {
      "row_id": 260,
      "Provider_Name": "Microsoft-Windows-Sysmon",
      "Guid": "5770385F-C22A-43E0-BF4C-06F5698FFBD9",
      "EventID": 1,
      "Version": 5,
      "Level": 4,
      "Task": 1,
      "Opcode": 0,
      "Keywords": "0x8000000000000000",
      "SystemTime": "2025-11-12T10:00:38.293938Z",
      "EventRecordID": 17335,
      "ProcessID": 11104,
      "ThreadID": 11400,
      "Channel": "Microsoft-Windows-Sysmon/Operational",
      "Computer": "DESKTOP-VGNH0Q0",
      "UserID": "S-1-5-18",
      "RuleName": "-",
      "UtcTime": "2025-11-12 10:00:38.289",
      "ProcessGuid": "815B870B-5AC6-6914-FE06-000000000A00",
      "Image": "C:\\Users\\30250_hrfous0\\Desktop\\恶意代码教学样本-在沙盒中修改文件名\\恶意代码教学样本-在沙盒中修改文件名\\@WanaDecryptor@.exe",
      "FileVersion": "6.1.7600.16385 (win7_rtm.090713-1255)",
      "Description": "Load PerfMon Counters",
      "Product": "Microsoft® Windows® Operating System",
      "Company": "Microsoft Corporation",
      "OriginalFileName": "LODCTR.EXE",
      "CommandLine": "@WanaDecryptor@.exe",
      "CurrentDirectory": "C:\\Users\\30250_hrfous0\\Desktop\\恶意代码教学样本-在沙盒中修改文件名\\恶意代码教学样本-在沙盒中修改文件名\\",
      "User": "DESKTOP-VGNH0Q0\\30250_hrfous0",
      "LogonGuid": "815B870B-2E47-6913-46C0-010000000000",
      "LogonId": "0x1c046",
      "TerminalSessionId": 1,
      "IntegrityLevel": "Medium",
      "MD5": "7BF2B57F2A205768755C07F238FB32CC",
      "SHA256": "B9C5D4339809E0AD9A00D4D3DD26FDF44A32819A54ABF846BB9B560D81391C25",
      "IMPHASH": "DCAC8383CC76738EECB5756694C4AEB2",
      "Hashes": "MD5=7BF2B57F2A205768755C07F238FB32CC,SHA256=B9C5D4339809E0AD9A00D4D3DD26FDF44A32819A54ABF846BB9B560D81391C25,IMPHASH=DCAC8383CC76738EECB5756694C4AEB2",
      "ParentProcessGuid": "815B870B-564E-6914-3A06-000000000A00",
      "ParentProcessId": 11936,
      "ParentImage": "C:\\Users\\30250_hrfous0\\Desktop\\恶意代码教学样本-在沙盒中修改文件名\\恶意代码教学样本-在沙盒中修改文件名\\1-WannaCrypt0r.exe",
      "ParentCommandLine": "\"C:\\Users\\30250_hrfous0\\Desktop\\恶意代码教学样本-在沙盒中修改文件名\\恶意代码教学样本-在沙盒中修改文件名\\1-WannaCrypt0r.exe\"",
      "ParentUser": "DESKTOP-VGNH0Q0\\30250_hrfous0",
      "OriginalLogfile": "mytest1.evtx-0S8SF50D.json"
    },
    {
      "row_id": 262,
      "Provider_Name": "Microsoft-Windows-Sysmon",
      "Guid": "5770385F-C22A-43E0-BF4C-06F5698FFBD9",
      "EventID": 1,
      "Version": 5,
      "Level": 4,
      "Task": 1,
      "Opcode": 0,
      "Keywords": "0x8000000000000000",
      "SystemTime": "2025-11-12T10:01:08.326080Z",
      "EventRecordID": 17339,
      "ProcessID": 11104,
      "ThreadID": 11400,
      "Channel": "Microsoft-Windows-Sysmon/Operational",
      "Computer": "DESKTOP-VGNH0Q0",
      "UserID": "S-1-5-18",
      "RuleName": "-",
      "UtcTime": "2025-11-12 10:01:08.317",
      "ProcessGuid": "815B870B-5AE4-6914-0107-000000000A00",
      "Image": "C:\\Users\\30250_hrfous0\\Desktop\\恶意代码教学样本-在沙盒中修改文件名\\恶意代码教学样本-在沙盒中修改文件名\\@WanaDecryptor@.exe",
      "FileVersion": "6.1.7600.16385 (win7_rtm.090713-1255)",
      "Description": "Load PerfMon Counters",
      "Product": "Microsoft® Windows® Operating System",
      "Company": "Microsoft Corporation",
      "OriginalFileName": "LODCTR.EXE",
      "CommandLine": "@WanaDecryptor@.exe",
      "CurrentDirectory": "C:\\Users\\30250_hrfous0\\Desktop\\恶意代码教学样本-在沙盒中修改文件名\\恶意代码教学样本-在沙盒中修改文件名\\",
      "User": "DESKTOP-VGNH0Q0\\30250_hrfous0",
      "LogonGuid": "815B870B-2E47-6913-46C0-010000000000",
      "LogonId": "0x1c046",
      "TerminalSessionId": 1,
      "IntegrityLevel": "Medium",
      "MD5": "7BF2B57F2A205768755C07F238FB32CC",
      "SHA256": "B9C5D4339809E0AD9A00D4D3DD26FDF44A32819A54ABF846BB9B560D81391C25",
      "IMPHASH": "DCAC8383CC76738EECB5756694C4AEB2",
      "Hashes": "MD5=7BF2B57F2A205768755C07F238FB32CC,SHA256=B9C5D4339809E0AD9A00D4D3DD26FDF44A32819A54ABF846BB9B560D81391C25,IMPHASH=DCAC8383CC76738EECB5756694C4AEB2",
      "ParentProcessGuid": "815B870B-564E-6914-3A06-000000000A00",
      "ParentProcessId": 11936,
      "ParentImage": "C:\\Users\\30250_hrfous0\\Desktop\\恶意代码教学样本-在沙盒中修改文件名\\恶意代码教学样本-在沙盒中修改文件名\\1-WannaCrypt0r.exe",
      "ParentCommandLine": "\"C:\\Users\\30250_hrfous0\\Desktop\\恶意代码教学样本-在沙盒中修改文件名\\恶意代码教学样本-在沙盒中修改文件名\\1-WannaCrypt0r.exe\"",
      "ParentUser": "DESKTOP-VGNH0Q0\\30250_hrfous0",
      "OriginalLogfile": "mytest1.evtx-0S8SF50D.json"
    },
    {
      "row_id": 264,
      "Provider_Name": "Microsoft-Windows-Sysmon",
      "Guid": "5770385F-C22A-43E0-BF4C-06F5698FFBD9",
      "EventID": 1,
      "Version": 5,
      "Level": 4,
      "Task": 1,
      "Opcode": 0,
      "Keywords": "0x8000000000000000",
      "SystemTime": "2025-11-12T10:01:38.368648Z",
      "EventRecordID": 17343,
      "ProcessID": 11104,
      "ThreadID": 11400,
      "Channel": "Microsoft-Windows-Sysmon/Operational",
      "Computer": "DESKTOP-VGNH0Q0",
      "UserID": "S-1-5-18",
      "RuleName": "-",
      "UtcTime": "2025-11-12 10:01:38.362",
      "ProcessGuid": "815B870B-5B02-6914-0307-000000000A00",
      "Image": "C:\\Users\\30250_hrfous0\\Desktop\\恶意代码教学样本-在沙盒中修改文件名\\恶意代码教学样本-在沙盒中修改文件名\\@WanaDecryptor@.exe",
      "FileVersion": "6.1.7600.16385 (win7_rtm.090713-1255)",
      "Description": "Load PerfMon Counters",
      "Product": "Microsoft® Windows® Operating System",
      "Company": "Microsoft Corporation",
      "OriginalFileName": "LODCTR.EXE",
      "CommandLine": "@WanaDecryptor@.exe",
      "CurrentDirectory": "C:\\Users\\30250_hrfous0\\Desktop\\恶意代码教学样本-在沙盒中修改文件名\\恶意代码教学样本-在沙盒中修改文件名\\",
      "User": "DESKTOP-VGNH0Q0\\30250_hrfous0",
      "LogonGuid": "815B870B-2E47-6913-46C0-010000000000",
      "LogonId": "0x1c046",
      "TerminalSessionId": 1,
      "IntegrityLevel": "Medium",
      "MD5": "7BF2B57F2A205768755C07F238FB32CC",
      "SHA256": "B9C5D4339809E0AD9A00D4D3DD26FDF44A32819A54ABF846BB9B560D81391C25",
      "IMPHASH": "DCAC8383CC76738EECB5756694C4AEB2",
      "Hashes": "MD5=7BF2B57F2A205768755C07F238FB32CC,SHA256=B9C5D4339809E0AD9A00D4D3DD26FDF44A32819A54ABF846BB9B560D81391C25,IMPHASH=DCAC8383CC76738EECB5756694C4AEB2",
      "ParentProcessGuid": "815B870B-564E-6914-3A06-000000000A00",
      "ParentProcessId": 11936,
      "ParentImage": "C:\\Users\\30250_hrfous0\\Desktop\\恶意代码教学样本-在沙盒中修改文件名\\恶意代码教学样本-在沙盒中修改文件名\\1-WannaCrypt0r.exe",
      "ParentCommandLine": "\"C:\\Users\\30250_hrfous0\\Desktop\\恶意代码教学样本-在沙盒中修改文件名\\恶意代码教学样本-在沙盒中修改文件名\\1-WannaCrypt0r.exe\"",
      "ParentUser": "DESKTOP-VGNH0Q0\\30250_hrfous0",
      "OriginalLogfile": "mytest1.evtx-0S8SF50D.json"
    },
    {
      "row_id": 266,
      "Provider_Name": "Microsoft-Windows-Sysmon",
      "Guid": "5770385F-C22A-43E0-BF4C-06F5698FFBD9",
      "EventID": 1,
      "Version": 5,
      "Level": 4,
      "Task": 1,
      "Opcode": 0,
      "Keywords": "0x8000000000000000",
      "SystemTime": "2025-11-12T10:02:08.392337Z",
      "EventRecordID": 17347,
      "ProcessID": 11104,
      "ThreadID": 11400,
      "Channel": "Microsoft-Windows-Sysmon/Operational",
      "Computer": "DESKTOP-VGNH0Q0",
      "UserID": "S-1-5-18",
      "RuleName": "-",
      "UtcTime": "2025-11-12 10:02:08.388",
      "ProcessGuid": "815B870B-5B20-6914-0507-000000000A00",
      "Image": "C:\\Users\\30250_hrfous0\\Desktop\\恶意代码教学样本-在沙盒中修改文件名\\恶意代码教学样本-在沙盒中修改文件名\\@WanaDecryptor@.exe",
      "FileVersion": "6.1.7600.16385 (win7_rtm.090713-1255)",
      "Description": "Load PerfMon Counters",
      "Product": "Microsoft® Windows® Operating System",
      "Company": "Microsoft Corporation",
      "OriginalFileName": "LODCTR.EXE",
      "CommandLine": "@WanaDecryptor@.exe",
      "CurrentDirectory": "C:\\Users\\30250_hrfous0\\Desktop\\恶意代码教学样本-在沙盒中修改文件名\\恶意代码教学样本-在沙盒中修改文件名\\",
      "User": "DESKTOP-VGNH0Q0\\30250_hrfous0",
      "LogonGuid": "815B870B-2E47-6913-46C0-010000000000",
      "LogonId": "0x1c046",
      "TerminalSessionId": 1,
      "IntegrityLevel": "Medium",
      "MD5": "7BF2B57F2A205768755C07F238FB32CC",
      "SHA256": "B9C5D4339809E0AD9A00D4D3DD26FDF44A32819A54ABF846BB9B560D81391C25",
      "IMPHASH": "DCAC8383CC76738EECB5756694C4AEB2",
      "Hashes": "MD5=7BF2B57F2A205768755C07F238FB32CC,SHA256=B9C5D4339809E0AD9A00D4D3DD26FDF44A32819A54ABF846BB9B560D81391C25,IMPHASH=DCAC8383CC76738EECB5756694C4AEB2",
      "ParentProcessGuid": "815B870B-564E-6914-3A06-000000000A00",
      "ParentProcessId": 11936,
      "ParentImage": "C:\\Users\\30250_hrfous0\\Desktop\\恶意代码教学样本-在沙盒中修改文件名\\恶意代码教学样本-在沙盒中修改文件名\\1-WannaCrypt0r.exe",
      "ParentCommandLine": "\"C:\\Users\\30250_hrfous0\\Desktop\\恶意代码教学样本-在沙盒中修改文件名\\恶意代码教学样本-在沙盒中修改文件名\\1-WannaCrypt0r.exe\"",
      "ParentUser": "DESKTOP-VGNH0Q0\\30250_hrfous0",
      "OriginalLogfile": "mytest1.evtx-0S8SF50D.json"
    },
    {
      "row_id": 268,
      "Provider_Name": "Microsoft-Windows-Sysmon",
      "Guid": "5770385F-C22A-43E0-BF4C-06F5698FFBD9",
      "EventID": 1,
      "Version": 5,
      "Level": 4,
      "Task": 1,
      "Opcode": 0,
      "Keywords": "0x8000000000000000",
      "SystemTime": "2025-11-12T10:02:38.434270Z",
      "EventRecordID": 17351,
      "ProcessID": 11104,
      "ThreadID": 11400,
      "Channel": "Microsoft-Windows-Sysmon/Operational",
      "Computer": "DESKTOP-VGNH0Q0",
      "UserID": "S-1-5-18",
      "RuleName": "-",
      "UtcTime": "2025-11-12 10:02:38.421",
      "ProcessGuid": "815B870B-5B3E-6914-0707-000000000A00",
      "Image": "C:\\Users\\30250_hrfous0\\Desktop\\恶意代码教学样本-在沙盒中修改文件名\\恶意代码教学样本-在沙盒中修改文件名\\@WanaDecryptor@.exe",
      "FileVersion": "6.1.7600.16385 (win7_rtm.090713-1255)",
      "Description": "Load PerfMon Counters",
      "Product": "Microsoft® Windows® Operating System",
      "Company": "Microsoft Corporation",
      "OriginalFileName": "LODCTR.EXE",
      "CommandLine": "@WanaDecryptor@.exe",
      "CurrentDirectory": "C:\\Users\\30250_hrfous0\\Desktop\\恶意代码教学样本-在沙盒中修改文件名\\恶意代码教学样本-在沙盒中修改文件名\\",
      "User": "DESKTOP-VGNH0Q0\\30250_hrfous0",
      "LogonGuid": "815B870B-2E47-6913-46C0-010000000000",
      "LogonId": "0x1c046",
      "TerminalSessionId": 1,
      "IntegrityLevel": "Medium",
      "MD5": "7BF2B57F2A205768755C07F238FB32CC",
      "SHA256": "B9C5D4339809E0AD9A00D4D3DD26FDF44A32819A54ABF846BB9B560D81391C25",
      "IMPHASH": "DCAC8383CC76738EECB5756694C4AEB2",
      "Hashes": "MD5=7BF2B57F2A205768755C07F238FB32CC,SHA256=B9C5D4339809E0AD9A00D4D3DD26FDF44A32819A54ABF846BB9B560D81391C25,IMPHASH=DCAC8383CC76738EECB5756694C4AEB2",
      "ParentProcessGuid": "815B870B-564E-6914-3A06-000000000A00",
      "ParentProcessId": 11936,
      "ParentImage": "C:\\Users\\30250_hrfous0\\Desktop\\恶意代码教学样本-在沙盒中修改文件名\\恶意代码教学样本-在沙盒中修改文件名\\1-WannaCrypt0r.exe",
      "ParentCommandLine": "\"C:\\Users\\30250_hrfous0\\Desktop\\恶意代码教学样本-在沙盒中修改文件名\\恶意代码教学样本-在沙盒中修改文件名\\1-WannaCrypt0r.exe\"",
      "ParentUser": "DESKTOP-VGNH0Q0\\30250_hrfous0",
      "OriginalLogfile": "mytest1.evtx-0S8SF50D.json"
    },
    {
      "row_id": 270,
      "Provider_Name": "Microsoft-Windows-Sysmon",
      "Guid": "5770385F-C22A-43E0-BF4C-06F5698FFBD9",
      "EventID": 1,
      "Version": 5,
      "Level": 4,
      "Task": 1,
      "Opcode": 0,
      "Keywords": "0x8000000000000000",
      "SystemTime": "2025-11-12T10:03:08.461396Z",
      "EventRecordID": 17355,
      "ProcessID": 11104,
      "ThreadID": 11400,
      "Channel": "Microsoft-Windows-Sysmon/Operational",
      "Computer": "DESKTOP-VGNH0Q0",
      "UserID": "S-1-5-18",
      "RuleName": "-",
      "UtcTime": "2025-11-12 10:03:08.456",
      "ProcessGuid": "815B870B-5B5C-6914-0B07-000000000A00",
      "Image": "C:\\Users\\30250_hrfous0\\Desktop\\恶意代码教学样本-在沙盒中修改文件名\\恶意代码教学样本-在沙盒中修改文件名\\@WanaDecryptor@.exe",
      "FileVersion": "6.1.7600.16385 (win7_rtm.090713-1255)",
      "Description": "Load PerfMon Counters",
      "Product": "Microsoft® Windows® Operating System",
      "Company": "Microsoft Corporation",
      "OriginalFileName": "LODCTR.EXE",
      "CommandLine": "@WanaDecryptor@.exe",
      "CurrentDirectory": "C:\\Users\\30250_hrfous0\\Desktop\\恶意代码教学样本-在沙盒中修改文件名\\恶意代码教学样本-在沙盒中修改文件名\\",
      "User": "DESKTOP-VGNH0Q0\\30250_hrfous0",
      "LogonGuid": "815B870B-2E47-6913-46C0-010000000000",
      "LogonId": "0x1c046",
      "TerminalSessionId": 1,
      "IntegrityLevel": "Medium",
      "MD5": "7BF2B57F2A205768755C07F238FB32CC",
      "SHA256": "B9C5D4339809E0AD9A00D4D3DD26FDF44A32819A54ABF846BB9B560D81391C25",
      "IMPHASH": "DCAC8383CC76738EECB5756694C4AEB2",
      "Hashes": "MD5=7BF2B57F2A205768755C07F238FB32CC,SHA256=B9C5D4339809E0AD9A00D4D3DD26FDF44A32819A54ABF846BB9B560D81391C25,IMPHASH=DCAC8383CC76738EECB5756694C4AEB2",
      "ParentProcessGuid": "815B870B-564E-6914-3A06-000000000A00",
      "ParentProcessId": 11936,
      "ParentImage": "C:\\Users\\30250_hrfous0\\Desktop\\恶意代码教学样本-在沙盒中修改文件名\\恶意代码教学样本-在沙盒中修改文件名\\1-WannaCrypt0r.exe",
      "ParentCommandLine": "\"C:\\Users\\30250_hrfous0\\Desktop\\恶意代码教学样本-在沙盒中修改文件名\\恶意代码教学样本-在沙盒中修改文件名\\1-WannaCrypt0r.exe\"",
      "ParentUser": "DESKTOP-VGNH0Q0\\30250_hrfous0",
      "OriginalLogfile": "mytest1.evtx-0S8SF50D.json"
    },
    {
      "row_id": 272,
      "Provider_Name": "Microsoft-Windows-Sysmon",
      "Guid": "5770385F-C22A-43E0-BF4C-06F5698FFBD9",
      "EventID": 1,
      "Version": 5,
      "Level": 4,
      "Task": 1,
      "Opcode": 0,
      "Keywords": "0x8000000000000000",
      "SystemTime": "2025-11-12T10:03:38.495999Z",
      "EventRecordID": 17360,
      "ProcessID": 11104,
      "ThreadID": 11400,
      "Channel": "Microsoft-Windows-Sysmon/Operational",
      "Computer": "DESKTOP-VGNH0Q0",
      "UserID": "S-1-5-18",
      "RuleName": "-",
      "UtcTime": "2025-11-12 10:03:38.491",
      "ProcessGuid": "815B870B-5B7A-6914-0D07-000000000A00",
      "Image": "C:\\Users\\30250_hrfous0\\Desktop\\恶意代码教学样本-在沙盒中修改文件名\\恶意代码教学样本-在沙盒中修改文件名\\@WanaDecryptor@.exe",
      "FileVersion": "6.1.7600.16385 (win7_rtm.090713-1255)",
      "Description": "Load PerfMon Counters",
      "Product": "Microsoft® Windows® Operating System",
      "Company": "Microsoft Corporation",
      "OriginalFileName": "LODCTR.EXE",
      "CommandLine": "@WanaDecryptor@.exe",
      "CurrentDirectory": "C:\\Users\\30250_hrfous0\\Desktop\\恶意代码教学样本-在沙盒中修改文件名\\恶意代码教学样本-在沙盒中修改文件名\\",
      "User": "DESKTOP-VGNH0Q0\\30250_hrfous0",
      "LogonGuid": "815B870B-2E47-6913-46C0-010000000000",
      "LogonId": "0x1c046",
      "TerminalSessionId": 1,
      "IntegrityLevel": "Medium",
      "MD5": "7BF2B57F2A205768755C07F238FB32CC",
      "SHA256": "B9C5D4339809E0AD9A00D4D3DD26FDF44A32819A54ABF846BB9B560D81391C25",
      "IMPHASH": "DCAC8383CC76738EECB5756694C4AEB2",
      "Hashes": "MD5=7BF2B57F2A205768755C07F238FB32CC,SHA256=B9C5D4339809E0AD9A00D4D3DD26FDF44A32819A54ABF846BB9B560D81391C25,IMPHASH=DCAC8383CC76738EECB5756694C4AEB2",
      "ParentProcessGuid": "815B870B-564E-6914-3A06-000000000A00",
      "ParentProcessId": 11936,
      "ParentImage": "C:\\Users\\30250_hrfous0\\Desktop\\恶意代码教学样本-在沙盒中修改文件名\\恶意代码教学样本-在沙盒中修改文件名\\1-WannaCrypt0r.exe",
      "ParentCommandLine": "\"C:\\Users\\30250_hrfous0\\Desktop\\恶意代码教学样本-在沙盒中修改文件名\\恶意代码教学样本-在沙盒中修改文件名\\1-WannaCrypt0r.exe\"",
      "ParentUser": "DESKTOP-VGNH0Q0\\30250_hrfous0",
      "OriginalLogfile": "mytest1.evtx-0S8SF50D.json"
    },
    {
      "row_id": 274,
      "Provider_Name": "Microsoft-Windows-Sysmon",
      "Guid": "5770385F-C22A-43E0-BF4C-06F5698FFBD9",
      "EventID": 1,
      "Version": 5,
      "Level": 4,
      "Task": 1,
      "Opcode": 0,
      "Keywords": "0x8000000000000000",
      "SystemTime": "2025-11-12T10:04:08.525727Z",
      "EventRecordID": 17365,
      "ProcessID": 11104,
      "ThreadID": 11400,
      "Channel": "Microsoft-Windows-Sysmon/Operational",
      "Computer": "DESKTOP-VGNH0Q0",
      "UserID": "S-1-5-18",
      "RuleName": "-",
      "UtcTime": "2025-11-12 10:04:08.516",
      "ProcessGuid": "815B870B-5B98-6914-1107-000000000A00",
      "Image": "C:\\Users\\30250_hrfous0\\Desktop\\恶意代码教学样本-在沙盒中修改文件名\\恶意代码教学样本-在沙盒中修改文件名\\@WanaDecryptor@.exe",
      "FileVersion": "6.1.7600.16385 (win7_rtm.090713-1255)",
      "Description": "Load PerfMon Counters",
      "Product": "Microsoft® Windows® Operating System",
      "Company": "Microsoft Corporation",
      "OriginalFileName": "LODCTR.EXE",
      "CommandLine": "@WanaDecryptor@.exe",
      "CurrentDirectory": "C:\\Users\\30250_hrfous0\\Desktop\\恶意代码教学样本-在沙盒中修改文件名\\恶意代码教学样本-在沙盒中修改文件名\\",
      "User": "DESKTOP-VGNH0Q0\\30250_hrfous0",
      "LogonGuid": "815B870B-2E47-6913-46C0-010000000000",
      "LogonId": "0x1c046",
      "TerminalSessionId": 1,
      "IntegrityLevel": "Medium",
      "MD5": "7BF2B57F2A205768755C07F238FB32CC",
      "SHA256": "B9C5D4339809E0AD9A00D4D3DD26FDF44A32819A54ABF846BB9B560D81391C25",
      "IMPHASH": "DCAC8383CC76738EECB5756694C4AEB2",
      "Hashes": "MD5=7BF2B57F2A205768755C07F238FB32CC,SHA256=B9C5D4339809E0AD9A00D4D3DD26FDF44A32819A54ABF846BB9B560D81391C25,IMPHASH=DCAC8383CC76738EECB5756694C4AEB2",
      "ParentProcessGuid": "815B870B-564E-6914-3A06-000000000A00",
      "ParentProcessId": 11936,
      "ParentImage": "C:\\Users\\30250_hrfous0\\Desktop\\恶意代码教学样本-在沙盒中修改文件名\\恶意代码教学样本-在沙盒中修改文件名\\1-WannaCrypt0r.exe",
      "ParentCommandLine": "\"C:\\Users\\30250_hrfous0\\Desktop\\恶意代码教学样本-在沙盒中修改文件名\\恶意代码教学样本-在沙盒中修改文件名\\1-WannaCrypt0r.exe\"",
      "ParentUser": "DESKTOP-VGNH0Q0\\30250_hrfous0",
      "OriginalLogfile": "mytest1.evtx-0S8SF50D.json"
    },
    {
      "row_id": 276,
      "Provider_Name": "Microsoft-Windows-Sysmon",
      "Guid": "5770385F-C22A-43E0-BF4C-06F5698FFBD9",
      "EventID": 1,
      "Version": 5,
      "Level": 4,
      "Task": 1,
      "Opcode": 0,
      "Keywords": "0x8000000000000000",
      "SystemTime": "2025-11-12T10:04:38.559686Z",
      "EventRecordID": 17371,
      "ProcessID": 11104,
      "ThreadID": 11400,
      "Channel": "Microsoft-Windows-Sysmon/Operational",
      "Computer": "DESKTOP-VGNH0Q0",
      "UserID": "S-1-5-18",
      "RuleName": "-",
      "UtcTime": "2025-11-12 10:04:38.551",
      "ProcessGuid": "815B870B-5BB6-6914-1407-000000000A00",
      "Image": "C:\\Users\\30250_hrfous0\\Desktop\\恶意代码教学样本-在沙盒中修改文件名\\恶意代码教学样本-在沙盒中修改文件名\\@WanaDecryptor@.exe",
      "FileVersion": "6.1.7600.16385 (win7_rtm.090713-1255)",
      "Description": "Load PerfMon Counters",
      "Product": "Microsoft® Windows® Operating System",
      "Company": "Microsoft Corporation",
      "OriginalFileName": "LODCTR.EXE",
      "CommandLine": "@WanaDecryptor@.exe",
      "CurrentDirectory": "C:\\Users\\30250_hrfous0\\Desktop\\恶意代码教学样本-在沙盒中修改文件名\\恶意代码教学样本-在沙盒中修改文件名\\",
      "User": "DESKTOP-VGNH0Q0\\30250_hrfous0",
      "LogonGuid": "815B870B-2E47-6913-46C0-010000000000",
      "LogonId": "0x1c046",
      "TerminalSessionId": 1,
      "IntegrityLevel": "Medium",
      "MD5": "7BF2B57F2A205768755C07F238FB32CC",
      "SHA256": "B9C5D4339809E0AD9A00D4D3DD26FDF44A32819A54ABF846BB9B560D81391C25",
      "IMPHASH": "DCAC8383CC76738EECB5756694C4AEB2",
      "Hashes": "MD5=7BF2B57F2A205768755C07F238FB32CC,SHA256=B9C5D4339809E0AD9A00D4D3DD26FDF44A32819A54ABF846BB9B560D81391C25,IMPHASH=DCAC8383CC76738EECB5756694C4AEB2",
      "ParentProcessGuid": "815B870B-564E-6914-3A06-000000000A00",
      "ParentProcessId": 11936,
      "ParentImage": "C:\\Users\\30250_hrfous0\\Desktop\\恶意代码教学样本-在沙盒中修改文件名\\恶意代码教学样本-在沙盒中修改文件名\\1-WannaCrypt0r.exe",
      "ParentCommandLine": "\"C:\\Users\\30250_hrfous0\\Desktop\\恶意代码教学样本-在沙盒中修改文件名\\恶意代码教学样本-在沙盒中修改文件名\\1-WannaCrypt0r.exe\"",
      "ParentUser": "DESKTOP-VGNH0Q0\\30250_hrfous0",
      "OriginalLogfile": "mytest1.evtx-0S8SF50D.json"
    },
    {
      "row_id": 278,
      "Provider_Name": "Microsoft-Windows-Sysmon",
      "Guid": "5770385F-C22A-43E0-BF4C-06F5698FFBD9",
      "EventID": 1,
      "Version": 5,
      "Level": 4,
      "Task": 1,
      "Opcode": 0,
      "Keywords": "0x8000000000000000",
      "SystemTime": "2025-11-12T10:05:08.581927Z",
      "EventRecordID": 17376,
      "ProcessID": 11104,
      "ThreadID": 11400,
      "Channel": "Microsoft-Windows-Sysmon/Operational",
      "Computer": "DESKTOP-VGNH0Q0",
      "UserID": "S-1-5-18",
      "RuleName": "-",
      "UtcTime": "2025-11-12 10:05:08.577",
      "ProcessGuid": "815B870B-5BD4-6914-1607-000000000A00",
      "Image": "C:\\Users\\30250_hrfous0\\Desktop\\恶意代码教学样本-在沙盒中修改文件名\\恶意代码教学样本-在沙盒中修改文件名\\@WanaDecryptor@.exe",
      "FileVersion": "6.1.7600.16385 (win7_rtm.090713-1255)",
      "Description": "Load PerfMon Counters",
      "Product": "Microsoft® Windows® Operating System",
      "Company": "Microsoft Corporation",
      "OriginalFileName": "LODCTR.EXE",
      "CommandLine": "@WanaDecryptor@.exe",
      "CurrentDirectory": "C:\\Users\\30250_hrfous0\\Desktop\\恶意代码教学样本-在沙盒中修改文件名\\恶意代码教学样本-在沙盒中修改文件名\\",
      "User": "DESKTOP-VGNH0Q0\\30250_hrfous0",
      "LogonGuid": "815B870B-2E47-6913-46C0-010000000000",
      "LogonId": "0x1c046",
      "TerminalSessionId": 1,
      "IntegrityLevel": "Medium",
      "MD5": "7BF2B57F2A205768755C07F238FB32CC",
      "SHA256": "B9C5D4339809E0AD9A00D4D3DD26FDF44A32819A54ABF846BB9B560D81391C25",
      "IMPHASH": "DCAC8383CC76738EECB5756694C4AEB2",
      "Hashes": "MD5=7BF2B57F2A205768755C07F238FB32CC,SHA256=B9C5D4339809E0AD9A00D4D3DD26FDF44A32819A54ABF846BB9B560D81391C25,IMPHASH=DCAC8383CC76738EECB5756694C4AEB2",
      "ParentProcessGuid": "815B870B-564E-6914-3A06-000000000A00",
      "ParentProcessId": 11936,
      "ParentImage": "C:\\Users\\30250_hrfous0\\Desktop\\恶意代码教学样本-在沙盒中修改文件名\\恶意代码教学样本-在沙盒中修改文件名\\1-WannaCrypt0r.exe",
      "ParentCommandLine": "\"C:\\Users\\30250_hrfous0\\Desktop\\恶意代码教学样本-在沙盒中修改文件名\\恶意代码教学样本-在沙盒中修改文件名\\1-WannaCrypt0r.exe\"",
      "ParentUser": "DESKTOP-VGNH0Q0\\30250_hrfous0",
      "OriginalLogfile": "mytest1.evtx-0S8SF50D.json"
    },
    {
      "row_id": 281,
      "Provider_Name": "Microsoft-Windows-Sysmon",
      "Guid": "5770385F-C22A-43E0-BF4C-06F5698FFBD9",
      "EventID": 1,
      "Version": 5,
      "Level": 4,
      "Task": 1,
      "Opcode": 0,
      "Keywords": "0x8000000000000000",
      "SystemTime": "2025-11-12T10:05:38.622617Z",
      "EventRecordID": 17381,
      "ProcessID": 11104,
      "ThreadID": 11400,
      "Channel": "Microsoft-Windows-Sysmon/Operational",
      "Computer": "DESKTOP-VGNH0Q0",
      "UserID": "S-1-5-18",
      "RuleName": "-",
      "UtcTime": "2025-11-12 10:05:38.614",
      "ProcessGuid": "815B870B-5BF2-6914-1907-000000000A00",
      "Image": "C:\\Users\\30250_hrfous0\\Desktop\\恶意代码教学样本-在沙盒中修改文件名\\恶意代码教学样本-在沙盒中修改文件名\\@WanaDecryptor@.exe",
      "FileVersion": "6.1.7600.16385 (win7_rtm.090713-1255)",
      "Description": "Load PerfMon Counters",
      "Product": "Microsoft® Windows® Operating System",
      "Company": "Microsoft Corporation",
      "OriginalFileName": "LODCTR.EXE",
      "CommandLine": "@WanaDecryptor@.exe",
      "CurrentDirectory": "C:\\Users\\30250_hrfous0\\Desktop\\恶意代码教学样本-在沙盒中修改文件名\\恶意代码教学样本-在沙盒中修改文件名\\",
      "User": "DESKTOP-VGNH0Q0\\30250_hrfous0",
      "LogonGuid": "815B870B-2E47-6913-46C0-010000000000",
      "LogonId": "0x1c046",
      "TerminalSessionId": 1,
      "IntegrityLevel": "Medium",
      "MD5": "7BF2B57F2A205768755C07F238FB32CC",
      "SHA256": "B9C5D4339809E0AD9A00D4D3DD26FDF44A32819A54ABF846BB9B560D81391C25",
      "IMPHASH": "DCAC8383CC76738EECB5756694C4AEB2",
      "Hashes": "MD5=7BF2B57F2A205768755C07F238FB32CC,SHA256=B9C5D4339809E0AD9A00D4D3DD26FDF44A32819A54ABF846BB9B560D81391C25,IMPHASH=DCAC8383CC76738EECB5756694C4AEB2",
      "ParentProcessGuid": "815B870B-564E-6914-3A06-000000000A00",
      "ParentProcessId": 11936,
      "ParentImage": "C:\\Users\\30250_hrfous0\\Desktop\\恶意代码教学样本-在沙盒中修改文件名\\恶意代码教学样本-在沙盒中修改文件名\\1-WannaCrypt0r.exe",
      "ParentCommandLine": "\"C:\\Users\\30250_hrfous0\\Desktop\\恶意代码教学样本-在沙盒中修改文件名\\恶意代码教学样本-在沙盒中修改文件名\\1-WannaCrypt0r.exe\"",
      "ParentUser": "DESKTOP-VGNH0Q0\\30250_hrfous0",
      "OriginalLogfile": "mytest1.evtx-0S8SF50D.json"
    },
    {
      "row_id": 283,
      "Provider_Name": "Microsoft-Windows-Sysmon",
      "Guid": "5770385F-C22A-43E0-BF4C-06F5698FFBD9",
      "EventID": 1,
      "Version": 5,
      "Level": 4,
      "Task": 1,
      "Opcode": 0,
      "Keywords": "0x8000000000000000",
      "SystemTime": "2025-11-12T10:06:08.646032Z",
      "EventRecordID": 17385,
      "ProcessID": 11104,
      "ThreadID": 11400,
      "Channel": "Microsoft-Windows-Sysmon/Operational",
      "Computer": "DESKTOP-VGNH0Q0",
      "UserID": "S-1-5-18",
      "RuleName": "-",
      "UtcTime": "2025-11-12 10:06:08.643",
      "ProcessGuid": "815B870B-5C10-6914-1C07-000000000A00",
      "Image": "C:\\Users\\30250_hrfous0\\Desktop\\恶意代码教学样本-在沙盒中修改文件名\\恶意代码教学样本-在沙盒中修改文件名\\@WanaDecryptor@.exe",
      "FileVersion": "6.1.7600.16385 (win7_rtm.090713-1255)",
      "Description": "Load PerfMon Counters",
      "Product": "Microsoft® Windows® Operating System",
      "Company": "Microsoft Corporation",
      "OriginalFileName": "LODCTR.EXE",
      "CommandLine": "@WanaDecryptor@.exe",
      "CurrentDirectory": "C:\\Users\\30250_hrfous0\\Desktop\\恶意代码教学样本-在沙盒中修改文件名\\恶意代码教学样本-在沙盒中修改文件名\\",
      "User": "DESKTOP-VGNH0Q0\\30250_hrfous0",
      "LogonGuid": "815B870B-2E47-6913-46C0-010000000000",
      "LogonId": "0x1c046",
      "TerminalSessionId": 1,
      "IntegrityLevel": "Medium",
      "MD5": "7BF2B57F2A205768755C07F238FB32CC",
      "SHA256": "B9C5D4339809E0AD9A00D4D3DD26FDF44A32819A54ABF846BB9B560D81391C25",
      "IMPHASH": "DCAC8383CC76738EECB5756694C4AEB2",
      "Hashes": "MD5=7BF2B57F2A205768755C07F238FB32CC,SHA256=B9C5D4339809E0AD9A00D4D3DD26FDF44A32819A54ABF846BB9B560D81391C25,IMPHASH=DCAC8383CC76738EECB5756694C4AEB2",
      "ParentProcessGuid": "815B870B-564E-6914-3A06-000000000A00",
      "ParentProcessId": 11936,
      "ParentImage": "C:\\Users\\30250_hrfous0\\Desktop\\恶意代码教学样本-在沙盒中修改文件名\\恶意代码教学样本-在沙盒中修改文件名\\1-WannaCrypt0r.exe",
      "ParentCommandLine": "\"C:\\Users\\30250_hrfous0\\Desktop\\恶意代码教学样本-在沙盒中修改文件名\\恶意代码教学样本-在沙盒中修改文件名\\1-WannaCrypt0r.exe\"",
      "ParentUser": "DESKTOP-VGNH0Q0\\30250_hrfous0",
      "OriginalLogfile": "mytest1.evtx-0S8SF50D.json"
    },
    {
      "row_id": 285,
      "Provider_Name": "Microsoft-Windows-Sysmon",
      "Guid": "5770385F-C22A-43E0-BF4C-06F5698FFBD9",
      "EventID": 1,
      "Version": 5,
      "Level": 4,
      "Task": 1,
      "Opcode": 0,
      "Keywords": "0x8000000000000000",
      "SystemTime": "2025-11-12T10:06:38.671752Z",
      "EventRecordID": 17389,
      "ProcessID": 11104,
      "ThreadID": 11400,
      "Channel": "Microsoft-Windows-Sysmon/Operational",
      "Computer": "DESKTOP-VGNH0Q0",
      "UserID": "S-1-5-18",
      "RuleName": "-",
      "UtcTime": "2025-11-12 10:06:38.668",
      "ProcessGuid": "815B870B-5C2E-6914-1E07-000000000A00",
      "Image": "C:\\Users\\30250_hrfous0\\Desktop\\恶意代码教学样本-在沙盒中修改文件名\\恶意代码教学样本-在沙盒中修改文件名\\@WanaDecryptor@.exe",
      "FileVersion": "6.1.7600.16385 (win7_rtm.090713-1255)",
      "Description": "Load PerfMon Counters",
      "Product": "Microsoft® Windows® Operating System",
      "Company": "Microsoft Corporation",
      "OriginalFileName": "LODCTR.EXE",
      "CommandLine": "@WanaDecryptor@.exe",
      "CurrentDirectory": "C:\\Users\\30250_hrfous0\\Desktop\\恶意代码教学样本-在沙盒中修改文件名\\恶意代码教学样本-在沙盒中修改文件名\\",
      "User": "DESKTOP-VGNH0Q0\\30250_hrfous0",
      "LogonGuid": "815B870B-2E47-6913-46C0-010000000000",
      "LogonId": "0x1c046",
      "TerminalSessionId": 1,
      "IntegrityLevel": "Medium",
      "MD5": "7BF2B57F2A205768755C07F238FB32CC",
      "SHA256": "B9C5D4339809E0AD9A00D4D3DD26FDF44A32819A54ABF846BB9B560D81391C25",
      "IMPHASH": "DCAC8383CC76738EECB5756694C4AEB2",
      "Hashes": "MD5=7BF2B57F2A205768755C07F238FB32CC,SHA256=B9C5D4339809E0AD9A00D4D3DD26FDF44A32819A54ABF846BB9B560D81391C25,IMPHASH=DCAC8383CC76738EECB5756694C4AEB2",
      "ParentProcessGuid": "815B870B-564E-6914-3A06-000000000A00",
      "ParentProcessId": 11936,
      "ParentImage": "C:\\Users\\30250_hrfous0\\Desktop\\恶意代码教学样本-在沙盒中修改文件名\\恶意代码教学样本-在沙盒中修改文件名\\1-WannaCrypt0r.exe",
      "ParentCommandLine": "\"C:\\Users\\30250_hrfous0\\Desktop\\恶意代码教学样本-在沙盒中修改文件名\\恶意代码教学样本-在沙盒中修改文件名\\1-WannaCrypt0r.exe\"",
      "ParentUser": "DESKTOP-VGNH0Q0\\30250_hrfous0",
      "OriginalLogfile": "mytest1.evtx-0S8SF50D.json"
    },
    {
      "row_id": 298,
      "Provider_Name": "Microsoft-Windows-Sysmon",
      "Guid": "5770385F-C22A-43E0-BF4C-06F5698FFBD9",
      "EventID": 1,
      "Version": 5,
      "Level": 4,
      "Task": 1,
      "Opcode": 0,
      "Keywords": "0x8000000000000000",
      "SystemTime": "2025-11-12T10:07:08.683407Z",
      "EventRecordID": 17414,
      "ProcessID": 11104,
      "ThreadID": 11400,
      "Channel": "Microsoft-Windows-Sysmon/Operational",
      "Computer": "DESKTOP-VGNH0Q0",
      "UserID": "S-1-5-18",
      "RuleName": "-",
      "UtcTime": "2025-11-12 10:07:08.679",
      "ProcessGuid": "815B870B-5C4C-6914-2C07-000000000A00",
      "Image": "C:\\Users\\30250_hrfous0\\Desktop\\恶意代码教学样本-在沙盒中修改文件名\\恶意代码教学样本-在沙盒中修改文件名\\@WanaDecryptor@.exe",
      "FileVersion": "6.1.7600.16385 (win7_rtm.090713-1255)",
      "Description": "Load PerfMon Counters",
      "Product": "Microsoft® Windows® Operating System",
      "Company": "Microsoft Corporation",
      "OriginalFileName": "LODCTR.EXE",
      "CommandLine": "@WanaDecryptor@.exe",
      "CurrentDirectory": "C:\\Users\\30250_hrfous0\\Desktop\\恶意代码教学样本-在沙盒中修改文件名\\恶意代码教学样本-在沙盒中修改文件名\\",
      "User": "DESKTOP-VGNH0Q0\\30250_hrfous0",
      "LogonGuid": "815B870B-2E47-6913-46C0-010000000000",
      "LogonId": "0x1c046",
      "TerminalSessionId": 1,
      "IntegrityLevel": "Medium",
      "MD5": "7BF2B57F2A205768755C07F238FB32CC",
      "SHA256": "B9C5D4339809E0AD9A00D4D3DD26FDF44A32819A54ABF846BB9B560D81391C25",
      "IMPHASH": "DCAC8383CC76738EECB5756694C4AEB2",
      "Hashes": "MD5=7BF2B57F2A205768755C07F238FB32CC,SHA256=B9C5D4339809E0AD9A00D4D3DD26FDF44A32819A54ABF846BB9B560D81391C25,IMPHASH=DCAC8383CC76738EECB5756694C4AEB2",
      "ParentProcessGuid": "815B870B-564E-6914-3A06-000000000A00",
      "ParentProcessId": 11936,
      "ParentImage": "C:\\Users\\30250_hrfous0\\Desktop\\恶意代码教学样本-在沙盒中修改文件名\\恶意代码教学样本-在沙盒中修改文件名\\1-WannaCrypt0r.exe",
      "ParentCommandLine": "\"C:\\Users\\30250_hrfous0\\Desktop\\恶意代码教学样本-在沙盒中修改文件名\\恶意代码教学样本-在沙盒中修改文件名\\1-WannaCrypt0r.exe\"",
      "ParentUser": "DESKTOP-VGNH0Q0\\30250_hrfous0",
      "OriginalLogfile": "mytest1.evtx-0S8SF50D.json"
    },
    {
      "row_id": 300,
      "Provider_Name": "Microsoft-Windows-Sysmon",
      "Guid": "5770385F-C22A-43E0-BF4C-06F5698FFBD9",
      "EventID": 1,
      "Version": 5,
      "Level": 4,
      "Task": 1,
      "Opcode": 0,
      "Keywords": "0x8000000000000000",
      "SystemTime": "2025-11-12T10:07:38.695782Z",
      "EventRecordID": 17418,
      "ProcessID": 11104,
      "ThreadID": 11400,
      "Channel": "Microsoft-Windows-Sysmon/Operational",
      "Computer": "DESKTOP-VGNH0Q0",
      "UserID": "S-1-5-18",
      "RuleName": "-",
      "UtcTime": "2025-11-12 10:07:38.693",
      "ProcessGuid": "815B870B-5C6A-6914-2E07-000000000A00",
      "Image": "C:\\Users\\30250_hrfous0\\Desktop\\恶意代码教学样本-在沙盒中修改文件名\\恶意代码教学样本-在沙盒中修改文件名\\@WanaDecryptor@.exe",
      "FileVersion": "6.1.7600.16385 (win7_rtm.090713-1255)",
      "Description": "Load PerfMon Counters",
      "Product": "Microsoft® Windows® Operating System",
      "Company": "Microsoft Corporation",
      "OriginalFileName": "LODCTR.EXE",
      "CommandLine": "@WanaDecryptor@.exe",
      "CurrentDirectory": "C:\\Users\\30250_hrfous0\\Desktop\\恶意代码教学样本-在沙盒中修改文件名\\恶意代码教学样本-在沙盒中修改文件名\\",
      "User": "DESKTOP-VGNH0Q0\\30250_hrfous0",
      "LogonGuid": "815B870B-2E47-6913-46C0-010000000000",
      "LogonId": "0x1c046",
      "TerminalSessionId": 1,
      "IntegrityLevel": "Medium",
      "MD5": "7BF2B57F2A205768755C07F238FB32CC",
      "SHA256": "B9C5D4339809E0AD9A00D4D3DD26FDF44A32819A54ABF846BB9B560D81391C25",
      "IMPHASH": "DCAC8383CC76738EECB5756694C4AEB2",
      "Hashes": "MD5=7BF2B57F2A205768755C07F238FB32CC,SHA256=B9C5D4339809E0AD9A00D4D3DD26FDF44A32819A54ABF846BB9B560D81391C25,IMPHASH=DCAC8383CC76738EECB5756694C4AEB2",
      "ParentProcessGuid": "815B870B-564E-6914-3A06-000000000A00",
      "ParentProcessId": 11936,
      "ParentImage": "C:\\Users\\30250_hrfous0\\Desktop\\恶意代码教学样本-在沙盒中修改文件名\\恶意代码教学样本-在沙盒中修改文件名\\1-WannaCrypt0r.exe",
      "ParentCommandLine": "\"C:\\Users\\30250_hrfous0\\Desktop\\恶意代码教学样本-在沙盒中修改文件名\\恶意代码教学样本-在沙盒中修改文件名\\1-WannaCrypt0r.exe\"",
      "ParentUser": "DESKTOP-VGNH0Q0\\30250_hrfous0",
      "OriginalLogfile": "mytest1.evtx-0S8SF50D.json"
    },
    {
      "row_id": 302,
      "Provider_Name": "Microsoft-Windows-Sysmon",
      "Guid": "5770385F-C22A-43E0-BF4C-06F5698FFBD9",
      "EventID": 1,
      "Version": 5,
      "Level": 4,
      "Task": 1,
      "Opcode": 0,
      "Keywords": "0x8000000000000000",
      "SystemTime": "2025-11-12T10:08:08.715375Z",
      "EventRecordID": 17423,
      "ProcessID": 11104,
      "ThreadID": 11400,
      "Channel": "Microsoft-Windows-Sysmon/Operational",
      "Computer": "DESKTOP-VGNH0Q0",
      "UserID": "S-1-5-18",
      "RuleName": "-",
      "UtcTime": "2025-11-12 10:08:08.707",
      "ProcessGuid": "815B870B-5C88-6914-3007-000000000A00",
      "Image": "C:\\Users\\30250_hrfous0\\Desktop\\恶意代码教学样本-在沙盒中修改文件名\\恶意代码教学样本-在沙盒中修改文件名\\@WanaDecryptor@.exe",
      "FileVersion": "6.1.7600.16385 (win7_rtm.090713-1255)",
      "Description": "Load PerfMon Counters",
      "Product": "Microsoft® Windows® Operating System",
      "Company": "Microsoft Corporation",
      "OriginalFileName": "LODCTR.EXE",
      "CommandLine": "@WanaDecryptor@.exe",
      "CurrentDirectory": "C:\\Users\\30250_hrfous0\\Desktop\\恶意代码教学样本-在沙盒中修改文件名\\恶意代码教学样本-在沙盒中修改文件名\\",
      "User": "DESKTOP-VGNH0Q0\\30250_hrfous0",
      "LogonGuid": "815B870B-2E47-6913-46C0-010000000000",
      "LogonId": "0x1c046",
      "TerminalSessionId": 1,
      "IntegrityLevel": "Medium",
      "MD5": "7BF2B57F2A205768755C07F238FB32CC",
      "SHA256": "B9C5D4339809E0AD9A00D4D3DD26FDF44A32819A54ABF846BB9B560D81391C25",
      "IMPHASH": "DCAC8383CC76738EECB5756694C4AEB2",
      "Hashes": "MD5=7BF2B57F2A205768755C07F238FB32CC,SHA256=B9C5D4339809E0AD9A00D4D3DD26FDF44A32819A54ABF846BB9B560D81391C25,IMPHASH=DCAC8383CC76738EECB5756694C4AEB2",
      "ParentProcessGuid": "815B870B-564E-6914-3A06-000000000A00",
      "ParentProcessId": 11936,
      "ParentImage": "C:\\Users\\30250_hrfous0\\Desktop\\恶意代码教学样本-在沙盒中修改文件名\\恶意代码教学样本-在沙盒中修改文件名\\1-WannaCrypt0r.exe",
      "ParentCommandLine": "\"C:\\Users\\30250_hrfous0\\Desktop\\恶意代码教学样本-在沙盒中修改文件名\\恶意代码教学样本-在沙盒中修改文件名\\1-WannaCrypt0r.exe\"",
      "ParentUser": "DESKTOP-VGNH0Q0\\30250_hrfous0",
      "OriginalLogfile": "mytest1.evtx-0S8SF50D.json"
    },
    {
      "row_id": 304,
      "Provider_Name": "Microsoft-Windows-Sysmon",
      "Guid": "5770385F-C22A-43E0-BF4C-06F5698FFBD9",
      "EventID": 1,
      "Version": 5,
      "Level": 4,
      "Task": 1,
      "Opcode": 0,
      "Keywords": "0x8000000000000000",
      "SystemTime": "2025-11-12T10:08:38.738487Z",
      "EventRecordID": 17429,
      "ProcessID": 11104,
      "ThreadID": 11400,
      "Channel": "Microsoft-Windows-Sysmon/Operational",
      "Computer": "DESKTOP-VGNH0Q0",
      "UserID": "S-1-5-18",
      "RuleName": "-",
      "UtcTime": "2025-11-12 10:08:38.736",
      "ProcessGuid": "815B870B-5CA6-6914-3307-000000000A00",
      "Image": "C:\\Users\\30250_hrfous0\\Desktop\\恶意代码教学样本-在沙盒中修改文件名\\恶意代码教学样本-在沙盒中修改文件名\\@WanaDecryptor@.exe",
      "FileVersion": "6.1.7600.16385 (win7_rtm.090713-1255)",
      "Description": "Load PerfMon Counters",
      "Product": "Microsoft® Windows® Operating System",
      "Company": "Microsoft Corporation",
      "OriginalFileName": "LODCTR.EXE",
      "CommandLine": "@WanaDecryptor@.exe",
      "CurrentDirectory": "C:\\Users\\30250_hrfous0\\Desktop\\恶意代码教学样本-在沙盒中修改文件名\\恶意代码教学样本-在沙盒中修改文件名\\",
      "User": "DESKTOP-VGNH0Q0\\30250_hrfous0",
      "LogonGuid": "815B870B-2E47-6913-46C0-010000000000",
      "LogonId": "0x1c046",
      "TerminalSessionId": 1,
      "IntegrityLevel": "Medium",
      "MD5": "7BF2B57F2A205768755C07F238FB32CC",
      "SHA256": "B9C5D4339809E0AD9A00D4D3DD26FDF44A32819A54ABF846BB9B560D81391C25",
      "IMPHASH": "DCAC8383CC76738EECB5756694C4AEB2",
      "Hashes": "MD5=7BF2B57F2A205768755C07F238FB32CC,SHA256=B9C5D4339809E0AD9A00D4D3DD26FDF44A32819A54ABF846BB9B560D81391C25,IMPHASH=DCAC8383CC76738EECB5756694C4AEB2",
      "ParentProcessGuid": "815B870B-564E-6914-3A06-000000000A00",
      "ParentProcessId": 11936,
      "ParentImage": "C:\\Users\\30250_hrfous0\\Desktop\\恶意代码教学样本-在沙盒中修改文件名\\恶意代码教学样本-在沙盒中修改文件名\\1-WannaCrypt0r.exe",
      "ParentCommandLine": "\"C:\\Users\\30250_hrfous0\\Desktop\\恶意代码教学样本-在沙盒中修改文件名\\恶意代码教学样本-在沙盒中修改文件名\\1-WannaCrypt0r.exe\"",
      "ParentUser": "DESKTOP-VGNH0Q0\\30250_hrfous0",
      "OriginalLogfile": "mytest1.evtx-0S8SF50D.json"
    },
    {
      "row_id": 306,
      "Provider_Name": "Microsoft-Windows-Sysmon",
      "Guid": "5770385F-C22A-43E0-BF4C-06F5698FFBD9",
      "EventID": 1,
      "Version": 5,
      "Level": 4,
      "Task": 1,
      "Opcode": 0,
      "Keywords": "0x8000000000000000",
      "SystemTime": "2025-11-12T10:09:08.751527Z",
      "EventRecordID": 17434,
      "ProcessID": 11104,
      "ThreadID": 11400,
      "Channel": "Microsoft-Windows-Sysmon/Operational",
      "Computer": "DESKTOP-VGNH0Q0",
      "UserID": "S-1-5-18",
      "RuleName": "-",
      "UtcTime": "2025-11-12 10:09:08.748",
      "ProcessGuid": "815B870B-5CC4-6914-3507-000000000A00",
      "Image": "C:\\Users\\30250_hrfous0\\Desktop\\恶意代码教学样本-在沙盒中修改文件名\\恶意代码教学样本-在沙盒中修改文件名\\@WanaDecryptor@.exe",
      "FileVersion": "6.1.7600.16385 (win7_rtm.090713-1255)",
      "Description": "Load PerfMon Counters",
      "Product": "Microsoft® Windows® Operating System",
      "Company": "Microsoft Corporation",
      "OriginalFileName": "LODCTR.EXE",
      "CommandLine": "@WanaDecryptor@.exe",
      "CurrentDirectory": "C:\\Users\\30250_hrfous0\\Desktop\\恶意代码教学样本-在沙盒中修改文件名\\恶意代码教学样本-在沙盒中修改文件名\\",
      "User": "DESKTOP-VGNH0Q0\\30250_hrfous0",
      "LogonGuid": "815B870B-2E47-6913-46C0-010000000000",
      "LogonId": "0x1c046",
      "TerminalSessionId": 1,
      "IntegrityLevel": "Medium",
      "MD5": "7BF2B57F2A205768755C07F238FB32CC",
      "SHA256": "B9C5D4339809E0AD9A00D4D3DD26FDF44A32819A54ABF846BB9B560D81391C25",
      "IMPHASH": "DCAC8383CC76738EECB5756694C4AEB2",
      "Hashes": "MD5=7BF2B57F2A205768755C07F238FB32CC,SHA256=B9C5D4339809E0AD9A00D4D3DD26FDF44A32819A54ABF846BB9B560D81391C25,IMPHASH=DCAC8383CC76738EECB5756694C4AEB2",
      "ParentProcessGuid": "815B870B-564E-6914-3A06-000000000A00",
      "ParentProcessId": 11936,
      "ParentImage": "C:\\Users\\30250_hrfous0\\Desktop\\恶意代码教学样本-在沙盒中修改文件名\\恶意代码教学样本-在沙盒中修改文件名\\1-WannaCrypt0r.exe",
      "ParentCommandLine": "\"C:\\Users\\30250_hrfous0\\Desktop\\恶意代码教学样本-在沙盒中修改文件名\\恶意代码教学样本-在沙盒中修改文件名\\1-WannaCrypt0r.exe\"",
      "ParentUser": "DESKTOP-VGNH0Q0\\30250_hrfous0",
      "OriginalLogfile": "mytest1.evtx-0S8SF50D.json"
    },
    {
      "row_id": 308,
      "Provider_Name": "Microsoft-Windows-Sysmon",
      "Guid": "5770385F-C22A-43E0-BF4C-06F5698FFBD9",
      "EventID": 1,
      "Version": 5,
      "Level": 4,
      "Task": 1,
      "Opcode": 0,
      "Keywords": "0x8000000000000000",
      "SystemTime": "2025-11-12T10:09:38.777644Z",
      "EventRecordID": 17438,
      "ProcessID": 11104,
      "ThreadID": 11400,
      "Channel": "Microsoft-Windows-Sysmon/Operational",
      "Computer": "DESKTOP-VGNH0Q0",
      "UserID": "S-1-5-18",
      "RuleName": "-",
      "UtcTime": "2025-11-12 10:09:38.768",
      "ProcessGuid": "815B870B-5CE2-6914-3707-000000000A00",
      "Image": "C:\\Users\\30250_hrfous0\\Desktop\\恶意代码教学样本-在沙盒中修改文件名\\恶意代码教学样本-在沙盒中修改文件名\\@WanaDecryptor@.exe",
      "FileVersion": "6.1.7600.16385 (win7_rtm.090713-1255)",
      "Description": "Load PerfMon Counters",
      "Product": "Microsoft® Windows® Operating System",
      "Company": "Microsoft Corporation",
      "OriginalFileName": "LODCTR.EXE",
      "CommandLine": "@WanaDecryptor@.exe",
      "CurrentDirectory": "C:\\Users\\30250_hrfous0\\Desktop\\恶意代码教学样本-在沙盒中修改文件名\\恶意代码教学样本-在沙盒中修改文件名\\",
      "User": "DESKTOP-VGNH0Q0\\30250_hrfous0",
      "LogonGuid": "815B870B-2E47-6913-46C0-010000000000",
      "LogonId": "0x1c046",
      "TerminalSessionId": 1,
      "IntegrityLevel": "Medium",
      "MD5": "7BF2B57F2A205768755C07F238FB32CC",
      "SHA256": "B9C5D4339809E0AD9A00D4D3DD26FDF44A32819A54ABF846BB9B560D81391C25",
      "IMPHASH": "DCAC8383CC76738EECB5756694C4AEB2",
      "Hashes": "MD5=7BF2B57F2A205768755C07F238FB32CC,SHA256=B9C5D4339809E0AD9A00D4D3DD26FDF44A32819A54ABF846BB9B560D81391C25,IMPHASH=DCAC8383CC76738EECB5756694C4AEB2",
      "ParentProcessGuid": "815B870B-564E-6914-3A06-000000000A00",
      "ParentProcessId": 11936,
      "ParentImage": "C:\\Users\\30250_hrfous0\\Desktop\\恶意代码教学样本-在沙盒中修改文件名\\恶意代码教学样本-在沙盒中修改文件名\\1-WannaCrypt0r.exe",
      "ParentCommandLine": "\"C:\\Users\\30250_hrfous0\\Desktop\\恶意代码教学样本-在沙盒中修改文件名\\恶意代码教学样本-在沙盒中修改文件名\\1-WannaCrypt0r.exe\"",
      "ParentUser": "DESKTOP-VGNH0Q0\\30250_hrfous0",
      "OriginalLogfile": "mytest1.evtx-0S8SF50D.json"
    },
    {
      "row_id": 310,
      "Provider_Name": "Microsoft-Windows-Sysmon",
      "Guid": "5770385F-C22A-43E0-BF4C-06F5698FFBD9",
      "EventID": 1,
      "Version": 5,
      "Level": 4,
      "Task": 1,
      "Opcode": 0,
      "Keywords": "0x8000000000000000",
      "SystemTime": "2025-11-12T10:10:08.816916Z",
      "EventRecordID": 17442,
      "ProcessID": 11104,
      "ThreadID": 11400,
      "Channel": "Microsoft-Windows-Sysmon/Operational",
      "Computer": "DESKTOP-VGNH0Q0",
      "UserID": "S-1-5-18",
      "RuleName": "-",
      "UtcTime": "2025-11-12 10:10:08.806",
      "ProcessGuid": "815B870B-5D00-6914-3907-000000000A00",
      "Image": "C:\\Users\\30250_hrfous0\\Desktop\\恶意代码教学样本-在沙盒中修改文件名\\恶意代码教学样本-在沙盒中修改文件名\\@WanaDecryptor@.exe",
      "FileVersion": "6.1.7600.16385 (win7_rtm.090713-1255)",
      "Description": "Load PerfMon Counters",
      "Product": "Microsoft® Windows® Operating System",
      "Company": "Microsoft Corporation",
      "OriginalFileName": "LODCTR.EXE",
      "CommandLine": "@WanaDecryptor@.exe",
      "CurrentDirectory": "C:\\Users\\30250_hrfous0\\Desktop\\恶意代码教学样本-在沙盒中修改文件名\\恶意代码教学样本-在沙盒中修改文件名\\",
      "User": "DESKTOP-VGNH0Q0\\30250_hrfous0",
      "LogonGuid": "815B870B-2E47-6913-46C0-010000000000",
      "LogonId": "0x1c046",
      "TerminalSessionId": 1,
      "IntegrityLevel": "Medium",
      "MD5": "7BF2B57F2A205768755C07F238FB32CC",
      "SHA256": "B9C5D4339809E0AD9A00D4D3DD26FDF44A32819A54ABF846BB9B560D81391C25",
      "IMPHASH": "DCAC8383CC76738EECB5756694C4AEB2",
      "Hashes": "MD5=7BF2B57F2A205768755C07F238FB32CC,SHA256=B9C5D4339809E0AD9A00D4D3DD26FDF44A32819A54ABF846BB9B560D81391C25,IMPHASH=DCAC8383CC76738EECB5756694C4AEB2",
      "ParentProcessGuid": "815B870B-564E-6914-3A06-000000000A00",
      "ParentProcessId": 11936,
      "ParentImage": "C:\\Users\\30250_hrfous0\\Desktop\\恶意代码教学样本-在沙盒中修改文件名\\恶意代码教学样本-在沙盒中修改文件名\\1-WannaCrypt0r.exe",
      "ParentCommandLine": "\"C:\\Users\\30250_hrfous0\\Desktop\\恶意代码教学样本-在沙盒中修改文件名\\恶意代码教学样本-在沙盒中修改文件名\\1-WannaCrypt0r.exe\"",
      "ParentUser": "DESKTOP-VGNH0Q0\\30250_hrfous0",
      "OriginalLogfile": "mytest1.evtx-0S8SF50D.json"
    },
    {
      "row_id": 313,
      "Provider_Name": "Microsoft-Windows-Sysmon",
      "Guid": "5770385F-C22A-43E0-BF4C-06F5698FFBD9",
      "EventID": 1,
      "Version": 5,
      "Level": 4,
      "Task": 1,
      "Opcode": 0,
      "Keywords": "0x8000000000000000",
      "SystemTime": "2025-11-12T10:10:38.833061Z",
      "EventRecordID": 17447,
      "ProcessID": 11104,
      "ThreadID": 11400,
      "Channel": "Microsoft-Windows-Sysmon/Operational",
      "Computer": "DESKTOP-VGNH0Q0",
      "UserID": "S-1-5-18",
      "RuleName": "-",
      "UtcTime": "2025-11-12 10:10:38.829",
      "ProcessGuid": "815B870B-5D1E-6914-3C07-000000000A00",
      "Image": "C:\\Users\\30250_hrfous0\\Desktop\\恶意代码教学样本-在沙盒中修改文件名\\恶意代码教学样本-在沙盒中修改文件名\\@WanaDecryptor@.exe",
      "FileVersion": "6.1.7600.16385 (win7_rtm.090713-1255)",
      "Description": "Load PerfMon Counters",
      "Product": "Microsoft® Windows® Operating System",
      "Company": "Microsoft Corporation",
      "OriginalFileName": "LODCTR.EXE",
      "CommandLine": "@WanaDecryptor@.exe",
      "CurrentDirectory": "C:\\Users\\30250_hrfous0\\Desktop\\恶意代码教学样本-在沙盒中修改文件名\\恶意代码教学样本-在沙盒中修改文件名\\",
      "User": "DESKTOP-VGNH0Q0\\30250_hrfous0",
      "LogonGuid": "815B870B-2E47-6913-46C0-010000000000",
      "LogonId": "0x1c046",
      "TerminalSessionId": 1,
      "IntegrityLevel": "Medium",
      "MD5": "7BF2B57F2A205768755C07F238FB32CC",
      "SHA256": "B9C5D4339809E0AD9A00D4D3DD26FDF44A32819A54ABF846BB9B560D81391C25",
      "IMPHASH": "DCAC8383CC76738EECB5756694C4AEB2",
      "Hashes": "MD5=7BF2B57F2A205768755C07F238FB32CC,SHA256=B9C5D4339809E0AD9A00D4D3DD26FDF44A32819A54ABF846BB9B560D81391C25,IMPHASH=DCAC8383CC76738EECB5756694C4AEB2",
      "ParentProcessGuid": "815B870B-564E-6914-3A06-000000000A00",
      "ParentProcessId": 11936,
      "ParentImage": "C:\\Users\\30250_hrfous0\\Desktop\\恶意代码教学样本-在沙盒中修改文件名\\恶意代码教学样本-在沙盒中修改文件名\\1-WannaCrypt0r.exe",
      "ParentCommandLine": "\"C:\\Users\\30250_hrfous0\\Desktop\\恶意代码教学样本-在沙盒中修改文件名\\恶意代码教学样本-在沙盒中修改文件名\\1-WannaCrypt0r.exe\"",
      "ParentUser": "DESKTOP-VGNH0Q0\\30250_hrfous0",
      "OriginalLogfile": "mytest1.evtx-0S8SF50D.json"
    },
    {
      "row_id": 315,
      "Provider_Name": "Microsoft-Windows-Sysmon",
      "Guid": "5770385F-C22A-43E0-BF4C-06F5698FFBD9",
      "EventID": 1,
      "Version": 5,
      "Level": 4,
      "Task": 1,
      "Opcode": 0,
      "Keywords": "0x8000000000000000",
      "SystemTime": "2025-11-12T10:11:08.856347Z",
      "EventRecordID": 17451,
      "ProcessID": 11104,
      "ThreadID": 11400,
      "Channel": "Microsoft-Windows-Sysmon/Operational",
      "Computer": "DESKTOP-VGNH0Q0",
      "UserID": "S-1-5-18",
      "RuleName": "-",
      "UtcTime": "2025-11-12 10:11:08.852",
      "ProcessGuid": "815B870B-5D3C-6914-3F07-000000000A00",
      "Image": "C:\\Users\\30250_hrfous0\\Desktop\\恶意代码教学样本-在沙盒中修改文件名\\恶意代码教学样本-在沙盒中修改文件名\\@WanaDecryptor@.exe",
      "FileVersion": "6.1.7600.16385 (win7_rtm.090713-1255)",
      "Description": "Load PerfMon Counters",
      "Product": "Microsoft® Windows® Operating System",
      "Company": "Microsoft Corporation",
      "OriginalFileName": "LODCTR.EXE",
      "CommandLine": "@WanaDecryptor@.exe",
      "CurrentDirectory": "C:\\Users\\30250_hrfous0\\Desktop\\恶意代码教学样本-在沙盒中修改文件名\\恶意代码教学样本-在沙盒中修改文件名\\",
      "User": "DESKTOP-VGNH0Q0\\30250_hrfous0",
      "LogonGuid": "815B870B-2E47-6913-46C0-010000000000",
      "LogonId": "0x1c046",
      "TerminalSessionId": 1,
      "IntegrityLevel": "Medium",
      "MD5": "7BF2B57F2A205768755C07F238FB32CC",
      "SHA256": "B9C5D4339809E0AD9A00D4D3DD26FDF44A32819A54ABF846BB9B560D81391C25",
      "IMPHASH": "DCAC8383CC76738EECB5756694C4AEB2",
      "Hashes": "MD5=7BF2B57F2A205768755C07F238FB32CC,SHA256=B9C5D4339809E0AD9A00D4D3DD26FDF44A32819A54ABF846BB9B560D81391C25,IMPHASH=DCAC8383CC76738EECB5756694C4AEB2",
      "ParentProcessGuid": "815B870B-564E-6914-3A06-000000000A00",
      "ParentProcessId": 11936,
      "ParentImage": "C:\\Users\\30250_hrfous0\\Desktop\\恶意代码教学样本-在沙盒中修改文件名\\恶意代码教学样本-在沙盒中修改文件名\\1-WannaCrypt0r.exe",
      "ParentCommandLine": "\"C:\\Users\\30250_hrfous0\\Desktop\\恶意代码教学样本-在沙盒中修改文件名\\恶意代码教学样本-在沙盒中修改文件名\\1-WannaCrypt0r.exe\"",
      "ParentUser": "DESKTOP-VGNH0Q0\\30250_hrfous0",
      "OriginalLogfile": "mytest1.evtx-0S8SF50D.json"
    }
  ]
},
