    {
      "row_id": 275,
      "Provider_Name": "Microsoft-Windows-Sysmon",
      "Guid": "5770385F-C22A-43E0-BF4C-06F5698FFBD9",
      "EventID": 1,
      "Version": 5,
      "Level": 4,
      "Task": 1,
      "Opcode": 0,
      "Keywords": "0x8000000000000000",
      "SystemTime": "2025-11-12T10:04:27.697358Z",
      "EventRecordID": 17367,
      "ProcessID": 11104,
      "ThreadID": 11400,
      "Channel": "Microsoft-Windows-Sysmon/Operational",
      "Computer": "DESKTOP-VGNH0Q0",
      "UserID": "S-1-5-18",
      "RuleName": "-",
      "UtcTime": "2025-11-12 10:04:27.694",
      "ProcessGuid": "815B870B-5BAB-6914-1207-000000000A00",
      "Image": "C:\\Users\\30250_hrfous0\\Desktop\\恶意代码教学样本-在沙盒中修改文件名\\恶意代码教学样本-在沙盒中修改文件名\\taskdl.exe",
      "FileVersion": "6.1.7600.16385 (win7_rtm.090713-1255)",
      "Description": "SQL Client Configuration Utility EXE",
      "Product": "Microsoft® Windows® Operating System",
      "Company": "Microsoft Corporation",
      "OriginalFileName": "cliconfg.exe",
      "CommandLine": "taskdl.exe",
      "CurrentDirectory": "C:\\Users\\30250_hrfous0\\Desktop\\恶意代码教学样本-在沙盒中修改文件名\\恶意代码教学样本-在沙盒中修改文件名\\",
      "User": "DESKTOP-VGNH0Q0\\30250_hrfous0",
      "LogonGuid": "815B870B-2E47-6913-46C0-010000000000",
      "LogonId": "0x1c046",
      "TerminalSessionId": 1,
      "IntegrityLevel": "Medium",
      "MD5": "4FEF5E34143E646DBF9907C4374276F5",
      "SHA256": "4A468603FDCB7A2EB5770705898CF9EF37AADE532A7964642ECD705A74794B79",
      "IMPHASH": "818097ACF11D6A2AC55031896B50D98C",
      "Hashes": "MD5=4FEF5E34143E646DBF9907C4374276F5,SHA256=4A468603FDCB7A2EB5770705898CF9EF37AADE532A7964642ECD705A74794B79,IMPHASH=818097ACF11D6A2AC55031896B50D98C",
      "ParentProcessGuid": "815B870B-564E-6914-3A06-000000000A00",
      "ParentProcessId": 11936,
      "ParentImage": "C:\\Users\\30250_hrfous0\\Desktop\\恶意代码教学样本-在沙盒中修改文件名\\恶意代码教学样本-在沙盒中修改文件名\\1-WannaCrypt0r.exe",
      "ParentCommandLine": "\"C:\\Users\\30250_hrfous0\\Desktop\\恶意代码教学样本-在沙盒中修改文件名\\恶意代码教学样本-在沙盒中修改文件名\\1-WannaCrypt0r.exe\"",
      "ParentUser": "DESKTOP-VGNH0Q0\\30250_hrfous0",
      "OriginalLogfile": "mytest1.evtx-0S8SF50D.json"
    },
    {
      "row_id": 277,
      "Provider_Name": "Microsoft-Windows-Sysmon",
      "Guid": "5770385F-C22A-43E0-BF4C-06F5698FFBD9",
      "EventID": 1,
      "Version": 5,
      "Level": 4,
      "Task": 1,
      "Opcode": 0,
      "Keywords": "0x8000000000000000",
      "SystemTime": "2025-11-12T10:04:57.795227Z",
      "EventRecordID": 17374,
      "ProcessID": 11104,
      "ThreadID": 11400,
      "Channel": "Microsoft-Windows-Sysmon/Operational",
      "Computer": "DESKTOP-VGNH0Q0",
      "UserID": "S-1-5-18",
      "RuleName": "-",
      "UtcTime": "2025-11-12 10:04:57.789",
      "ProcessGuid": "815B870B-5BC9-6914-1507-000000000A00",
      "Image": "C:\\Users\\30250_hrfous0\\Desktop\\恶意代码教学样本-在沙盒中修改文件名\\恶意代码教学样本-在沙盒中修改文件名\\taskdl.exe",
      "FileVersion": "6.1.7600.16385 (win7_rtm.090713-1255)",
      "Description": "SQL Client Configuration Utility EXE",
      "Product": "Microsoft® Windows® Operating System",
      "Company": "Microsoft Corporation",
      "OriginalFileName": "cliconfg.exe",
      "CommandLine": "taskdl.exe",
      "CurrentDirectory": "C:\\Users\\30250_hrfous0\\Desktop\\恶意代码教学样本-在沙盒中修改文件名\\恶意代码教学样本-在沙盒中修改文件名\\",
      "User": "DESKTOP-VGNH0Q0\\30250_hrfous0",
      "LogonGuid": "815B870B-2E47-6913-46C0-010000000000",
      "LogonId": "0x1c046",
      "TerminalSessionId": 1,
      "IntegrityLevel": "Medium",
      "MD5": "4FEF5E34143E646DBF9907C4374276F5",
      "SHA256": "4A468603FDCB7A2EB5770705898CF9EF37AADE532A7964642ECD705A74794B79",
      "IMPHASH": "818097ACF11D6A2AC55031896B50D98C",
      "Hashes": "MD5=4FEF5E34143E646DBF9907C4374276F5,SHA256=4A468603FDCB7A2EB5770705898CF9EF37AADE532A7964642ECD705A74794B79,IMPHASH=818097ACF11D6A2AC55031896B50D98C",
      "ParentProcessGuid": "815B870B-564E-6914-3A06-000000000A00",
      "ParentProcessId": 11936,
      "ParentImage": "C:\\Users\\30250_hrfous0\\Desktop\\恶意代码教学样本-在沙盒中修改文件名\\恶意代码教学样本-在沙盒中修改文件名\\1-WannaCrypt0r.exe",
      "ParentCommandLine": "\"C:\\Users\\30250_hrfous0\\Desktop\\恶意代码教学样本-在沙盒中修改文件名\\恶意代码教学样本-在沙盒中修改文件名\\1-WannaCrypt0r.exe\"",
      "ParentUser": "DESKTOP-VGNH0Q0\\30250_hrfous0",
      "OriginalLogfile": "mytest1.evtx-0S8SF50D.json"
    },
    {
      "row_id": 279,
      "Provider_Name": "Microsoft-Windows-Sysmon",
      "Guid": "5770385F-C22A-43E0-BF4C-06F5698FFBD9",
      "EventID": 1,
      "Version": 5,
      "Level": 4,
      "Task": 1,
      "Opcode": 0,
      "Keywords": "0x8000000000000000",
      "SystemTime": "2025-11-12T10:05:27.929304Z",
      "EventRecordID": 17378,
      "ProcessID": 11104,
      "ThreadID": 11400,
      "Channel": "Microsoft-Windows-Sysmon/Operational",
      "Computer": "DESKTOP-VGNH0Q0",
      "UserID": "S-1-5-18",
      "RuleName": "-",
      "UtcTime": "2025-11-12 10:05:27.925",
      "ProcessGuid": "815B870B-5BE7-6914-1707-000000000A00",
      "Image": "C:\\Users\\30250_hrfous0\\Desktop\\恶意代码教学样本-在沙盒中修改文件名\\恶意代码教学样本-在沙盒中修改文件名\\taskdl.exe",
      "FileVersion": "6.1.7600.16385 (win7_rtm.090713-1255)",
      "Description": "SQL Client Configuration Utility EXE",
      "Product": "Microsoft® Windows® Operating System",
      "Company": "Microsoft Corporation",
      "OriginalFileName": "cliconfg.exe",
      "CommandLine": "taskdl.exe",
      "CurrentDirectory": "C:\\Users\\30250_hrfous0\\Desktop\\恶意代码教学样本-在沙盒中修改文件名\\恶意代码教学样本-在沙盒中修改文件名\\",
      "User": "DESKTOP-VGNH0Q0\\30250_hrfous0",
      "LogonGuid": "815B870B-2E47-6913-46C0-010000000000",
      "LogonId": "0x1c046",
      "TerminalSessionId": 1,
      "IntegrityLevel": "Medium",
      "MD5": "4FEF5E34143E646DBF9907C4374276F5",
      "SHA256": "4A468603FDCB7A2EB5770705898CF9EF37AADE532A7964642ECD705A74794B79",
      "IMPHASH": "818097ACF11D6A2AC55031896B50D98C",
      "Hashes": "MD5=4FEF5E34143E646DBF9907C4374276F5,SHA256=4A468603FDCB7A2EB5770705898CF9EF37AADE532A7964642ECD705A74794B79,IMPHASH=818097ACF11D6A2AC55031896B50D98C",
      "ParentProcessGuid": "815B870B-564E-6914-3A06-000000000A00",
      "ParentProcessId": 11936,
      "ParentImage": "C:\\Users\\30250_hrfous0\\Desktop\\恶意代码教学样本-在沙盒中修改文件名\\恶意代码教学样本-在沙盒中修改文件名\\1-WannaCrypt0r.exe",
      "ParentCommandLine": "\"C:\\Users\\30250_hrfous0\\Desktop\\恶意代码教学样本-在沙盒中修改文件名\\恶意代码教学样本-在沙盒中修改文件名\\1-WannaCrypt0r.exe\"",
      "ParentUser": "DESKTOP-VGNH0Q0\\30250_hrfous0",
      "OriginalLogfile": "mytest1.evtx-0S8SF50D.json"
    },
    {
      "row_id": 282,
      "Provider_Name": "Microsoft-Windows-Sysmon",
      "Guid": "5770385F-C22A-43E0-BF4C-06F5698FFBD9",
      "EventID": 1,
      "Version": 5,
      "Level": 4,
      "Task": 1,
      "Opcode": 0,
      "Keywords": "0x8000000000000000",
      "SystemTime": "2025-11-12T10:05:58.018882Z",
      "EventRecordID": 17383,
      "ProcessID": 11104,
      "ThreadID": 11400,
      "Channel": "Microsoft-Windows-Sysmon/Operational",
      "Computer": "DESKTOP-VGNH0Q0",
      "UserID": "S-1-5-18",
      "RuleName": "-",
      "UtcTime": "2025-11-12 10:05:58.017",
      "ProcessGuid": "815B870B-5C06-6914-1B07-000000000A00",
      "Image": "C:\\Users\\30250_hrfous0\\Desktop\\恶意代码教学样本-在沙盒中修改文件名\\恶意代码教学样本-在沙盒中修改文件名\\taskdl.exe",
      "FileVersion": "6.1.7600.16385 (win7_rtm.090713-1255)",
      "Description": "SQL Client Configuration Utility EXE",
      "Product": "Microsoft® Windows® Operating System",
      "Company": "Microsoft Corporation",
      "OriginalFileName": "cliconfg.exe",
      "CommandLine": "taskdl.exe",
      "CurrentDirectory": "C:\\Users\\30250_hrfous0\\Desktop\\恶意代码教学样本-在沙盒中修改文件名\\恶意代码教学样本-在沙盒中修改文件名\\",
      "User": "DESKTOP-VGNH0Q0\\30250_hrfous0",
      "LogonGuid": "815B870B-2E47-6913-46C0-010000000000",
      "LogonId": "0x1c046",
      "TerminalSessionId": 1,
      "IntegrityLevel": "Medium",
      "MD5": "4FEF5E34143E646DBF9907C4374276F5",
      "SHA256": "4A468603FDCB7A2EB5770705898CF9EF37AADE532A7964642ECD705A74794B79",
      "IMPHASH": "818097ACF11D6A2AC55031896B50D98C",
      "Hashes": "MD5=4FEF5E34143E646DBF9907C4374276F5,SHA256=4A468603FDCB7A2EB5770705898CF9EF37AADE532A7964642ECD705A74794B79,IMPHASH=818097ACF11D6A2AC55031896B50D98C",
      "ParentProcessGuid": "815B870B-564E-6914-3A06-000000000A00",
      "ParentProcessId": 11936,
      "ParentImage": "C:\\Users\\30250_hrfous0\\Desktop\\恶意代码教学样本-在沙盒中修改文件名\\恶意代码教学样本-在沙盒中修改文件名\\1-WannaCrypt0r.exe",
      "ParentCommandLine": "\"C:\\Users\\30250_hrfous0\\Desktop\\恶意代码教学样本-在沙盒中修改文件名\\恶意代码教学样本-在沙盒中修改文件名\\1-WannaCrypt0r.exe\"",
      "ParentUser": "DESKTOP-VGNH0Q0\\30250_hrfous0",
      "OriginalLogfile": "mytest1.evtx-0S8SF50D.json"
    },
    {
      "row_id": 284,
      "Provider_Name": "Microsoft-Windows-Sysmon",
      "Guid": "5770385F-C22A-43E0-BF4C-06F5698FFBD9",
      "EventID": 1,
      "Version": 5,
      "Level": 4,
      "Task": 1,
      "Opcode": 0,
      "Keywords": "0x8000000000000000",
      "SystemTime": "2025-11-12T10:06:28.107150Z",
      "EventRecordID": 17387,
      "ProcessID": 11104,
      "ThreadID": 11400,
      "Channel": "Microsoft-Windows-Sysmon/Operational",
      "Computer": "DESKTOP-VGNH0Q0",
      "UserID": "S-1-5-18",
      "RuleName": "-",
      "UtcTime": "2025-11-12 10:06:28.105",
      "ProcessGuid": "815B870B-5C24-6914-1D07-000000000A00",
      "Image": "C:\\Users\\30250_hrfous0\\Desktop\\恶意代码教学样本-在沙盒中修改文件名\\恶意代码教学样本-在沙盒中修改文件名\\taskdl.exe",
      "FileVersion": "6.1.7600.16385 (win7_rtm.090713-1255)",
      "Description": "SQL Client Configuration Utility EXE",
      "Product": "Microsoft® Windows® Operating System",
      "Company": "Microsoft Corporation",
      "OriginalFileName": "cliconfg.exe",
      "CommandLine": "taskdl.exe",
      "CurrentDirectory": "C:\\Users\\30250_hrfous0\\Desktop\\恶意代码教学样本-在沙盒中修改文件名\\恶意代码教学样本-在沙盒中修改文件名\\",
      "User": "DESKTOP-VGNH0Q0\\30250_hrfous0",
      "LogonGuid": "815B870B-2E47-6913-46C0-010000000000",
      "LogonId": "0x1c046",
      "TerminalSessionId": 1,
      "IntegrityLevel": "Medium",
      "MD5": "4FEF5E34143E646DBF9907C4374276F5",
      "SHA256": "4A468603FDCB7A2EB5770705898CF9EF37AADE532A7964642ECD705A74794B79",
      "IMPHASH": "818097ACF11D6A2AC55031896B50D98C",
      "Hashes": "MD5=4FEF5E34143E646DBF9907C4374276F5,SHA256=4A468603FDCB7A2EB5770705898CF9EF37AADE532A7964642ECD705A74794B79,IMPHASH=818097ACF11D6A2AC55031896B50D98C",
      "ParentProcessGuid": "815B870B-564E-6914-3A06-000000000A00",
      "ParentProcessId": 11936,
      "ParentImage": "C:\\Users\\30250_hrfous0\\Desktop\\恶意代码教学样本-在沙盒中修改文件名\\恶意代码教学样本-在沙盒中修改文件名\\1-WannaCrypt0r.exe",
      "ParentCommandLine": "\"C:\\Users\\30250_hrfous0\\Desktop\\恶意代码教学样本-在沙盒中修改文件名\\恶意代码教学样本-在沙盒中修改文件名\\1-WannaCrypt0r.exe\"",
      "ParentUser": "DESKTOP-VGNH0Q0\\30250_hrfous0",
      "OriginalLogfile": "mytest1.evtx-0S8SF50D.json"
    },
    {
      "row_id": 297,
      "Provider_Name": "Microsoft-Windows-Sysmon",
      "Guid": "5770385F-C22A-43E0-BF4C-06F5698FFBD9",
      "EventID": 1,
      "Version": 5,
      "Level": 4,
      "Task": 1,
      "Opcode": 0,
      "Keywords": "0x8000000000000000",
      "SystemTime": "2025-11-12T10:06:58.194676Z",
      "EventRecordID": 17412,
      "ProcessID": 11104,
      "ThreadID": 11400,
      "Channel": "Microsoft-Windows-Sysmon/Operational",
      "Computer": "DESKTOP-VGNH0Q0",
      "UserID": "S-1-5-18",
      "RuleName": "-",
      "UtcTime": "2025-11-12 10:06:58.193",
      "ProcessGuid": "815B870B-5C42-6914-2B07-000000000A00",
      "Image": "C:\\Users\\30250_hrfous0\\Desktop\\恶意代码教学样本-在沙盒中修改文件名\\恶意代码教学样本-在沙盒中修改文件名\\taskdl.exe",
      "FileVersion": "6.1.7600.16385 (win7_rtm.090713-1255)",
      "Description": "SQL Client Configuration Utility EXE",
      "Product": "Microsoft® Windows® Operating System",
      "Company": "Microsoft Corporation",
      "OriginalFileName": "cliconfg.exe",
      "CommandLine": "taskdl.exe",
      "CurrentDirectory": "C:\\Users\\30250_hrfous0\\Desktop\\恶意代码教学样本-在沙盒中修改文件名\\恶意代码教学样本-在沙盒中修改文件名\\",
      "User": "DESKTOP-VGNH0Q0\\30250_hrfous0",
      "LogonGuid": "815B870B-2E47-6913-46C0-010000000000",
      "LogonId": "0x1c046",
      "TerminalSessionId": 1,
      "IntegrityLevel": "Medium",
      "MD5": "4FEF5E34143E646DBF9907C4374276F5",
      "SHA256": "4A468603FDCB7A2EB5770705898CF9EF37AADE532A7964642ECD705A74794B79",
      "IMPHASH": "818097ACF11D6A2AC55031896B50D98C",
      "Hashes": "MD5=4FEF5E34143E646DBF9907C4374276F5,SHA256=4A468603FDCB7A2EB5770705898CF9EF37AADE532A7964642ECD705A74794B79,IMPHASH=818097ACF11D6A2AC55031896B50D98C",
      "ParentProcessGuid": "815B870B-564E-6914-3A06-000000000A00",
      "ParentProcessId": 11936,
      "ParentImage": "C:\\Users\\30250_hrfous0\\Desktop\\恶意代码教学样本-在沙盒中修改文件名\\恶意代码教学样本-在沙盒中修改文件名\\1-WannaCrypt0r.exe",
      "ParentCommandLine": "\"C:\\Users\\30250_hrfous0\\Desktop\\恶意代码教学样本-在沙盒中修改文件名\\恶意代码教学样本-在沙盒中修改文件名\\1-WannaCrypt0r.exe\"",
      "ParentUser": "DESKTOP-VGNH0Q0\\30250_hrfous0",
      "OriginalLogfile": "mytest1.evtx-0S8SF50D.json"
    },
    {
      "row_id": 299,
      "Provider_Name": "Microsoft-Windows-Sysmon",
      "Guid": "5770385F-C22A-43E0-BF4C-06F5698FFBD9",
      "EventID": 1,
      "Version": 5,
      "Level": 4,
      "Task": 1,
      "Opcode": 0,
      "Keywords": "0x8000000000000000",
      "SystemTime": "2025-11-12T10:07:28.271971Z",
      "EventRecordID": 17416,
      "ProcessID": 11104,
      "ThreadID": 11400,
      "Channel": "Microsoft-Windows-Sysmon/Operational",
      "Computer": "DESKTOP-VGNH0Q0",
      "UserID": "S-1-5-18",
      "RuleName": "-",
      "UtcTime": "2025-11-12 10:07:28.269",
      "ProcessGuid": "815B870B-5C60-6914-2D07-000000000A00",
      "Image": "C:\\Users\\30250_hrfous0\\Desktop\\恶意代码教学样本-在沙盒中修改文件名\\恶意代码教学样本-在沙盒中修改文件名\\taskdl.exe",
      "FileVersion": "6.1.7600.16385 (win7_rtm.090713-1255)",
      "Description": "SQL Client Configuration Utility EXE",
      "Product": "Microsoft® Windows® Operating System",
      "Company": "Microsoft Corporation",
      "OriginalFileName": "cliconfg.exe",
      "CommandLine": "taskdl.exe",
      "CurrentDirectory": "C:\\Users\\30250_hrfous0\\Desktop\\恶意代码教学样本-在沙盒中修改文件名\\恶意代码教学样本-在沙盒中修改文件名\\",
      "User": "DESKTOP-VGNH0Q0\\30250_hrfous0",
      "LogonGuid": "815B870B-2E47-6913-46C0-010000000000",
      "LogonId": "0x1c046",
      "TerminalSessionId": 1,
      "IntegrityLevel": "Medium",
      "MD5": "4FEF5E34143E646DBF9907C4374276F5",
      "SHA256": "4A468603FDCB7A2EB5770705898CF9EF37AADE532A7964642ECD705A74794B79",
      "IMPHASH": "818097ACF11D6A2AC55031896B50D98C",
      "Hashes": "MD5=4FEF5E34143E646DBF9907C4374276F5,SHA256=4A468603FDCB7A2EB5770705898CF9EF37AADE532A7964642ECD705A74794B79,IMPHASH=818097ACF11D6A2AC55031896B50D98C",
      "ParentProcessGuid": "815B870B-564E-6914-3A06-000000000A00",
      "ParentProcessId": 11936,
      "ParentImage": "C:\\Users\\30250_hrfous0\\Desktop\\恶意代码教学样本-在沙盒中修改文件名\\恶意代码教学样本-在沙盒中修改文件名\\1-WannaCrypt0r.exe",
      "ParentCommandLine": "\"C:\\Users\\30250_hrfous0\\Desktop\\恶意代码教学样本-在沙盒中修改文件名\\恶意代码教学样本-在沙盒中修改文件名\\1-WannaCrypt0r.exe\"",
      "ParentUser": "DESKTOP-VGNH0Q0\\30250_hrfous0",
      "OriginalLogfile": "mytest1.evtx-0S8SF50D.json"
    },
    {
      "row_id": 301,
      "Provider_Name": "Microsoft-Windows-Sysmon",
      "Guid": "5770385F-C22A-43E0-BF4C-06F5698FFBD9",
      "EventID": 1,
      "Version": 5,
      "Level": 4,
      "Task": 1,
      "Opcode": 0,
      "Keywords": "0x8000000000000000",
      "SystemTime": "2025-11-12T10:07:58.348042Z",
      "EventRecordID": 17421,
      "ProcessID": 11104,
      "ThreadID": 11400,
      "Channel": "Microsoft-Windows-Sysmon/Operational",
      "Computer": "DESKTOP-VGNH0Q0",
      "UserID": "S-1-5-18",
      "RuleName": "-",
      "UtcTime": "2025-11-12 10:07:58.345",
      "ProcessGuid": "815B870B-5C7E-6914-2F07-000000000A00",
      "Image": "C:\\Users\\30250_hrfous0\\Desktop\\恶意代码教学样本-在沙盒中修改文件名\\恶意代码教学样本-在沙盒中修改文件名\\taskdl.exe",
      "FileVersion": "6.1.7600.16385 (win7_rtm.090713-1255)",
      "Description": "SQL Client Configuration Utility EXE",
      "Product": "Microsoft® Windows® Operating System",
      "Company": "Microsoft Corporation",
      "OriginalFileName": "cliconfg.exe",
      "CommandLine": "taskdl.exe",
      "CurrentDirectory": "C:\\Users\\30250_hrfous0\\Desktop\\恶意代码教学样本-在沙盒中修改文件名\\恶意代码教学样本-在沙盒中修改文件名\\",
      "User": "DESKTOP-VGNH0Q0\\30250_hrfous0",
      "LogonGuid": "815B870B-2E47-6913-46C0-010000000000",
      "LogonId": "0x1c046",
      "TerminalSessionId": 1,
      "IntegrityLevel": "Medium",
      "MD5": "4FEF5E34143E646DBF9907C4374276F5",
      "SHA256": "4A468603FDCB7A2EB5770705898CF9EF37AADE532A7964642ECD705A74794B79",
      "IMPHASH": "818097ACF11D6A2AC55031896B50D98C",
      "Hashes": "MD5=4FEF5E34143E646DBF9907C4374276F5,SHA256=4A468603FDCB7A2EB5770705898CF9EF37AADE532A7964642ECD705A74794B79,IMPHASH=818097ACF11D6A2AC55031896B50D98C",
      "ParentProcessGuid": "815B870B-564E-6914-3A06-000000000A00",
      "ParentProcessId": 11936,
      "ParentImage": "C:\\Users\\30250_hrfous0\\Desktop\\恶意代码教学样本-在沙盒中修改文件名\\恶意代码教学样本-在沙盒中修改文件名\\1-WannaCrypt0r.exe",
      "ParentCommandLine": "\"C:\\Users\\30250_hrfous0\\Desktop\\恶意代码教学样本-在沙盒中修改文件名\\恶意代码教学样本-在沙盒中修改文件名\\1-WannaCrypt0r.exe\"",
      "ParentUser": "DESKTOP-VGNH0Q0\\30250_hrfous0",
      "OriginalLogfile": "mytest1.evtx-0S8SF50D.json"
    },
    {
      "row_id": 303,
      "Provider_Name": "Microsoft-Windows-Sysmon",
      "Guid": "5770385F-C22A-43E0-BF4C-06F5698FFBD9",
      "EventID": 1,
      "Version": 5,
      "Level": 4,
      "Task": 1,
      "Opcode": 0,
      "Keywords": "0x8000000000000000",
      "SystemTime": "2025-11-12T10:08:28.437776Z",
      "EventRecordID": 17426,
      "ProcessID": 11104,
      "ThreadID": 11400,
      "Channel": "Microsoft-Windows-Sysmon/Operational",
      "Computer": "DESKTOP-VGNH0Q0",
      "UserID": "S-1-5-18",
      "RuleName": "-",
      "UtcTime": "2025-11-12 10:08:28.435",
      "ProcessGuid": "815B870B-5C9C-6914-3207-000000000A00",
      "Image": "C:\\Users\\30250_hrfous0\\Desktop\\恶意代码教学样本-在沙盒中修改文件名\\恶意代码教学样本-在沙盒中修改文件名\\taskdl.exe",
      "FileVersion": "6.1.7600.16385 (win7_rtm.090713-1255)",
      "Description": "SQL Client Configuration Utility EXE",
      "Product": "Microsoft® Windows® Operating System",
      "Company": "Microsoft Corporation",
      "OriginalFileName": "cliconfg.exe",
      "CommandLine": "taskdl.exe",
      "CurrentDirectory": "C:\\Users\\30250_hrfous0\\Desktop\\恶意代码教学样本-在沙盒中修改文件名\\恶意代码教学样本-在沙盒中修改文件名\\",
      "User": "DESKTOP-VGNH0Q0\\30250_hrfous0",
      "LogonGuid": "815B870B-2E47-6913-46C0-010000000000",
      "LogonId": "0x1c046",
      "TerminalSessionId": 1,
      "IntegrityLevel": "Medium",
      "MD5": "4FEF5E34143E646DBF9907C4374276F5",
      "SHA256": "4A468603FDCB7A2EB5770705898CF9EF37AADE532A7964642ECD705A74794B79",
      "IMPHASH": "818097ACF11D6A2AC55031896B50D98C",
      "Hashes": "MD5=4FEF5E34143E646DBF9907C4374276F5,SHA256=4A468603FDCB7A2EB5770705898CF9EF37AADE532A7964642ECD705A74794B79,IMPHASH=818097ACF11D6A2AC55031896B50D98C",
      "ParentProcessGuid": "815B870B-564E-6914-3A06-000000000A00",
      "ParentProcessId": 11936,
      "ParentImage": "C:\\Users\\30250_hrfous0\\Desktop\\恶意代码教学样本-在沙盒中修改文件名\\恶意代码教学样本-在沙盒中修改文件名\\1-WannaCrypt0r.exe",
      "ParentCommandLine": "\"C:\\Users\\30250_hrfous0\\Desktop\\恶意代码教学样本-在沙盒中修改文件名\\恶意代码教学样本-在沙盒中修改文件名\\1-WannaCrypt0r.exe\"",
      "ParentUser": "DESKTOP-VGNH0Q0\\30250_hrfous0",
      "OriginalLogfile": "mytest1.evtx-0S8SF50D.json"
    },
    {
      "row_id": 305,
      "Provider_Name": "Microsoft-Windows-Sysmon",
      "Guid": "5770385F-C22A-43E0-BF4C-06F5698FFBD9",
      "EventID": 1,
      "Version": 5,
      "Level": 4,
      "Task": 1,
      "Opcode": 0,
      "Keywords": "0x8000000000000000",
      "SystemTime": "2025-11-12T10:08:58.525856Z",
      "EventRecordID": 17432,
      "ProcessID": 11104,
      "ThreadID": 11400,
      "Channel": "Microsoft-Windows-Sysmon/Operational",
      "Computer": "DESKTOP-VGNH0Q0",
      "UserID": "S-1-5-18",
      "RuleName": "-",
      "UtcTime": "2025-11-12 10:08:58.520",
      "ProcessGuid": "815B870B-5CBA-6914-3407-000000000A00",
      "Image": "C:\\Users\\30250_hrfous0\\Desktop\\恶意代码教学样本-在沙盒中修改文件名\\恶意代码教学样本-在沙盒中修改文件名\\taskdl.exe",
      "FileVersion": "6.1.7600.16385 (win7_rtm.090713-1255)",
      "Description": "SQL Client Configuration Utility EXE",
      "Product": "Microsoft® Windows® Operating System",
      "Company": "Microsoft Corporation",
      "OriginalFileName": "cliconfg.exe",
      "CommandLine": "taskdl.exe",
      "CurrentDirectory": "C:\\Users\\30250_hrfous0\\Desktop\\恶意代码教学样本-在沙盒中修改文件名\\恶意代码教学样本-在沙盒中修改文件名\\",
      "User": "DESKTOP-VGNH0Q0\\30250_hrfous0",
      "LogonGuid": "815B870B-2E47-6913-46C0-010000000000",
      "LogonId": "0x1c046",
      "TerminalSessionId": 1,
      "IntegrityLevel": "Medium",
      "MD5": "4FEF5E34143E646DBF9907C4374276F5",
      "SHA256": "4A468603FDCB7A2EB5770705898CF9EF37AADE532A7964642ECD705A74794B79",
      "IMPHASH": "818097ACF11D6A2AC55031896B50D98C",
      "Hashes": "MD5=4FEF5E34143E646DBF9907C4374276F5,SHA256=4A468603FDCB7A2EB5770705898CF9EF37AADE532A7964642ECD705A74794B79,IMPHASH=818097ACF11D6A2AC55031896B50D98C",
      "ParentProcessGuid": "815B870B-564E-6914-3A06-000000000A00",
      "ParentProcessId": 11936,
      "ParentImage": "C:\\Users\\30250_hrfous0\\Desktop\\恶意代码教学样本-在沙盒中修改文件名\\恶意代码教学样本-在沙盒中修改文件名\\1-WannaCrypt0r.exe",
      "ParentCommandLine": "\"C:\\Users\\30250_hrfous0\\Desktop\\恶意代码教学样本-在沙盒中修改文件名\\恶意代码教学样本-在沙盒中修改文件名\\1-WannaCrypt0r.exe\"",
      "ParentUser": "DESKTOP-VGNH0Q0\\30250_hrfous0",
      "OriginalLogfile": "mytest1.evtx-0S8SF50D.json"
    },
    {
      "row_id": 307,
      "Provider_Name": "Microsoft-Windows-Sysmon",
      "Guid": "5770385F-C22A-43E0-BF4C-06F5698FFBD9",
      "EventID": 1,
      "Version": 5,
      "Level": 4,
      "Task": 1,
      "Opcode": 0,
      "Keywords": "0x8000000000000000",
      "SystemTime": "2025-11-12T10:09:28.611967Z",
      "EventRecordID": 17436,
      "ProcessID": 11104,
      "ThreadID": 11400,
      "Channel": "Microsoft-Windows-Sysmon/Operational",
      "Computer": "DESKTOP-VGNH0Q0",
      "UserID": "S-1-5-18",
      "RuleName": "-",
      "UtcTime": "2025-11-12 10:09:28.609",
      "ProcessGuid": "815B870B-5CD8-6914-3607-000000000A00",
      "Image": "C:\\Users\\30250_hrfous0\\Desktop\\恶意代码教学样本-在沙盒中修改文件名\\恶意代码教学样本-在沙盒中修改文件名\\taskdl.exe",
      "FileVersion": "6.1.7600.16385 (win7_rtm.090713-1255)",
      "Description": "SQL Client Configuration Utility EXE",
      "Product": "Microsoft® Windows® Operating System",
      "Company": "Microsoft Corporation",
      "OriginalFileName": "cliconfg.exe",
      "CommandLine": "taskdl.exe",
      "CurrentDirectory": "C:\\Users\\30250_hrfous0\\Desktop\\恶意代码教学样本-在沙盒中修改文件名\\恶意代码教学样本-在沙盒中修改文件名\\",
      "User": "DESKTOP-VGNH0Q0\\30250_hrfous0",
      "LogonGuid": "815B870B-2E47-6913-46C0-010000000000",
      "LogonId": "0x1c046",
      "TerminalSessionId": 1,
      "IntegrityLevel": "Medium",
      "MD5": "4FEF5E34143E646DBF9907C4374276F5",
      "SHA256": "4A468603FDCB7A2EB5770705898CF9EF37AADE532A7964642ECD705A74794B79",
      "IMPHASH": "818097ACF11D6A2AC55031896B50D98C",
      "Hashes": "MD5=4FEF5E34143E646DBF9907C4374276F5,SHA256=4A468603FDCB7A2EB5770705898CF9EF37AADE532A7964642ECD705A74794B79,IMPHASH=818097ACF11D6A2AC55031896B50D98C",
      "ParentProcessGuid": "815B870B-564E-6914-3A06-000000000A00",
      "ParentProcessId": 11936,
      "ParentImage": "C:\\Users\\30250_hrfous0\\Desktop\\恶意代码教学样本-在沙盒中修改文件名\\恶意代码教学样本-在沙盒中修改文件名\\1-WannaCrypt0r.exe",
      "ParentCommandLine": "\"C:\\Users\\30250_hrfous0\\Desktop\\恶意代码教学样本-在沙盒中修改文件名\\恶意代码教学样本-在沙盒中修改文件名\\1-WannaCrypt0r.exe\"",
      "ParentUser": "DESKTOP-VGNH0Q0\\30250_hrfous0",
      "OriginalLogfile": "mytest1.evtx-0S8SF50D.json"
    },
    {
      "row_id": 309,
      "Provider_Name": "Microsoft-Windows-Sysmon",
      "Guid": "5770385F-C22A-43E0-BF4C-06F5698FFBD9",
      "EventID": 1,
      "Version": 5,
      "Level": 4,
      "Task": 1,
      "Opcode": 0,
      "Keywords": "0x8000000000000000",
      "SystemTime": "2025-11-12T10:09:58.710287Z",
      "EventRecordID": 17440,
      "ProcessID": 11104,
      "ThreadID": 11400,
      "Channel": "Microsoft-Windows-Sysmon/Operational",
      "Computer": "DESKTOP-VGNH0Q0",
      "UserID": "S-1-5-18",
      "RuleName": "-",
      "UtcTime": "2025-11-12 10:09:58.704",
      "ProcessGuid": "815B870B-5CF6-6914-3807-000000000A00",
      "Image": "C:\\Users\\30250_hrfous0\\Desktop\\恶意代码教学样本-在沙盒中修改文件名\\恶意代码教学样本-在沙盒中修改文件名\\taskdl.exe",
      "FileVersion": "6.1.7600.16385 (win7_rtm.090713-1255)",
      "Description": "SQL Client Configuration Utility EXE",
      "Product": "Microsoft® Windows® Operating System",
      "Company": "Microsoft Corporation",
      "OriginalFileName": "cliconfg.exe",
      "CommandLine": "taskdl.exe",
      "CurrentDirectory": "C:\\Users\\30250_hrfous0\\Desktop\\恶意代码教学样本-在沙盒中修改文件名\\恶意代码教学样本-在沙盒中修改文件名\\",
      "User": "DESKTOP-VGNH0Q0\\30250_hrfous0",
      "LogonGuid": "815B870B-2E47-6913-46C0-010000000000",
      "LogonId": "0x1c046",
      "TerminalSessionId": 1,
      "IntegrityLevel": "Medium",
      "MD5": "4FEF5E34143E646DBF9907C4374276F5",
      "SHA256": "4A468603FDCB7A2EB5770705898CF9EF37AADE532A7964642ECD705A74794B79",
      "IMPHASH": "818097ACF11D6A2AC55031896B50D98C",
      "Hashes": "MD5=4FEF5E34143E646DBF9907C4374276F5,SHA256=4A468603FDCB7A2EB5770705898CF9EF37AADE532A7964642ECD705A74794B79,IMPHASH=818097ACF11D6A2AC55031896B50D98C",
      "ParentProcessGuid": "815B870B-564E-6914-3A06-000000000A00",
      "ParentProcessId": 11936,
      "ParentImage": "C:\\Users\\30250_hrfous0\\Desktop\\恶意代码教学样本-在沙盒中修改文件名\\恶意代码教学样本-在沙盒中修改文件名\\1-WannaCrypt0r.exe",
      "ParentCommandLine": "\"C:\\Users\\30250_hrfous0\\Desktop\\恶意代码教学样本-在沙盒中修改文件名\\恶意代码教学样本-在沙盒中修改文件名\\1-WannaCrypt0r.exe\"",
      "ParentUser": "DESKTOP-VGNH0Q0\\30250_hrfous0",
      "OriginalLogfile": "mytest1.evtx-0S8SF50D.json"
    },
    {
      "row_id": 311,
      "Provider_Name": "Microsoft-Windows-Sysmon",
      "Guid": "5770385F-C22A-43E0-BF4C-06F5698FFBD9",
      "EventID": 1,
      "Version": 5,
      "Level": 4,
      "Task": 1,
      "Opcode": 0,
      "Keywords": "0x8000000000000000",
      "SystemTime": "2025-11-12T10:10:28.787854Z",
      "EventRecordID": 17444,
      "ProcessID": 11104,
      "ThreadID": 11400,
      "Channel": "Microsoft-Windows-Sysmon/Operational",
      "Computer": "DESKTOP-VGNH0Q0",
      "UserID": "S-1-5-18",
      "RuleName": "-",
      "UtcTime": "2025-11-12 10:10:28.786",
      "ProcessGuid": "815B870B-5D14-6914-3A07-000000000A00",
      "Image": "C:\\Users\\30250_hrfous0\\Desktop\\恶意代码教学样本-在沙盒中修改文件名\\恶意代码教学样本-在沙盒中修改文件名\\taskdl.exe",
      "FileVersion": "6.1.7600.16385 (win7_rtm.090713-1255)",
      "Description": "SQL Client Configuration Utility EXE",
      "Product": "Microsoft® Windows® Operating System",
      "Company": "Microsoft Corporation",
      "OriginalFileName": "cliconfg.exe",
      "CommandLine": "taskdl.exe",
      "CurrentDirectory": "C:\\Users\\30250_hrfous0\\Desktop\\恶意代码教学样本-在沙盒中修改文件名\\恶意代码教学样本-在沙盒中修改文件名\\",
      "User": "DESKTOP-VGNH0Q0\\30250_hrfous0",
      "LogonGuid": "815B870B-2E47-6913-46C0-010000000000",
      "LogonId": "0x1c046",
      "TerminalSessionId": 1,
      "IntegrityLevel": "Medium",
      "MD5": "4FEF5E34143E646DBF9907C4374276F5",
      "SHA256": "4A468603FDCB7A2EB5770705898CF9EF37AADE532A7964642ECD705A74794B79",
      "IMPHASH": "818097ACF11D6A2AC55031896B50D98C",
      "Hashes": "MD5=4FEF5E34143E646DBF9907C4374276F5,SHA256=4A468603FDCB7A2EB5770705898CF9EF37AADE532A7964642ECD705A74794B79,IMPHASH=818097ACF11D6A2AC55031896B50D98C",
      "ParentProcessGuid": "815B870B-564E-6914-3A06-000000000A00",
      "ParentProcessId": 11936,
      "ParentImage": "C:\\Users\\30250_hrfous0\\Desktop\\恶意代码教学样本-在沙盒中修改文件名\\恶意代码教学样本-在沙盒中修改文件名\\1-WannaCrypt0r.exe",
      "ParentCommandLine": "\"C:\\Users\\30250_hrfous0\\Desktop\\恶意代码教学样本-在沙盒中修改文件名\\恶意代码教学样本-在沙盒中修改文件名\\1-WannaCrypt0r.exe\"",
      "ParentUser": "DESKTOP-VGNH0Q0\\30250_hrfous0",
      "OriginalLogfile": "mytest1.evtx-0S8SF50D.json"
    },
    {
      "row_id": 314,
      "Provider_Name": "Microsoft-Windows-Sysmon",
      "Guid": "5770385F-C22A-43E0-BF4C-06F5698FFBD9",
      "EventID": 1,
      "Version": 5,
      "Level": 4,
      "Task": 1,
      "Opcode": 0,
      "Keywords": "0x8000000000000000",
      "SystemTime": "2025-11-12T10:10:58.874380Z",
      "EventRecordID": 17449,
      "ProcessID": 11104,
      "ThreadID": 11400,
      "Channel": "Microsoft-Windows-Sysmon/Operational",
      "Computer": "DESKTOP-VGNH0Q0",
      "UserID": "S-1-5-18",
      "RuleName": "-",
      "UtcTime": "2025-11-12 10:10:58.872",
      "ProcessGuid": "815B870B-5D32-6914-3E07-000000000A00",
      "Image": "C:\\Users\\30250_hrfous0\\Desktop\\恶意代码教学样本-在沙盒中修改文件名\\恶意代码教学样本-在沙盒中修改文件名\\taskdl.exe",
      "FileVersion": "6.1.7600.16385 (win7_rtm.090713-1255)",
      "Description": "SQL Client Configuration Utility EXE",
      "Product": "Microsoft® Windows® Operating System",
      "Company": "Microsoft Corporation",
      "OriginalFileName": "cliconfg.exe",
      "CommandLine": "taskdl.exe",
      "CurrentDirectory": "C:\\Users\\30250_hrfous0\\Desktop\\恶意代码教学样本-在沙盒中修改文件名\\恶意代码教学样本-在沙盒中修改文件名\\",
      "User": "DESKTOP-VGNH0Q0\\30250_hrfous0",
      "LogonGuid": "815B870B-2E47-6913-46C0-010000000000",
      "LogonId": "0x1c046",
      "TerminalSessionId": 1,
      "IntegrityLevel": "Medium",
      "MD5": "4FEF5E34143E646DBF9907C4374276F5",
      "SHA256": "4A468603FDCB7A2EB5770705898CF9EF37AADE532A7964642ECD705A74794B79",
      "IMPHASH": "818097ACF11D6A2AC55031896B50D98C",
      "Hashes": "MD5=4FEF5E34143E646DBF9907C4374276F5,SHA256=4A468603FDCB7A2EB5770705898CF9EF37AADE532A7964642ECD705A74794B79,IMPHASH=818097ACF11D6A2AC55031896B50D98C",
      "ParentProcessGuid": "815B870B-564E-6914-3A06-000000000A00",
      "ParentProcessId": 11936,
      "ParentImage": "C:\\Users\\30250_hrfous0\\Desktop\\恶意代码教学样本-在沙盒中修改文件名\\恶意代码教学样本-在沙盒中修改文件名\\1-WannaCrypt0r.exe",
      "ParentCommandLine": "\"C:\\Users\\30250_hrfous0\\Desktop\\恶意代码教学样本-在沙盒中修改文件名\\恶意代码教学样本-在沙盒中修改文件名\\1-WannaCrypt0r.exe\"",
      "ParentUser": "DESKTOP-VGNH0Q0\\30250_hrfous0",
      "OriginalLogfile": "mytest1.evtx-0S8SF50D.json"
    }
  ]
},
{
  "title": "创建进程@WanaDecryptor@.exe",
  "id": "",
  "description": "",
  "sigmafile": "",
  "sigma": [
    "SELECT * FROM logs WHERE EventID=1 AND Image LIKE '%@WanaDecryptor@.exe%' ESCAPE '\\'"
  ],
  "rule_level": "high",
  "tags": [],
  "count": 54,
  "matches": [
    {
      "row_id": 155,
      "Provider_Name": "Microsoft-Windows-Sysmon",
      "Guid": "5770385F-C22A-43E0-BF4C-06F5698FFBD9",
      "EventID": 1,
      "Version": 5,
      "Level": 4,
      "Task": 1,
      "Opcode": 0,
      "Keywords": "0x8000000000000000",
      "SystemTime": "2025-11-12T09:45:14.186988Z",
      "EventRecordID": 17142,
      "ProcessID": 11104,
      "ThreadID": 11400,
      "Channel": "Microsoft-Windows-Sysmon/Operational",
      "Computer": "DESKTOP-VGNH0Q0",
      "UserID": "S-1-5-18",
      "RuleName": "-",
      "UtcTime": "2025-11-12 09:45:13.869",
      "ProcessGuid": "815B870B-5729-6914-6206-000000000A00",
      "Image": "C:\\Users\\30250_hrfous0\\Desktop\\恶意代码教学样本-在沙盒中修改文件名\\恶意代码教学样本-在沙盒中修改文件名\\@WanaDecryptor@.exe",
      "FileVersion": "6.1.7600.16385 (win7_rtm.090713-1255)",
      "Description": "Load PerfMon Counters",
      "Product": "Microsoft® Windows® Operating System",
      "Company": "Microsoft Corporation",
      "OriginalFileName": "LODCTR.EXE",
      "CommandLine": "@WanaDecryptor@.exe co",
      "CurrentDirectory": "C:\\Users\\30250_hrfous0\\Desktop\\恶意代码教学样本-在沙盒中修改文件名\\恶意代码教学样本-在沙盒中修改文件名\\",
      "User": "DESKTOP-VGNH0Q0\\30250_hrfous0",
      "LogonGuid": "815B870B-2E47-6913-46C0-010000000000",
      "LogonId": "0x1c046",
      "TerminalSessionId": 1,
      "IntegrityLevel": "Medium",
      "MD5": "7BF2B57F2A205768755C07F238FB32CC",
      "SHA256": "B9C5D4339809E0AD9A00D4D3DD26FDF44A32819A54ABF846BB9B560D81391C25",
      "IMPHASH": "DCAC8383CC76738EECB5756694C4AEB2",
      "Hashes": "MD5=7BF2B57F2A205768755C07F238FB32CC,SHA256=B9C5D4339809E0AD9A00D4D3DD26FDF44A32819A54ABF846BB9B560D81391C25,IMPHASH=DCAC8383CC76738EECB5756694C4AEB2",
      "ParentProcessGuid": "815B870B-564E-6914-3A06-000000000A00",
      "ParentProcessId": 11936,
      "ParentImage": "C:\\Users\\30250_hrfous0\\Desktop\\恶意代码教学样本-在沙盒中修改文件名\\恶意代码教学样本-在沙盒中修改文件名\\1-WannaCrypt0r.exe",
      "ParentCommandLine": "\"C:\\Users\\30250_hrfous0\\Desktop\\恶意代码教学样本-在沙盒中修改文件名\\恶意代码教学样本-在沙盒中修改文件名\\1-WannaCrypt0r.exe\"",
      "ParentUser": "DESKTOP-VGNH0Q0\\30250_hrfous0",
      "OriginalLogfile": "mytest1.evtx-0S8SF50D.json"
    },
    {
      "row_id": 157,
      "Provider_Name": "Microsoft-Windows-Sysmon",
      "Guid": "5770385F-C22A-43E0-BF4C-06F5698FFBD9",
      "EventID": 1,
      "Version": 5,
      "Level": 4,
      "Task": 1,
      "Opcode": 0,
      "Keywords": "0x8000000000000000",
      "SystemTime": "2025-11-12T09:45:14.628073Z",
      "EventRecordID": 17144,
      "ProcessID": 11104,
      "ThreadID": 11400,
      "Channel": "Microsoft-Windows-Sysmon/Operational",
      "Computer": "DESKTOP-VGNH0Q0",
      "UserID": "S-1-5-18",
      "RuleName": "-",
      "UtcTime": "2025-11-12 09:45:14.622",
      "ProcessGuid": "815B870B-572A-6914-6506-000000000A00",
      "Image": "C:\\Users\\30250_hrfous0\\Desktop\\恶意代码教学样本-在沙盒中修改文件名\\恶意代码教学样本-在沙盒中修改文件名\\@WanaDecryptor@.exe",
      "FileVersion": "6.1.7600.16385 (win7_rtm.090713-1255)",
      "Description": "Load PerfMon Counters",
      "Product": "Microsoft® Windows® Operating System",
      "Company": "Microsoft Corporation",
      "OriginalFileName": "LODCTR.EXE",
      "CommandLine": "@WanaDecryptor@.exe  vs",
      "CurrentDirectory": "C:\\Users\\30250_hrfous0\\Desktop\\恶意代码教学样本-在沙盒中修改文件名\\恶意代码教学样本-在沙盒中修改文件名\\",
      "User": "DESKTOP-VGNH0Q0\\30250_hrfous0",
      "LogonGuid": "815B870B-2E47-6913-46C0-010000000000",
      "LogonId": "0x1c046",
      "TerminalSessionId": 1,
      "IntegrityLevel": "Medium",
      "MD5": "7BF2B57F2A205768755C07F238FB32CC",
      "SHA256": "B9C5D4339809E0AD9A00D4D3DD26FDF44A32819A54ABF846BB9B560D81391C25",
      "IMPHASH": "DCAC8383CC76738EECB5756694C4AEB2",
      "Hashes": "MD5=7BF2B57F2A205768755C07F238FB32CC,SHA256=B9C5D4339809E0AD9A00D4D3DD26FDF44A32819A54ABF846BB9B560D81391C25,IMPHASH=DCAC8383CC76738EECB5756694C4AEB2",
      "ParentProcessGuid": "815B870B-572A-6914-6306-000000000A00",
      "ParentProcessId": 7820,
      "ParentImage": "C:\\Windows\\SysWOW64\\cmd.exe",
      "ParentCommandLine": "cmd.exe /c start /b @WanaDecryptor@.exe vs",
      "ParentUser": "DESKTOP-VGNH0Q0\\30250_hrfous0",
      "OriginalLogfile": "mytest1.evtx-0S8SF50D.json"
    },
    {
      "row_id": 170,
      "Provider_Name": "Microsoft-Windows-Sysmon",
      "Guid": "5770385F-C22A-43E0-BF4C-06F5698FFBD9",
      "EventID": 1,
      "Version": 5,
      "Level": 4,
      "Task": 1,
      "Opcode": 0,
      "Keywords": "0x8000000000000000",
      "SystemTime": "2025-11-12T09:45:36.895519Z",
      "EventRecordID": 17167,
      "ProcessID": 11104,
      "ThreadID": 11400,
      "Channel": "Microsoft-Windows-Sysmon/Operational",
      "Computer": "DESKTOP-VGNH0Q0",
      "UserID": "S-1-5-18",
      "RuleName": "-",
      "UtcTime": "2025-11-12 09:45:36.891",
      "ProcessGuid": "815B870B-5740-6914-6D06-000000000A00",
      "Image": "C:\\Users\\30250_hrfous0\\Desktop\\恶意代码教学样本-在沙盒中修改文件名\\恶意代码教学样本-在沙盒中修改文件名\\@WanaDecryptor@.exe",
      "FileVersion": "6.1.7600.16385 (win7_rtm.090713-1255)",
      "Description": "Load PerfMon Counters",
      "Product": "Microsoft® Windows® Operating System",
      "Company": "Microsoft Corporation",
      "OriginalFileName": "LODCTR.EXE",
      "CommandLine": "@WanaDecryptor@.exe",
      "CurrentDirectory": "C:\\Users\\30250_hrfous0\\Desktop\\恶意代码教学样本-在沙盒中修改文件名\\恶意代码教学样本-在沙盒中修改文件名\\",
      "User": "DESKTOP-VGNH0Q0\\30250_hrfous0",
      "LogonGuid": "815B870B-2E47-6913-46C0-010000000000",
      "LogonId": "0x1c046",
      "TerminalSessionId": 1,
      "IntegrityLevel": "Medium",
      "MD5": "7BF2B57F2A205768755C07F238FB32CC",
      "SHA256": "B9C5D4339809E0AD9A00D4D3DD26FDF44A32819A54ABF846BB9B560D81391C25",
      "IMPHASH": "DCAC8383CC76738EECB5756694C4AEB2",
      "Hashes": "MD5=7BF2B57F2A205768755C07F238FB32CC,SHA256=B9C5D4339809E0AD9A00D4D3DD26FDF44A32819A54ABF846BB9B560D81391C25,IMPHASH=DCAC8383CC76738EECB5756694C4AEB2",
      "ParentProcessGuid": "815B870B-564E-6914-3A06-000000000A00",
      "ParentProcessId": 11936,
      "ParentImage": "C:\\Users\\30250_hrfous0\\Desktop\\恶意代码教学样本-在沙盒中修改文件名\\恶意代码教学样本-在沙盒中修改文件名\\1-WannaCrypt0r.exe",
      "ParentCommandLine": "\"C:\\Users\\30250_hrfous0\\Desktop\\恶意代码教学样本-在沙盒中修改文件名\\恶意代码教学样本-在沙盒中修改文件名\\1-WannaCrypt0r.exe\"",
      "ParentUser": "DESKTOP-VGNH0Q0\\30250_hrfous0",
      "OriginalLogfile": "mytest1.evtx-0S8SF50D.json"
    },
    {
      "row_id": 178,
      "Provider_Name": "Microsoft-Windows-Sysmon",
      "Guid": "5770385F-C22A-43E0-BF4C-06F5698FFBD9",
      "EventID": 1,
      "Version": 5,
      "Level": 4,
      "Task": 1,
      "Opcode": 0,
      "Keywords": "0x8000000000000000",
      "SystemTime": "2025-11-12T09:46:07.444903Z",
      "EventRecordID": 17179,
      "ProcessID": 11104,
      "ThreadID": 11400,
      "Channel": "Microsoft-Windows-Sysmon/Operational",
      "Computer": "DESKTOP-VGNH0Q0",
      "UserID": "S-1-5-18",
      "RuleName": "-",
      "UtcTime": "2025-11-12 09:46:07.441",
      "ProcessGuid": "815B870B-575F-6914-7606-000000000A00",
      "Image": "C:\\Users\\30250_hrfous0\\Desktop\\恶意代码教学样本-在沙盒中修改文件名\\恶意代码教学样本-在沙盒中修改文件名\\@WanaDecryptor@.exe",
      "FileVersion": "6.1.7600.16385 (win7_rtm.090713-1255)",
      "Description": "Load PerfMon Counters",
      "Product": "Microsoft® Windows® Operating System",
      "Company": "Microsoft Corporation",
      "OriginalFileName": "LODCTR.EXE",
      "CommandLine": "@WanaDecryptor@.exe",
      "CurrentDirectory": "C:\\Users\\30250_hrfous0\\Desktop\\恶意代码教学样本-在沙盒中修改文件名\\恶意代码教学样本-在沙盒中修改文件名\\",
      "User": "DESKTOP-VGNH0Q0\\30250_hrfous0",
      "LogonGuid": "815B870B-2E47-6913-46C0-010000000000",
      "LogonId": "0x1c046",
      "TerminalSessionId": 1,
      "IntegrityLevel": "Medium",
      "MD5": "7BF2B57F2A205768755C07F238FB32CC",
      "SHA256": "B9C5D4339809E0AD9A00D4D3DD26FDF44A32819A54ABF846BB9B560D81391C25",
      "IMPHASH": "DCAC8383CC76738EECB5756694C4AEB2",
      "Hashes": "MD5=7BF2B57F2A205768755C07F238FB32CC,SHA256=B9C5D4339809E0AD9A00D4D3DD26FDF44A32819A54ABF846BB9B560D81391C25,IMPHASH=DCAC8383CC76738EECB5756694C4AEB2",
      "ParentProcessGuid": "815B870B-564E-6914-3A06-000000000A00",
      "ParentProcessId": 11936,
      "ParentImage": "C:\\Users\\30250_hrfous0\\Desktop\\恶意代码教学样本-在沙盒中修改文件名\\恶意代码教学样本-在沙盒中修改文件名\\1-WannaCrypt0r.exe",
      "ParentCommandLine": "\"C:\\Users\\30250_hrfous0\\Desktop\\恶意代码教学样本-在沙盒中修改文件名\\恶意代码教学样本-在沙盒中修改文件名\\1-WannaCrypt0r.exe\"",
      "ParentUser": "DESKTOP-VGNH0Q0\\30250_hrfous0",
      "OriginalLogfile": "mytest1.evtx-0S8SF50D.json"
    },
    {
      "row_id": 180,
      "Provider_Name": "Microsoft-Windows-Sysmon",
      "Guid": "5770385F-C22A-43E0-BF4C-06F5698FFBD9",
      "EventID": 1,
      "Version": 5,
      "Level": 4,
      "Task": 1,
      "Opcode": 0,
      "Keywords": "0x8000000000000000",
      "SystemTime": "2025-11-12T09:46:37.480624Z",
      "EventRecordID": 17183,
      "ProcessID": 11104,
      "ThreadID": 11400,
      "Channel": "Microsoft-Windows-Sysmon/Operational",
      "Computer": "DESKTOP-VGNH0Q0",
      "UserID": "S-1-5-18",
      "RuleName": "-",
      "UtcTime": "2025-11-12 09:46:37.468",
      "ProcessGuid": "815B870B-577D-6914-7C06-000000000A00",
      "Image": "C:\\Users\\30250_hrfous0\\Desktop\\恶意代码教学样本-在沙盒中修改文件名\\恶意代码教学样本-在沙盒中修改文件名\\@WanaDecryptor@.exe",
      "FileVersion": "6.1.7600.16385 (win7_rtm.090713-1255)",
      "Description": "Load PerfMon Counters",
      "Product": "Microsoft® Windows® Operating System",
      "Company": "Microsoft Corporation",
      "OriginalFileName": "LODCTR.EXE",
      "CommandLine": "@WanaDecryptor@.exe",
      "CurrentDirectory": "C:\\Users\\30250_hrfous0\\Desktop\\恶意代码教学样本-在沙盒中修改文件名\\恶意代码教学样本-在沙盒中修改文件名\\",
      "User": "DESKTOP-VGNH0Q0\\30250_hrfous0",
      "LogonGuid": "815B870B-2E47-6913-46C0-010000000000",
      "LogonId": "0x1c046",
      "TerminalSessionId": 1,
      "IntegrityLevel": "Medium",
      "MD5": "7BF2B57F2A205768755C07F238FB32CC",
      "SHA256": "B9C5D4339809E0AD9A00D4D3DD26FDF44A32819A54ABF846BB9B560D81391C25",
      "IMPHASH": "DCAC8383CC76738EECB5756694C4AEB2",
      "Hashes": "MD5=7BF2B57F2A205768755C07F238FB32CC,SHA256=B9C5D4339809E0AD9A00D4D3DD26FDF44A32819A54ABF846BB9B560D81391C25,IMPHASH=DCAC8383CC76738EECB5756694C4AEB2",
      "ParentProcessGuid": "815B870B-564E-6914-3A06-000000000A00",
      "ParentProcessId": 11936,
      "ParentImage": "C:\\Users\\30250_hrfous0\\Desktop\\恶意代码教学样本-在沙盒中修改文件名\\恶意代码教学样本-在沙盒中修改文件名\\1-WannaCrypt0r.exe",
      "ParentCommandLine": "\"C:\\Users\\30250_hrfous0\\Desktop\\恶意代码教学样本-在沙盒中修改文件名\\恶意代码教学样本-在沙盒中修改文件名\\1-WannaCrypt0r.exe\"",
      "ParentUser": "DESKTOP-VGNH0Q0\\30250_hrfous0",
      "OriginalLogfile": "mytest1.evtx-0S8SF50D.json"
    },
    {
      "row_id": 182,
      "Provider_Name": "Microsoft-Windows-Sysmon",
      "Guid": "5770385F-C22A-43E0-BF4C-06F5698FFBD9",
      "EventID": 1,
      "Version": 5,
      "Level": 4,
      "Task": 1,
      "Opcode": 0,
      "Keywords": "0x8000000000000000",
      "SystemTime": "2025-11-12T09:47:07.507760Z",
      "EventRecordID": 17187,
      "ProcessID": 11104,
      "ThreadID": 11400,
      "Channel": "Microsoft-Windows-Sysmon/Operational",
      "Computer": "DESKTOP-VGNH0Q0",
      "UserID": "S-1-5-18",
      "RuleName": "-",
      "UtcTime": "2025-11-12 09:47:07.503",
      "ProcessGuid": "815B870B-579B-6914-8106-000000000A00",
      "Image": "C:\\Users\\30250_hrfous0\\Desktop\\恶意代码教学样本-在沙盒中修改文件名\\恶意代码教学样本-在沙盒中修改文件名\\@WanaDecryptor@.exe",
      "FileVersion": "6.1.7600.16385 (win7_rtm.090713-1255)",
      "Description": "Load PerfMon Counters",
      "Product": "Microsoft® Windows® Operating System",
      "Company": "Microsoft Corporation",
      "OriginalFileName": "LODCTR.EXE",
      "CommandLine": "@WanaDecryptor@.exe",
      "CurrentDirectory": "C:\\Users\\30250_hrfous0\\Desktop\\恶意代码教学样本-在沙盒中修改文件名\\恶意代码教学样本-在沙盒中修改文件名\\",
      "User": "DESKTOP-VGNH0Q0\\30250_hrfous0",
      "LogonGuid": "815B870B-2E47-6913-46C0-010000000000",
      "LogonId": "0x1c046",
      "TerminalSessionId": 1,
      "IntegrityLevel": "Medium",
      "MD5": "7BF2B57F2A205768755C07F238FB32CC",
      "SHA256": "B9C5D4339809E0AD9A00D4D3DD26FDF44A32819A54ABF846BB9B560D81391C25",
      "IMPHASH": "DCAC8383CC76738EECB5756694C4AEB2",
      "Hashes": "MD5=7BF2B57F2A205768755C07F238FB32CC,SHA256=B9C5D4339809E0AD9A00D4D3DD26FDF44A32819A54ABF846BB9B560D81391C25,IMPHASH=DCAC8383CC76738EECB5756694C4AEB2",
      "ParentProcessGuid": "815B870B-564E-6914-3A06-000000000A00",
      "ParentProcessId": 11936,
      "ParentImage": "C:\\Users\\30250_hrfous0\\Desktop\\恶意代码教学样本-在沙盒中修改文件名\\恶意代码教学样本-在沙盒中修改文件名\\1-WannaCrypt0r.exe",
      "ParentCommandLine": "\"C:\\Users\\30250_hrfous0\\Desktop\\恶意代码教学样本-在沙盒中修改文件名\\恶意代码教学样本-在沙盒中修改文件名\\1-WannaCrypt0r.exe\"",
      "ParentUser": "DESKTOP-VGNH0Q0\\30250_hrfous0",
      "OriginalLogfile": "mytest1.evtx-0S8SF50D.json"
    },
    {
      "row_id": 184,
      "Provider_Name": "Microsoft-Windows-Sysmon",
      "Guid": "5770385F-C22A-43E0-BF4C-06F5698FFBD9",
      "EventID": 1,
      "Version": 5,
      "Level": 4,
      "Task": 1,
      "Opcode": 0,
      "Keywords": "0x8000000000000000",
      "SystemTime": "2025-11-12T09:47:37.551108Z",
      "EventRecordID": 17191,
      "ProcessID": 11104,
      "ThreadID": 11400,
      "Channel": "Microsoft-Windows-Sysmon/Operational",
      "Computer": "DESKTOP-VGNH0Q0",
      "UserID": "S-1-5-18",
      "RuleName": "-",
      "UtcTime": "2025-11-12 09:47:37.547",
      "ProcessGuid": "815B870B-57B9-6914-8306-000000000A00",
      "Image": "C:\\Users\\30250_hrfous0\\Desktop\\恶意代码教学样本-在沙盒中修改文件名\\恶意代码教学样本-在沙盒中修改文件名\\@WanaDecryptor@.exe",
      "FileVersion": "6.1.7600.16385 (win7_rtm.090713-1255)",
      "Description": "Load PerfMon Counters",
      "Product": "Microsoft® Windows® Operating System",
      "Company": "Microsoft Corporation",
      "OriginalFileName": "LODCTR.EXE",
      "CommandLine": "@WanaDecryptor@.exe",
      "CurrentDirectory": "C:\\Users\\30250_hrfous0\\Desktop\\恶意代码教学样本-在沙盒中修改文件名\\恶意代码教学样本-在沙盒中修改文件名\\",
      "User": "DESKTOP-VGNH0Q0\\30250_hrfous0",
      "LogonGuid": "815B870B-2E47-6913-46C0-010000000000",
      "LogonId": "0x1c046",
      "TerminalSessionId": 1,
      "IntegrityLevel": "Medium",
      "MD5": "7BF2B57F2A205768755C07F238FB32CC",
      "SHA256": "B9C5D4339809E0AD9A00D4D3DD26FDF44A32819A54ABF846BB9B560D81391C25",
      "IMPHASH": "DCAC8383CC76738EECB5756694C4AEB2",
      "Hashes": "MD5=7BF2B57F2A205768755C07F238FB32CC,SHA256=B9C5D4339809E0AD9A00D4D3DD26FDF44A32819A54ABF846BB9B560D81391C25,IMPHASH=DCAC8383CC76738EECB5756694C4AEB2",
      "ParentProcessGuid": "815B870B-564E-6914-3A06-000000000A00",
      "ParentProcessId": 11936,
      "ParentImage": "C:\\Users\\30250_hrfous0\\Desktop\\恶意代码教学样本-在沙盒中修改文件名\\恶意代码教学样本-在沙盒中修改文件名\\1-WannaCrypt0r.exe",
      "ParentCommandLine": "\"C:\\Users\\30250_hrfous0\\Desktop\\恶意代码教学样本-在沙盒中修改文件名\\恶意代码教学样本-在沙盒中修改文件名\\1-WannaCrypt0r.exe\"",
      "ParentUser": "DESKTOP-VGNH0Q0\\30250_hrfous0",
      "OriginalLogfile": "mytest1.evtx-0S8SF50D.json"
    },
    {
      "row_id": 186,
      "Provider_Name": "Microsoft-Windows-Sysmon",
      "Guid": "5770385F-C22A-43E0-BF4C-06F5698FFBD9",
      "EventID": 1,
      "Version": 5,
      "Level": 4,
      "Task": 1,
      "Opcode": 0,
      "Keywords": "0x8000000000000000",
      "SystemTime": "2025-11-12T09:48:07.586756Z",
      "EventRecordID": 17196,
      "ProcessID": 11104,
      "ThreadID": 11400,
      "Channel": "Microsoft-Windows-Sysmon/Operational",
      "Computer": "DESKTOP-VGNH0Q0",
      "UserID": "S-1-5-18",
      "RuleName": "-",
      "UtcTime": "2025-11-12 09:48:07.578",
      "ProcessGuid": "815B870B-57D7-6914-8906-000000000A00",
      "Image": "C:\\Users\\30250_hrfous0\\Desktop\\恶意代码教学样本-在沙盒中修改文件名\\恶意代码教学样本-在沙盒中修改文件名\\@WanaDecryptor@.exe",
      "FileVersion": "6.1.7600.16385 (win7_rtm.090713-1255)",
      "Description": "Load PerfMon Counters",
      "Product": "Microsoft® Windows® Operating System",
      "Company": "Microsoft Corporation",
      "OriginalFileName": "LODCTR.EXE",
      "CommandLine": "@WanaDecryptor@.exe",
      "CurrentDirectory": "C:\\Users\\30250_hrfous0\\Desktop\\恶意代码教学样本-在沙盒中修改文件名\\恶意代码教学样本-在沙盒中修改文件名\\",
      "User": "DESKTOP-VGNH0Q0\\30250_hrfous0",
      "LogonGuid": "815B870B-2E47-6913-46C0-010000000000",
      "LogonId": "0x1c046",
      "TerminalSessionId": 1,
      "IntegrityLevel": "Medium",
      "MD5": "7BF2B57F2A205768755C07F238FB32CC",
      "SHA256": "B9C5D4339809E0AD9A00D4D3DD26FDF44A32819A54ABF846BB9B560D81391C25",
      "IMPHASH": "DCAC8383CC76738EECB5756694C4AEB2",
      "Hashes": "MD5=7BF2B57F2A205768755C07F238FB32CC,SHA256=B9C5D4339809E0AD9A00D4D3DD26FDF44A32819A54ABF846BB9B560D81391C25,IMPHASH=DCAC8383CC76738EECB5756694C4AEB2",
      "ParentProcessGuid": "815B870B-564E-6914-3A06-000000000A00",
      "ParentProcessId": 11936,
      "ParentImage": "C:\\Users\\30250_hrfous0\\Desktop\\恶意代码教学样本-在沙盒中修改文件名\\恶意代码教学样本-在沙盒中修改文件名\\1-WannaCrypt0r.exe",
      "ParentCommandLine": "\"C:\\Users\\30250_hrfous0\\Desktop\\恶意代码教学样本-在沙盒中修改文件名\\恶意代码教学样本-在沙盒中修改文件名\\1-WannaCrypt0r.exe\"",
      "ParentUser": "DESKTOP-VGNH0Q0\\30250_hrfous0",
      "OriginalLogfile": "mytest1.evtx-0S8SF50D.json"
    },
