[{
  "title": "创建文件taskdl.exe",
  "id": "",
  "description": "",
  "sigmafile": "",
  "sigma": [
    "SELECT * FROM logs WHERE EventID=11 AND TargetFilename LIKE '%taskdl.exe%' ESCAPE '\\'"
  ],
  "rule_level": "high",
  "tags": [],
  "count": 1,
  "matches": [
    {
      "row_id": 78,
      "Provider_Name": "Microsoft-Windows-Sysmon",
      "Guid": "5770385F-C22A-43E0-BF4C-06F5698FFBD9",
      "EventID": 11,
      "Version": 2,
      "Level": 4,
      "Task": 11,
      "Opcode": 0,
      "Keywords": "0x8000000000000000",
      "SystemTime": "2025-11-12T09:41:35.165988Z",
      "EventRecordID": 5793,
      "ProcessID": 11104,
      "ThreadID": 11400,
      "Channel": "Microsoft-Windows-Sysmon/Operational",
      "Computer": "DESKTOP-VGNH0Q0",
      "UserID": "S-1-5-18",
      "RuleName": "EXE",
      "UtcTime": "2025-11-12 09:41:35.162",
      "ProcessGuid": "815B870B-564E-6914-3A06-000000000A00",
      "Image": "C:\\Users\\30250_hrfous0\\Desktop\\恶意代码教学样本-在沙盒中修改文件名\\恶意代码教学样本-在沙盒中修改文件名\\1-WannaCrypt0r.exe",
      "User": "DESKTOP-VGNH0Q0\\30250_hrfous0",
      "OriginalLogfile": "mytest1.evtx-0S8SF50D.json",
      "TargetFileName": "C:\\Users\\30250_hrfous0\\Desktop\\恶意代码教学样本-在沙盒中修改文件名\\恶意代码教学样本-在沙盒中修改文件名\\taskdl.exe",
      "CreationUtcTime": "2025-11-12 09:41:35.162"
    }
  ]
},
{
  "title": "创建进程taskdl.exe",
  "id": "",
  "description": "",
  "sigmafile": "",
  "sigma": [
    "SELECT * FROM logs WHERE EventID=1 AND Image LIKE '%taskdl.exe%' ESCAPE '\\'"
  ],
  "rule_level": "high",
  "tags": [],
  "count": 59,
  "matches": [
    {
      "row_id": 85,
      "Provider_Name": "Microsoft-Windows-Sysmon",
      "Guid": "5770385F-C22A-43E0-BF4C-06F5698FFBD9",
      "EventID": 1,
      "Version": 5,
      "Level": 4,
      "Task": 1,
      "Opcode": 0,
      "Keywords": "0x8000000000000000",
      "SystemTime": "2025-11-12T09:41:37.401402Z",
      "EventRecordID": 5803,
      "ProcessID": 11104,
      "ThreadID": 11400,
      "Channel": "Microsoft-Windows-Sysmon/Operational",
      "Computer": "DESKTOP-VGNH0Q0",
      "UserID": "S-1-5-18",
      "RuleName": "-",
      "UtcTime": "2025-11-12 09:41:36.713",
      "ProcessGuid": "815B870B-5650-6914-4106-000000000A00",
      "Image": "C:\\Users\\30250_hrfous0\\Desktop\\恶意代码教学样本-在沙盒中修改文件名\\恶意代码教学样本-在沙盒中修改文件名\\taskdl.exe",
      "FileVersion": "6.1.7600.16385 (win7_rtm.090713-1255)",
      "Description": "SQL Client Configuration Utility EXE",
      "Product": "Microsoft® Windows® Operating System",
      "Company": "Microsoft Corporation",
      "OriginalFileName": "cliconfg.exe",
      "CommandLine": "taskdl.exe",
      "CurrentDirectory": "C:\\Users\\30250_hrfous0\\Desktop\\恶意代码教学样本-在沙盒中修改文件名\\恶意代码教学样本-在沙盒中修改文件名\\",
      "User": "DESKTOP-VGNH0Q0\\30250_hrfous0",
      "LogonGuid": "815B870B-2E47-6913-46C0-010000000000",
      "LogonId": "0x1c046",
      "TerminalSessionId": 1,
      "IntegrityLevel": "Medium",
      "MD5": "4FEF5E34143E646DBF9907C4374276F5",
      "SHA256": "4A468603FDCB7A2EB5770705898CF9EF37AADE532A7964642ECD705A74794B79",
      "IMPHASH": "818097ACF11D6A2AC55031896B50D98C",
      "Hashes": "MD5=4FEF5E34143E646DBF9907C4374276F5,SHA256=4A468603FDCB7A2EB5770705898CF9EF37AADE532A7964642ECD705A74794B79,IMPHASH=818097ACF11D6A2AC55031896B50D98C",
      "ParentProcessGuid": "815B870B-564E-6914-3A06-000000000A00",
      "ParentProcessId": 11936,
      "ParentImage": "C:\\Users\\30250_hrfous0\\Desktop\\恶意代码教学样本-在沙盒中修改文件名\\恶意代码教学样本-在沙盒中修改文件名\\1-WannaCrypt0r.exe",
      "ParentCommandLine": "\"C:\\Users\\30250_hrfous0\\Desktop\\恶意代码教学样本-在沙盒中修改文件名\\恶意代码教学样本-在沙盒中修改文件名\\1-WannaCrypt0r.exe\"",
      "ParentUser": "DESKTOP-VGNH0Q0\\30250_hrfous0",
      "OriginalLogfile": "mytest1.evtx-0S8SF50D.json"
    },
    {
      "row_id": 104,
      "Provider_Name": "Microsoft-Windows-Sysmon",
      "Guid": "5770385F-C22A-43E0-BF4C-06F5698FFBD9",
      "EventID": 1,
      "Version": 5,
      "Level": 4,
      "Task": 1,
      "Opcode": 0,
      "Keywords": "0x8000000000000000",
      "SystemTime": "2025-11-12T09:42:07.630443Z",
      "EventRecordID": 6097,
      "ProcessID": 11104,
      "ThreadID": 11400,
      "Channel": "Microsoft-Windows-Sysmon/Operational",
      "Computer": "DESKTOP-VGNH0Q0",
      "UserID": "S-1-5-18",
      "RuleName": "-",
      "UtcTime": "2025-11-12 09:42:07.624",
      "ProcessGuid": "815B870B-566F-6914-4506-000000000A00",
      "Image": "C:\\Users\\30250_hrfous0\\Desktop\\恶意代码教学样本-在沙盒中修改文件名\\恶意代码教学样本-在沙盒中修改文件名\\taskdl.exe",
      "FileVersion": "6.1.7600.16385 (win7_rtm.090713-1255)",
      "Description": "SQL Client Configuration Utility EXE",
      "Product": "Microsoft® Windows® Operating System",
      "Company": "Microsoft Corporation",
      "OriginalFileName": "cliconfg.exe",
      "CommandLine": "taskdl.exe",
      "CurrentDirectory": "C:\\Users\\30250_hrfous0\\Desktop\\恶意代码教学样本-在沙盒中修改文件名\\恶意代码教学样本-在沙盒中修改文件名\\",
      "User": "DESKTOP-VGNH0Q0\\30250_hrfous0",
      "LogonGuid": "815B870B-2E47-6913-46C0-010000000000",
      "LogonId": "0x1c046",
      "TerminalSessionId": 1,
      "IntegrityLevel": "Medium",
      "MD5": "4FEF5E34143E646DBF9907C4374276F5",
      "SHA256": "4A468603FDCB7A2EB5770705898CF9EF37AADE532A7964642ECD705A74794B79",
      "IMPHASH": "818097ACF11D6A2AC55031896B50D98C",
      "Hashes": "MD5=4FEF5E34143E646DBF9907C4374276F5,SHA256=4A468603FDCB7A2EB5770705898CF9EF37AADE532A7964642ECD705A74794B79,IMPHASH=818097ACF11D6A2AC55031896B50D98C",
      "ParentProcessGuid": "815B870B-564E-6914-3A06-000000000A00",
      "ParentProcessId": 11936,
      "ParentImage": "C:\\Users\\30250_hrfous0\\Desktop\\恶意代码教学样本-在沙盒中修改文件名\\恶意代码教学样本-在沙盒中修改文件名\\1-WannaCrypt0r.exe",
      "ParentCommandLine": "\"C:\\Users\\30250_hrfous0\\Desktop\\恶意代码教学样本-在沙盒中修改文件名\\恶意代码教学样本-在沙盒中修改文件名\\1-WannaCrypt0r.exe\"",
      "ParentUser": "DESKTOP-VGNH0Q0\\30250_hrfous0",
      "OriginalLogfile": "mytest1.evtx-0S8SF50D.json"
    },
    {
      "row_id": 140,
      "Provider_Name": "Microsoft-Windows-Sysmon",
      "Guid": "5770385F-C22A-43E0-BF4C-06F5698FFBD9",
      "EventID": 1,
      "Version": 5,
      "Level": 4,
      "Task": 1,
      "Opcode": 0,
      "Keywords": "0x8000000000000000",
      "SystemTime": "2025-11-12T09:42:37.788534Z",
      "EventRecordID": 7794,
      "ProcessID": 11104,
      "ThreadID": 11400,
      "Channel": "Microsoft-Windows-Sysmon/Operational",
      "Computer": "DESKTOP-VGNH0Q0",
      "UserID": "S-1-5-18",
      "RuleName": "-",
      "UtcTime": "2025-11-12 09:42:37.783",
      "ProcessGuid": "815B870B-568D-6914-4C06-000000000A00",
      "Image": "C:\\Users\\30250_hrfous0\\Desktop\\恶意代码教学样本-在沙盒中修改文件名\\恶意代码教学样本-在沙盒中修改文件名\\taskdl.exe",
      "FileVersion": "6.1.7600.16385 (win7_rtm.090713-1255)",
      "Description": "SQL Client Configuration Utility EXE",
      "Product": "Microsoft® Windows® Operating System",
      "Company": "Microsoft Corporation",
      "OriginalFileName": "cliconfg.exe",
      "CommandLine": "taskdl.exe",
      "CurrentDirectory": "C:\\Users\\30250_hrfous0\\Desktop\\恶意代码教学样本-在沙盒中修改文件名\\恶意代码教学样本-在沙盒中修改文件名\\",
      "User": "DESKTOP-VGNH0Q0\\30250_hrfous0",
      "LogonGuid": "815B870B-2E47-6913-46C0-010000000000",
      "LogonId": "0x1c046",
      "TerminalSessionId": 1,
      "IntegrityLevel": "Medium",
      "MD5": "4FEF5E34143E646DBF9907C4374276F5",
      "SHA256": "4A468603FDCB7A2EB5770705898CF9EF37AADE532A7964642ECD705A74794B79",
      "IMPHASH": "818097ACF11D6A2AC55031896B50D98C",
      "Hashes": "MD5=4FEF5E34143E646DBF9907C4374276F5,SHA256=4A468603FDCB7A2EB5770705898CF9EF37AADE532A7964642ECD705A74794B79,IMPHASH=818097ACF11D6A2AC55031896B50D98C",
      "ParentProcessGuid": "815B870B-564E-6914-3A06-000000000A00",
      "ParentProcessId": 11936,
      "ParentImage": "C:\\Users\\30250_hrfous0\\Desktop\\恶意代码教学样本-在沙盒中修改文件名\\恶意代码教学样本-在沙盒中修改文件名\\1-WannaCrypt0r.exe",
      "ParentCommandLine": "\"C:\\Users\\30250_hrfous0\\Desktop\\恶意代码教学样本-在沙盒中修改文件名\\恶意代码教学样本-在沙盒中修改文件名\\1-WannaCrypt0r.exe\"",
      "ParentUser": "DESKTOP-VGNH0Q0\\30250_hrfous0",
      "OriginalLogfile": "mytest1.evtx-0S8SF50D.json"
    },
    {
      "row_id": 141,
      "Provider_Name": "Microsoft-Windows-Sysmon",
      "Guid": "5770385F-C22A-43E0-BF4C-06F5698FFBD9",
      "EventID": 1,
      "Version": 5,
      "Level": 4,
      "Task": 1,
      "Opcode": 0,
      "Keywords": "0x8000000000000000",
      "SystemTime": "2025-11-12T09:43:07.968345Z",
      "EventRecordID": 9775,
      "ProcessID": 11104,
      "ThreadID": 11400,
      "Channel": "Microsoft-Windows-Sysmon/Operational",
      "Computer": "DESKTOP-VGNH0Q0",
      "UserID": "S-1-5-18",
      "RuleName": "-",
      "UtcTime": "2025-11-12 09:43:07.964",
      "ProcessGuid": "815B870B-56AB-6914-5006-000000000A00",
      "Image": "C:\\Users\\30250_hrfous0\\Desktop\\恶意代码教学样本-在沙盒中修改文件名\\恶意代码教学样本-在沙盒中修改文件名\\taskdl.exe",
      "FileVersion": "6.1.7600.16385 (win7_rtm.090713-1255)",
      "Description": "SQL Client Configuration Utility EXE",
      "Product": "Microsoft® Windows® Operating System",
      "Company": "Microsoft Corporation",
      "OriginalFileName": "cliconfg.exe",
      "CommandLine": "taskdl.exe",
      "CurrentDirectory": "C:\\Users\\30250_hrfous0\\Desktop\\恶意代码教学样本-在沙盒中修改文件名\\恶意代码教学样本-在沙盒中修改文件名\\",
      "User": "DESKTOP-VGNH0Q0\\30250_hrfous0",
      "LogonGuid": "815B870B-2E47-6913-46C0-010000000000",
      "LogonId": "0x1c046",
      "TerminalSessionId": 1,
      "IntegrityLevel": "Medium",
      "MD5": "4FEF5E34143E646DBF9907C4374276F5",
      "SHA256": "4A468603FDCB7A2EB5770705898CF9EF37AADE532A7964642ECD705A74794B79",
      "IMPHASH": "818097ACF11D6A2AC55031896B50D98C",
      "Hashes": "MD5=4FEF5E34143E646DBF9907C4374276F5,SHA256=4A468603FDCB7A2EB5770705898CF9EF37AADE532A7964642ECD705A74794B79,IMPHASH=818097ACF11D6A2AC55031896B50D98C",
      "ParentProcessGuid": "815B870B-564E-6914-3A06-000000000A00",
      "ParentProcessId": 11936,
      "ParentImage": "C:\\Users\\30250_hrfous0\\Desktop\\恶意代码教学样本-在沙盒中修改文件名\\恶意代码教学样本-在沙盒中修改文件名\\1-WannaCrypt0r.exe",
      "ParentCommandLine": "\"C:\\Users\\30250_hrfous0\\Desktop\\恶意代码教学样本-在沙盒中修改文件名\\恶意代码教学样本-在沙盒中修改文件名\\1-WannaCrypt0r.exe\"",
      "ParentUser": "DESKTOP-VGNH0Q0\\30250_hrfous0",
      "OriginalLogfile": "mytest1.evtx-0S8SF50D.json"
    },
    {
      "row_id": 149,
      "Provider_Name": "Microsoft-Windows-Sysmon",
      "Guid": "5770385F-C22A-43E0-BF4C-06F5698FFBD9",
      "EventID": 1,
      "Version": 5,
      "Level": 4,
      "Task": 1,
      "Opcode": 0,
      "Keywords": "0x8000000000000000",
      "SystemTime": "2025-11-12T09:43:41.063965Z",
      "EventRecordID": 11884,
      "ProcessID": 11104,
      "ThreadID": 11400,
      "Channel": "Microsoft-Windows-Sysmon/Operational",
      "Computer": "DESKTOP-VGNH0Q0",
      "UserID": "S-1-5-18",
      "RuleName": "-",
      "UtcTime": "2025-11-12 09:43:41.061",
      "ProcessGuid": "815B870B-56CD-6914-5306-000000000A00",
      "Image": "C:\\Users\\30250_hrfous0\\Desktop\\恶意代码教学样本-在沙盒中修改文件名\\恶意代码教学样本-在沙盒中修改文件名\\taskdl.exe",
      "FileVersion": "6.1.7600.16385 (win7_rtm.090713-1255)",
      "Description": "SQL Client Configuration Utility EXE",
      "Product": "Microsoft® Windows® Operating System",
      "Company": "Microsoft Corporation",
      "OriginalFileName": "cliconfg.exe",
      "CommandLine": "taskdl.exe",
      "CurrentDirectory": "C:\\Users\\30250_hrfous0\\Desktop\\恶意代码教学样本-在沙盒中修改文件名\\恶意代码教学样本-在沙盒中修改文件名\\",
      "User": "DESKTOP-VGNH0Q0\\30250_hrfous0",
      "LogonGuid": "815B870B-2E47-6913-46C0-010000000000",
      "LogonId": "0x1c046",
      "TerminalSessionId": 1,
      "IntegrityLevel": "Medium",
      "MD5": "4FEF5E34143E646DBF9907C4374276F5",
      "SHA256": "4A468603FDCB7A2EB5770705898CF9EF37AADE532A7964642ECD705A74794B79",
      "IMPHASH": "818097ACF11D6A2AC55031896B50D98C",
      "Hashes": "MD5=4FEF5E34143E646DBF9907C4374276F5,SHA256=4A468603FDCB7A2EB5770705898CF9EF37AADE532A7964642ECD705A74794B79,IMPHASH=818097ACF11D6A2AC55031896B50D98C",
      "ParentProcessGuid": "815B870B-564E-6914-3A06-000000000A00",
      "ParentProcessId": 11936,
      "ParentImage": "C:\\Users\\30250_hrfous0\\Desktop\\恶意代码教学样本-在沙盒中修改文件名\\恶意代码教学样本-在沙盒中修改文件名\\1-WannaCrypt0r.exe",
      "ParentCommandLine": "\"C:\\Users\\30250_hrfous0\\Desktop\\恶意代码教学样本-在沙盒中修改文件名\\恶意代码教学样本-在沙盒中修改文件名\\1-WannaCrypt0r.exe\"",
      "ParentUser": "DESKTOP-VGNH0Q0\\30250_hrfous0",
      "OriginalLogfile": "mytest1.evtx-0S8SF50D.json"
    },
    {
      "row_id": 151,
      "Provider_Name": "Microsoft-Windows-Sysmon",
      "Guid": "5770385F-C22A-43E0-BF4C-06F5698FFBD9",
      "EventID": 1,
      "Version": 5,
      "Level": 4,
      "Task": 1,
      "Opcode": 0,
      "Keywords": "0x8000000000000000",
      "SystemTime": "2025-11-12T09:44:11.222756Z",
      "EventRecordID": 13723,
      "ProcessID": 11104,
      "ThreadID": 11400,
      "Channel": "Microsoft-Windows-Sysmon/Operational",
      "Computer": "DESKTOP-VGNH0Q0",
      "UserID": "S-1-5-18",
      "RuleName": "-",
      "UtcTime": "2025-11-12 09:44:11.217",
      "ProcessGuid": "815B870B-56EB-6914-5806-000000000A00",
      "Image": "C:\\Users\\30250_hrfous0\\Desktop\\恶意代码教学样本-在沙盒中修改文件名\\恶意代码教学样本-在沙盒中修改文件名\\taskdl.exe",
      "FileVersion": "6.1.7600.16385 (win7_rtm.090713-1255)",
      "Description": "SQL Client Configuration Utility EXE",
      "Product": "Microsoft® Windows® Operating System",
      "Company": "Microsoft Corporation",
      "OriginalFileName": "cliconfg.exe",
      "CommandLine": "taskdl.exe",
      "CurrentDirectory": "C:\\Users\\30250_hrfous0\\Desktop\\恶意代码教学样本-在沙盒中修改文件名\\恶意代码教学样本-在沙盒中修改文件名\\",
      "User": "DESKTOP-VGNH0Q0\\30250_hrfous0",
      "LogonGuid": "815B870B-2E47-6913-46C0-010000000000",
      "LogonId": "0x1c046",
      "TerminalSessionId": 1,
      "IntegrityLevel": "Medium",
      "MD5": "4FEF5E34143E646DBF9907C4374276F5",
      "SHA256": "4A468603FDCB7A2EB5770705898CF9EF37AADE532A7964642ECD705A74794B79",
      "IMPHASH": "818097ACF11D6A2AC55031896B50D98C",
      "Hashes": "MD5=4FEF5E34143E646DBF9907C4374276F5,SHA256=4A468603FDCB7A2EB5770705898CF9EF37AADE532A7964642ECD705A74794B79,IMPHASH=818097ACF11D6A2AC55031896B50D98C",
      "ParentProcessGuid": "815B870B-564E-6914-3A06-000000000A00",
      "ParentProcessId": 11936,
      "ParentImage": "C:\\Users\\30250_hrfous0\\Desktop\\恶意代码教学样本-在沙盒中修改文件名\\恶意代码教学样本-在沙盒中修改文件名\\1-WannaCrypt0r.exe",
      "ParentCommandLine": "\"C:\\Users\\30250_hrfous0\\Desktop\\恶意代码教学样本-在沙盒中修改文件名\\恶意代码教学样本-在沙盒中修改文件名\\1-WannaCrypt0r.exe\"",
      "ParentUser": "DESKTOP-VGNH0Q0\\30250_hrfous0",
      "OriginalLogfile": "mytest1.evtx-0S8SF50D.json"
    },
    {
      "row_id": 153,
      "Provider_Name": "Microsoft-Windows-Sysmon",
      "Guid": "5770385F-C22A-43E0-BF4C-06F5698FFBD9",
      "EventID": 1,
      "Version": 5,
      "Level": 4,
      "Task": 1,
      "Opcode": 0,
      "Keywords": "0x8000000000000000",
      "SystemTime": "2025-11-12T09:44:49.110518Z",
      "EventRecordID": 16997,
      "ProcessID": 11104,
      "ThreadID": 11400,
      "Channel": "Microsoft-Windows-Sysmon/Operational",
      "Computer": "DESKTOP-VGNH0Q0",
      "UserID": "S-1-5-18",
      "RuleName": "-",
      "UtcTime": "2025-11-12 09:44:49.105",
      "ProcessGuid": "815B870B-5711-6914-5D06-000000000A00",
      "Image": "C:\\Users\\30250_hrfous0\\Desktop\\恶意代码教学样本-在沙盒中修改文件名\\恶意代码教学样本-在沙盒中修改文件名\\taskdl.exe",
      "FileVersion": "6.1.7600.16385 (win7_rtm.090713-1255)",
      "Description": "SQL Client Configuration Utility EXE",
      "Product": "Microsoft® Windows® Operating System",
      "Company": "Microsoft Corporation",
      "OriginalFileName": "cliconfg.exe",
      "CommandLine": "taskdl.exe",
      "CurrentDirectory": "C:\\Users\\30250_hrfous0\\Desktop\\恶意代码教学样本-在沙盒中修改文件名\\恶意代码教学样本-在沙盒中修改文件名\\",
      "User": "DESKTOP-VGNH0Q0\\30250_hrfous0",
      "LogonGuid": "815B870B-2E47-6913-46C0-010000000000",
      "LogonId": "0x1c046",
      "TerminalSessionId": 1,
      "IntegrityLevel": "Medium",
      "MD5": "4FEF5E34143E646DBF9907C4374276F5",
      "SHA256": "4A468603FDCB7A2EB5770705898CF9EF37AADE532A7964642ECD705A74794B79",
      "IMPHASH": "818097ACF11D6A2AC55031896B50D98C",
      "Hashes": "MD5=4FEF5E34143E646DBF9907C4374276F5,SHA256=4A468603FDCB7A2EB5770705898CF9EF37AADE532A7964642ECD705A74794B79,IMPHASH=818097ACF11D6A2AC55031896B50D98C",
      "ParentProcessGuid": "815B870B-564E-6914-3A06-000000000A00",
      "ParentProcessId": 11936,
      "ParentImage": "C:\\Users\\30250_hrfous0\\Desktop\\恶意代码教学样本-在沙盒中修改文件名\\恶意代码教学样本-在沙盒中修改文件名\\1-WannaCrypt0r.exe",
      "ParentCommandLine": "\"C:\\Users\\30250_hrfous0\\Desktop\\恶意代码教学样本-在沙盒中修改文件名\\恶意代码教学样本-在沙盒中修改文件名\\1-WannaCrypt0r.exe\"",
      "ParentUser": "DESKTOP-VGNH0Q0\\30250_hrfous0",
      "OriginalLogfile": "mytest1.evtx-0S8SF50D.json"
    },
    {
      "row_id": 158,
      "Provider_Name": "Microsoft-Windows-Sysmon",
      "Guid": "5770385F-C22A-43E0-BF4C-06F5698FFBD9",
      "EventID": 1,
      "Version": 5,
      "Level": 4,
      "Task": 1,
      "Opcode": 0,
      "Keywords": "0x8000000000000000",
      "SystemTime": "2025-11-12T09:45:19.270361Z",
      "EventRecordID": 17145,
      "ProcessID": 11104,
      "ThreadID": 11400,
      "Channel": "Microsoft-Windows-Sysmon/Operational",
      "Computer": "DESKTOP-VGNH0Q0",
      "UserID": "S-1-5-18",
      "RuleName": "-",
      "UtcTime": "2025-11-12 09:45:19.265",
      "ProcessGuid": "815B870B-572F-6914-6606-000000000A00",
      "Image": "C:\\Users\\30250_hrfous0\\Desktop\\恶意代码教学样本-在沙盒中修改文件名\\恶意代码教学样本-在沙盒中修改文件名\\taskdl.exe",
      "FileVersion": "6.1.7600.16385 (win7_rtm.090713-1255)",
      "Description": "SQL Client Configuration Utility EXE",
      "Product": "Microsoft® Windows® Operating System",
      "Company": "Microsoft Corporation",
      "OriginalFileName": "cliconfg.exe",
      "CommandLine": "taskdl.exe",
      "CurrentDirectory": "C:\\Users\\30250_hrfous0\\Desktop\\恶意代码教学样本-在沙盒中修改文件名\\恶意代码教学样本-在沙盒中修改文件名\\",
      "User": "DESKTOP-VGNH0Q0\\30250_hrfous0",
      "LogonGuid": "815B870B-2E47-6913-46C0-010000000000",
      "LogonId": "0x1c046",
      "TerminalSessionId": 1,
      "IntegrityLevel": "Medium",
      "MD5": "4FEF5E34143E646DBF9907C4374276F5",
      "SHA256": "4A468603FDCB7A2EB5770705898CF9EF37AADE532A7964642ECD705A74794B79",
      "IMPHASH": "818097ACF11D6A2AC55031896B50D98C",
      "Hashes": "MD5=4FEF5E34143E646DBF9907C4374276F5,SHA256=4A468603FDCB7A2EB5770705898CF9EF37AADE532A7964642ECD705A74794B79,IMPHASH=818097ACF11D6A2AC55031896B50D98C",
      "ParentProcessGuid": "815B870B-564E-6914-3A06-000000000A00",
      "ParentProcessId": 11936,
      "ParentImage": "C:\\Users\\30250_hrfous0\\Desktop\\恶意代码教学样本-在沙盒中修改文件名\\恶意代码教学样本-在沙盒中修改文件名\\1-WannaCrypt0r.exe",
      "ParentCommandLine": "\"C:\\Users\\30250_hrfous0\\Desktop\\恶意代码教学样本-在沙盒中修改文件名\\恶意代码教学样本-在沙盒中修改文件名\\1-WannaCrypt0r.exe\"",
      "ParentUser": "DESKTOP-VGNH0Q0\\30250_hrfous0",
      "OriginalLogfile": "mytest1.evtx-0S8SF50D.json"
    },
    {
      "row_id": 176,
      "Provider_Name": "Microsoft-Windows-Sysmon",
      "Guid": "5770385F-C22A-43E0-BF4C-06F5698FFBD9",
      "EventID": 1,
      "Version": 5,
      "Level": 4,
      "Task": 1,
      "Opcode": 0,
      "Keywords": "0x8000000000000000",
      "SystemTime": "2025-11-12T09:45:52.938484Z",
      "EventRecordID": 17175,
      "ProcessID": 11104,
      "ThreadID": 11400,
      "Channel": "Microsoft-Windows-Sysmon/Operational",
      "Computer": "DESKTOP-VGNH0Q0",
      "UserID": "S-1-5-18",
      "RuleName": "-",
      "UtcTime": "2025-11-12 09:45:52.934",
      "ProcessGuid": "815B870B-5750-6914-7406-000000000A00",
      "Image": "C:\\Users\\30250_hrfous0\\Desktop\\恶意代码教学样本-在沙盒中修改文件名\\恶意代码教学样本-在沙盒中修改文件名\\taskdl.exe",
      "FileVersion": "6.1.7600.16385 (win7_rtm.090713-1255)",
      "Description": "SQL Client Configuration Utility EXE",
      "Product": "Microsoft® Windows® Operating System",
      "Company": "Microsoft Corporation",
      "OriginalFileName": "cliconfg.exe",
      "CommandLine": "taskdl.exe",
      "CurrentDirectory": "C:\\Users\\30250_hrfous0\\Desktop\\恶意代码教学样本-在沙盒中修改文件名\\恶意代码教学样本-在沙盒中修改文件名\\",
      "User": "DESKTOP-VGNH0Q0\\30250_hrfous0",
      "LogonGuid": "815B870B-2E47-6913-46C0-010000000000",
      "LogonId": "0x1c046",
      "TerminalSessionId": 1,
      "IntegrityLevel": "Medium",
      "MD5": "4FEF5E34143E646DBF9907C4374276F5",
      "SHA256": "4A468603FDCB7A2EB5770705898CF9EF37AADE532A7964642ECD705A74794B79",
      "IMPHASH": "818097ACF11D6A2AC55031896B50D98C",
      "Hashes": "MD5=4FEF5E34143E646DBF9907C4374276F5,SHA256=4A468603FDCB7A2EB5770705898CF9EF37AADE532A7964642ECD705A74794B79,IMPHASH=818097ACF11D6A2AC55031896B50D98C",
      "ParentProcessGuid": "815B870B-564E-6914-3A06-000000000A00",
      "ParentProcessId": 11936,
      "ParentImage": "C:\\Users\\30250_hrfous0\\Desktop\\恶意代码教学样本-在沙盒中修改文件名\\恶意代码教学样本-在沙盒中修改文件名\\1-WannaCrypt0r.exe",
      "ParentCommandLine": "\"C:\\Users\\30250_hrfous0\\Desktop\\恶意代码教学样本-在沙盒中修改文件名\\恶意代码教学样本-在沙盒中修改文件名\\1-WannaCrypt0r.exe\"",
      "ParentUser": "DESKTOP-VGNH0Q0\\30250_hrfous0",
      "OriginalLogfile": "mytest1.evtx-0S8SF50D.json"
    },
    {
      "row_id": 179,
      "Provider_Name": "Microsoft-Windows-Sysmon",
      "Guid": "5770385F-C22A-43E0-BF4C-06F5698FFBD9",
      "EventID": 1,
      "Version": 5,
      "Level": 4,
      "Task": 1,
      "Opcode": 0,
      "Keywords": "0x8000000000000000",
      "SystemTime": "2025-11-12T09:46:23.115467Z",
      "EventRecordID": 17181,
      "ProcessID": 11104,
      "ThreadID": 11400,
      "Channel": "Microsoft-Windows-Sysmon/Operational",
      "Computer": "DESKTOP-VGNH0Q0",
      "UserID": "S-1-5-18",
      "RuleName": "-",
      "UtcTime": "2025-11-12 09:46:23.104",
      "ProcessGuid": "815B870B-576F-6914-7B06-000000000A00",
      "Image": "C:\\Users\\30250_hrfous0\\Desktop\\恶意代码教学样本-在沙盒中修改文件名\\恶意代码教学样本-在沙盒中修改文件名\\taskdl.exe",
      "FileVersion": "6.1.7600.16385 (win7_rtm.090713-1255)",
      "Description": "SQL Client Configuration Utility EXE",
      "Product": "Microsoft® Windows® Operating System",
      "Company": "Microsoft Corporation",
      "OriginalFileName": "cliconfg.exe",
      "CommandLine": "taskdl.exe",
      "CurrentDirectory": "C:\\Users\\30250_hrfous0\\Desktop\\恶意代码教学样本-在沙盒中修改文件名\\恶意代码教学样本-在沙盒中修改文件名\\",
      "User": "DESKTOP-VGNH0Q0\\30250_hrfous0",
      "LogonGuid": "815B870B-2E47-6913-46C0-010000000000",
      "LogonId": "0x1c046",
      "TerminalSessionId": 1,
      "IntegrityLevel": "Medium",
      "MD5": "4FEF5E34143E646DBF9907C4374276F5",
      "SHA256": "4A468603FDCB7A2EB5770705898CF9EF37AADE532A7964642ECD705A74794B79",
      "IMPHASH": "818097ACF11D6A2AC55031896B50D98C",
      "Hashes": "MD5=4FEF5E34143E646DBF9907C4374276F5,SHA256=4A468603FDCB7A2EB5770705898CF9EF37AADE532A7964642ECD705A74794B79,IMPHASH=818097ACF11D6A2AC55031896B50D98C",
      "ParentProcessGuid": "815B870B-564E-6914-3A06-000000000A00",
      "ParentProcessId": 11936,
      "ParentImage": "C:\\Users\\30250_hrfous0\\Desktop\\恶意代码教学样本-在沙盒中修改文件名\\恶意代码教学样本-在沙盒中修改文件名\\1-WannaCrypt0r.exe",
      "ParentCommandLine": "\"C:\\Users\\30250_hrfous0\\Desktop\\恶意代码教学样本-在沙盒中修改文件名\\恶意代码教学样本-在沙盒中修改文件名\\1-WannaCrypt0r.exe\"",
      "ParentUser": "DESKTOP-VGNH0Q0\\30250_hrfous0",
      "OriginalLogfile": "mytest1.evtx-0S8SF50D.json"
    },
    {
      "row_id": 181,
      "Provider_Name": "Microsoft-Windows-Sysmon",
      "Guid": "5770385F-C22A-43E0-BF4C-06F5698FFBD9",
      "EventID": 1,
      "Version": 5,
      "Level": 4,
      "Task": 1,
      "Opcode": 0,
      "Keywords": "0x8000000000000000",
      "SystemTime": "2025-11-12T09:46:53.354540Z",
      "EventRecordID": 17185,
      "ProcessID": 11104,
      "ThreadID": 11400,
      "Channel": "Microsoft-Windows-Sysmon/Operational",
      "Computer": "DESKTOP-VGNH0Q0",
      "UserID": "S-1-5-18",
      "RuleName": "-",
      "UtcTime": "2025-11-12 09:46:53.351",
      "ProcessGuid": "815B870B-578D-6914-7D06-000000000A00",
      "Image": "C:\\Users\\30250_hrfous0\\Desktop\\恶意代码教学样本-在沙盒中修改文件名\\恶意代码教学样本-在沙盒中修改文件名\\taskdl.exe",
      "FileVersion": "6.1.7600.16385 (win7_rtm.090713-1255)",
      "Description": "SQL Client Configuration Utility EXE",
      "Product": "Microsoft® Windows® Operating System",
      "Company": "Microsoft Corporation",
      "OriginalFileName": "cliconfg.exe",
      "CommandLine": "taskdl.exe",
      "CurrentDirectory": "C:\\Users\\30250_hrfous0\\Desktop\\恶意代码教学样本-在沙盒中修改文件名\\恶意代码教学样本-在沙盒中修改文件名\\",
      "User": "DESKTOP-VGNH0Q0\\30250_hrfous0",
      "LogonGuid": "815B870B-2E47-6913-46C0-010000000000",
      "LogonId": "0x1c046",
      "TerminalSessionId": 1,
      "IntegrityLevel": "Medium",
      "MD5": "4FEF5E34143E646DBF9907C4374276F5",
      "SHA256": "4A468603FDCB7A2EB5770705898CF9EF37AADE532A7964642ECD705A74794B79",
      "IMPHASH": "818097ACF11D6A2AC55031896B50D98C",
      "Hashes": "MD5=4FEF5E34143E646DBF9907C4374276F5,SHA256=4A468603FDCB7A2EB5770705898CF9EF37AADE532A7964642ECD705A74794B79,IMPHASH=818097ACF11D6A2AC55031896B50D98C",
      "ParentProcessGuid": "815B870B-564E-6914-3A06-000000000A00",
      "ParentProcessId": 11936,
      "ParentImage": "C:\\Users\\30250_hrfous0\\Desktop\\恶意代码教学样本-在沙盒中修改文件名\\恶意代码教学样本-在沙盒中修改文件名\\1-WannaCrypt0r.exe",
      "ParentCommandLine": "\"C:\\Users\\30250_hrfous0\\Desktop\\恶意代码教学样本-在沙盒中修改文件名\\恶意代码教学样本-在沙盒中修改文件名\\1-WannaCrypt0r.exe\"",
      "ParentUser": "DESKTOP-VGNH0Q0\\30250_hrfous0",
      "OriginalLogfile": "mytest1.evtx-0S8SF50D.json"
    },
    {
      "row_id": 183,
      "Provider_Name": "Microsoft-Windows-Sysmon",
      "Guid": "5770385F-C22A-43E0-BF4C-06F5698FFBD9",
      "EventID": 1,
      "Version": 5,
      "Level": 4,
      "Task": 1,
      "Opcode": 0,
      "Keywords": "0x8000000000000000",
      "SystemTime": "2025-11-12T09:47:23.481189Z",
      "EventRecordID": 17189,
      "ProcessID": 11104,
      "ThreadID": 11400,
      "Channel": "Microsoft-Windows-Sysmon/Operational",
      "Computer": "DESKTOP-VGNH0Q0",
      "UserID": "S-1-5-18",
      "RuleName": "-",
      "UtcTime": "2025-11-12 09:47:23.477",
      "ProcessGuid": "815B870B-57AB-6914-8206-000000000A00",
      "Image": "C:\\Users\\30250_hrfous0\\Desktop\\恶意代码教学样本-在沙盒中修改文件名\\恶意代码教学样本-在沙盒中修改文件名\\taskdl.exe",
      "FileVersion": "6.1.7600.16385 (win7_rtm.090713-1255)",
      "Description": "SQL Client Configuration Utility EXE",
      "Product": "Microsoft® Windows® Operating System",
      "Company": "Microsoft Corporation",
      "OriginalFileName": "cliconfg.exe",
      "CommandLine": "taskdl.exe",
      "CurrentDirectory": "C:\\Users\\30250_hrfous0\\Desktop\\恶意代码教学样本-在沙盒中修改文件名\\恶意代码教学样本-在沙盒中修改文件名\\",
      "User": "DESKTOP-VGNH0Q0\\30250_hrfous0",
      "LogonGuid": "815B870B-2E47-6913-46C0-010000000000",
      "LogonId": "0x1c046",
      "TerminalSessionId": 1,
      "IntegrityLevel": "Medium",
      "MD5": "4FEF5E34143E646DBF9907C4374276F5",
      "SHA256": "4A468603FDCB7A2EB5770705898CF9EF37AADE532A7964642ECD705A74794B79",
      "IMPHASH": "818097ACF11D6A2AC55031896B50D98C",
      "Hashes": "MD5=4FEF5E34143E646DBF9907C4374276F5,SHA256=4A468603FDCB7A2EB5770705898CF9EF37AADE532A7964642ECD705A74794B79,IMPHASH=818097ACF11D6A2AC55031896B50D98C",
      "ParentProcessGuid": "815B870B-564E-6914-3A06-000000000A00",
      "ParentProcessId": 11936,
      "ParentImage": "C:\\Users\\30250_hrfous0\\Desktop\\恶意代码教学样本-在沙盒中修改文件名\\恶意代码教学样本-在沙盒中修改文件名\\1-WannaCrypt0r.exe",
      "ParentCommandLine": "\"C:\\Users\\30250_hrfous0\\Desktop\\恶意代码教学样本-在沙盒中修改文件名\\恶意代码教学样本-在沙盒中修改文件名\\1-WannaCrypt0r.exe\"",
      "ParentUser": "DESKTOP-VGNH0Q0\\30250_hrfous0",
      "OriginalLogfile": "mytest1.evtx-0S8SF50D.json"
    },
    {
      "row_id": 185,
      "Provider_Name": "Microsoft-Windows-Sysmon",
      "Guid": "5770385F-C22A-43E0-BF4C-06F5698FFBD9",
      "EventID": 1,
      "Version": 5,
      "Level": 4,
      "Task": 1,
      "Opcode": 0,
      "Keywords": "0x8000000000000000",
      "SystemTime": "2025-11-12T09:47:53.608230Z",
      "EventRecordID": 17194,
      "ProcessID": 11104,
      "ThreadID": 11400,
      "Channel": "Microsoft-Windows-Sysmon/Operational",
      "Computer": "DESKTOP-VGNH0Q0",
      "UserID": "S-1-5-18",
      "RuleName": "-",
      "UtcTime": "2025-11-12 09:47:53.604",
      "ProcessGuid": "815B870B-57C9-6914-8606-000000000A00",
      "Image": "C:\\Users\\30250_hrfous0\\Desktop\\恶意代码教学样本-在沙盒中修改文件名\\恶意代码教学样本-在沙盒中修改文件名\\taskdl.exe",
      "FileVersion": "6.1.7600.16385 (win7_rtm.090713-1255)",
      "Description": "SQL Client Configuration Utility EXE",
      "Product": "Microsoft® Windows® Operating System",
      "Company": "Microsoft Corporation",
      "OriginalFileName": "cliconfg.exe",
      "CommandLine": "taskdl.exe",
      "CurrentDirectory": "C:\\Users\\30250_hrfous0\\Desktop\\恶意代码教学样本-在沙盒中修改文件名\\恶意代码教学样本-在沙盒中修改文件名\\",
      "User": "DESKTOP-VGNH0Q0\\30250_hrfous0",
      "LogonGuid": "815B870B-2E47-6913-46C0-010000000000",
      "LogonId": "0x1c046",
      "TerminalSessionId": 1,
      "IntegrityLevel": "Medium",
      "MD5": "4FEF5E34143E646DBF9907C4374276F5",
      "SHA256": "4A468603FDCB7A2EB5770705898CF9EF37AADE532A7964642ECD705A74794B79",
      "IMPHASH": "818097ACF11D6A2AC55031896B50D98C",
      "Hashes": "MD5=4FEF5E34143E646DBF9907C4374276F5,SHA256=4A468603FDCB7A2EB5770705898CF9EF37AADE532A7964642ECD705A74794B79,IMPHASH=818097ACF11D6A2AC55031896B50D98C",
      "ParentProcessGuid": "815B870B-564E-6914-3A06-000000000A00",
      "ParentProcessId": 11936,
      "ParentImage": "C:\\Users\\30250_hrfous0\\Desktop\\恶意代码教学样本-在沙盒中修改文件名\\恶意代码教学样本-在沙盒中修改文件名\\1-WannaCrypt0r.exe",
      "ParentCommandLine": "\"C:\\Users\\30250_hrfous0\\Desktop\\恶意代码教学样本-在沙盒中修改文件名\\恶意代码教学样本-在沙盒中修改文件名\\1-WannaCrypt0r.exe\"",
      "ParentUser": "DESKTOP-VGNH0Q0\\30250_hrfous0",
      "OriginalLogfile": "mytest1.evtx-0S8SF50D.json"
    },
    {
      "row_id": 187,
      "Provider_Name": "Microsoft-Windows-Sysmon",
      "Guid": "5770385F-C22A-43E0-BF4C-06F5698FFBD9",
      "EventID": 1,
      "Version": 5,
      "Level": 4,
      "Task": 1,
      "Opcode": 0,
      "Keywords": "0x8000000000000000",
      "SystemTime": "2025-11-12T09:48:23.730199Z",
      "EventRecordID": 17199,
      "ProcessID": 11104,
      "ThreadID": 11400,
      "Channel": "Microsoft-Windows-Sysmon/Operational",
      "Computer": "DESKTOP-VGNH0Q0",
      "UserID": "S-1-5-18",
      "RuleName": "-",
      "UtcTime": "2025-11-12 09:48:23.721",
      "ProcessGuid": "815B870B-57E7-6914-8B06-000000000A00",
      "Image": "C:\\Users\\30250_hrfous0\\Desktop\\恶意代码教学样本-在沙盒中修改文件名\\恶意代码教学样本-在沙盒中修改文件名\\taskdl.exe",
      "FileVersion": "6.1.7600.16385 (win7_rtm.090713-1255)",
      "Description": "SQL Client Configuration Utility EXE",
      "Product": "Microsoft® Windows® Operating System",
      "Company": "Microsoft Corporation",
      "OriginalFileName": "cliconfg.exe",
      "CommandLine": "taskdl.exe",
      "CurrentDirectory": "C:\\Users\\30250_hrfous0\\Desktop\\恶意代码教学样本-在沙盒中修改文件名\\恶意代码教学样本-在沙盒中修改文件名\\",
      "User": "DESKTOP-VGNH0Q0\\30250_hrfous0",
      "LogonGuid": "815B870B-2E47-6913-46C0-010000000000",
      "LogonId": "0x1c046",
      "TerminalSessionId": 1,
      "IntegrityLevel": "Medium",
      "MD5": "4FEF5E34143E646DBF9907C4374276F5",
      "SHA256": "4A468603FDCB7A2EB5770705898CF9EF37AADE532A7964642ECD705A74794B79",
      "IMPHASH": "818097ACF11D6A2AC55031896B50D98C",
      "Hashes": "MD5=4FEF5E34143E646DBF9907C4374276F5,SHA256=4A468603FDCB7A2EB5770705898CF9EF37AADE532A7964642ECD705A74794B79,IMPHASH=818097ACF11D6A2AC55031896B50D98C",
      "ParentProcessGuid": "815B870B-564E-6914-3A06-000000000A00",
      "ParentProcessId": 11936,
      "ParentImage": "C:\\Users\\30250_hrfous0\\Desktop\\恶意代码教学样本-在沙盒中修改文件名\\恶意代码教学样本-在沙盒中修改文件名\\1-WannaCrypt0r.exe",
      "ParentCommandLine": "\"C:\\Users\\30250_hrfous0\\Desktop\\恶意代码教学样本-在沙盒中修改文件名\\恶意代码教学样本-在沙盒中修改文件名\\1-WannaCrypt0r.exe\"",
      "ParentUser": "DESKTOP-VGNH0Q0\\30250_hrfous0",
      "OriginalLogfile": "mytest1.evtx-0S8SF50D.json"
    },
    {
      "row_id": 189,
      "Provider_Name": "Microsoft-Windows-Sysmon",
      "Guid": "5770385F-C22A-43E0-BF4C-06F5698FFBD9",
      "EventID": 1,
      "Version": 5,
      "Level": 4,
      "Task": 1,
      "Opcode": 0,
      "Keywords": "0x8000000000000000",
      "SystemTime": "2025-11-12T09:48:53.866319Z",
      "EventRecordID": 17204,
      "ProcessID": 11104,
      "ThreadID": 11400,
      "Channel": "Microsoft-Windows-Sysmon/Operational",
      "Computer": "DESKTOP-VGNH0Q0",
      "UserID": "S-1-5-18",
      "RuleName": "-",
      "UtcTime": "2025-11-12 09:48:53.862",
      "ProcessGuid": "815B870B-5805-6914-9006-000000000A00",
      "Image": "C:\\Users\\30250_hrfous0\\Desktop\\恶意代码教学样本-在沙盒中修改文件名\\恶意代码教学样本-在沙盒中修改文件名\\taskdl.exe",
      "FileVersion": "6.1.7600.16385 (win7_rtm.090713-1255)",
      "Description": "SQL Client Configuration Utility EXE",
      "Product": "Microsoft® Windows® Operating System",
      "Company": "Microsoft Corporation",
      "OriginalFileName": "cliconfg.exe",
      "CommandLine": "taskdl.exe",
      "CurrentDirectory": "C:\\Users\\30250_hrfous0\\Desktop\\恶意代码教学样本-在沙盒中修改文件名\\恶意代码教学样本-在沙盒中修改文件名\\",
      "User": "DESKTOP-VGNH0Q0\\30250_hrfous0",
      "LogonGuid": "815B870B-2E47-6913-46C0-010000000000",
      "LogonId": "0x1c046",
      "TerminalSessionId": 1,
      "IntegrityLevel": "Medium",
      "MD5": "4FEF5E34143E646DBF9907C4374276F5",
      "SHA256": "4A468603FDCB7A2EB5770705898CF9EF37AADE532A7964642ECD705A74794B79",
      "IMPHASH": "818097ACF11D6A2AC55031896B50D98C",
      "Hashes": "MD5=4FEF5E34143E646DBF9907C4374276F5,SHA256=4A468603FDCB7A2EB5770705898CF9EF37AADE532A7964642ECD705A74794B79,IMPHASH=818097ACF11D6A2AC55031896B50D98C",
      "ParentProcessGuid": "815B870B-564E-6914-3A06-000000000A00",
      "ParentProcessId": 11936,
      "ParentImage": "C:\\Users\\30250_hrfous0\\Desktop\\恶意代码教学样本-在沙盒中修改文件名\\恶意代码教学样本-在沙盒中修改文件名\\1-WannaCrypt0r.exe",
      "ParentCommandLine": "\"C:\\Users\\30250_hrfous0\\Desktop\\恶意代码教学样本-在沙盒中修改文件名\\恶意代码教学样本-在沙盒中修改文件名\\1-WannaCrypt0r.exe\"",
      "ParentUser": "DESKTOP-VGNH0Q0\\30250_hrfous0",
      "OriginalLogfile": "mytest1.evtx-0S8SF50D.json"
    },
    {
      "row_id": 191,
      "Provider_Name": "Microsoft-Windows-Sysmon",
      "Guid": "5770385F-C22A-43E0-BF4C-06F5698FFBD9",
      "EventID": 1,
      "Version": 5,
      "Level": 4,
      "Task": 1,
      "Opcode": 0,
      "Keywords": "0x8000000000000000",
      "SystemTime": "2025-11-12T09:49:23.995054Z",
      "EventRecordID": 17208,
      "ProcessID": 11104,
      "ThreadID": 11400,
      "Channel": "Microsoft-Windows-Sysmon/Operational",
      "Computer": "DESKTOP-VGNH0Q0",
      "UserID": "S-1-5-18",
      "RuleName": "-",
      "UtcTime": "2025-11-12 09:49:23.993",
      "ProcessGuid": "815B870B-5823-6914-9206-000000000A00",
      "Image": "C:\\Users\\30250_hrfous0\\Desktop\\恶意代码教学样本-在沙盒中修改文件名\\恶意代码教学样本-在沙盒中修改文件名\\taskdl.exe",
      "FileVersion": "6.1.7600.16385 (win7_rtm.090713-1255)",
      "Description": "SQL Client Configuration Utility EXE",
      "Product": "Microsoft® Windows® Operating System",
      "Company": "Microsoft Corporation",
      "OriginalFileName": "cliconfg.exe",
      "CommandLine": "taskdl.exe",
      "CurrentDirectory": "C:\\Users\\30250_hrfous0\\Desktop\\恶意代码教学样本-在沙盒中修改文件名\\恶意代码教学样本-在沙盒中修改文件名\\",
      "User": "DESKTOP-VGNH0Q0\\30250_hrfous0",
      "LogonGuid": "815B870B-2E47-6913-46C0-010000000000",
      "LogonId": "0x1c046",
      "TerminalSessionId": 1,
      "IntegrityLevel": "Medium",
      "MD5": "4FEF5E34143E646DBF9907C4374276F5",
      "SHA256": "4A468603FDCB7A2EB5770705898CF9EF37AADE532A7964642ECD705A74794B79",
      "IMPHASH": "818097ACF11D6A2AC55031896B50D98C",
      "Hashes": "MD5=4FEF5E34143E646DBF9907C4374276F5,SHA256=4A468603FDCB7A2EB5770705898CF9EF37AADE532A7964642ECD705A74794B79,IMPHASH=818097ACF11D6A2AC55031896B50D98C",
      "ParentProcessGuid": "815B870B-564E-6914-3A06-000000000A00",
      "ParentProcessId": 11936,
      "ParentImage": "C:\\Users\\30250_hrfous0\\Desktop\\恶意代码教学样本-在沙盒中修改文件名\\恶意代码教学样本-在沙盒中修改文件名\\1-WannaCrypt0r.exe",
      "ParentCommandLine": "\"C:\\Users\\30250_hrfous0\\Desktop\\恶意代码教学样本-在沙盒中修改文件名\\恶意代码教学样本-在沙盒中修改文件名\\1-WannaCrypt0r.exe\"",
      "ParentUser": "DESKTOP-VGNH0Q0\\30250_hrfous0",
      "OriginalLogfile": "mytest1.evtx-0S8SF50D.json"
    },
    {
      "row_id": 193,
      "Provider_Name": "Microsoft-Windows-Sysmon",
      "Guid": "5770385F-C22A-43E0-BF4C-06F5698FFBD9",
      "EventID": 1,
      "Version": 5,
      "Level": 4,
      "Task": 1,
      "Opcode": 0,
      "Keywords": "0x8000000000000000",
      "SystemTime": "2025-11-12T09:49:54.072664Z",
      "EventRecordID": 17212,
      "ProcessID": 11104,
      "ThreadID": 11400,
      "Channel": "Microsoft-Windows-Sysmon/Operational",
      "Computer": "DESKTOP-VGNH0Q0",
      "UserID": "S-1-5-18",
      "RuleName": "-",
      "UtcTime": "2025-11-12 09:49:54.069",
      "ProcessGuid": "815B870B-5842-6914-9706-000000000A00",
      "Image": "C:\\Users\\30250_hrfous0\\Desktop\\恶意代码教学样本-在沙盒中修改文件名\\恶意代码教学样本-在沙盒中修改文件名\\taskdl.exe",
      "FileVersion": "6.1.7600.16385 (win7_rtm.090713-1255)",
      "Description": "SQL Client Configuration Utility EXE",
      "Product": "Microsoft® Windows® Operating System",
      "Company": "Microsoft Corporation",
      "OriginalFileName": "cliconfg.exe",
      "CommandLine": "taskdl.exe",
      "CurrentDirectory": "C:\\Users\\30250_hrfous0\\Desktop\\恶意代码教学样本-在沙盒中修改文件名\\恶意代码教学样本-在沙盒中修改文件名\\",
      "User": "DESKTOP-VGNH0Q0\\30250_hrfous0",
      "LogonGuid": "815B870B-2E47-6913-46C0-010000000000",
      "LogonId": "0x1c046",
      "TerminalSessionId": 1,
      "IntegrityLevel": "Medium",
      "MD5": "4FEF5E34143E646DBF9907C4374276F5",
      "SHA256": "4A468603FDCB7A2EB5770705898CF9EF37AADE532A7964642ECD705A74794B79",
      "IMPHASH": "818097ACF11D6A2AC55031896B50D98C",
      "Hashes": "MD5=4FEF5E34143E646DBF9907C4374276F5,SHA256=4A468603FDCB7A2EB5770705898CF9EF37AADE532A7964642ECD705A74794B79,IMPHASH=818097ACF11D6A2AC55031896B50D98C",
      "ParentProcessGuid": "815B870B-564E-6914-3A06-000000000A00",
      "ParentProcessId": 11936,
      "ParentImage": "C:\\Users\\30250_hrfous0\\Desktop\\恶意代码教学样本-在沙盒中修改文件名\\恶意代码教学样本-在沙盒中修改文件名\\1-WannaCrypt0r.exe",
      "ParentCommandLine": "\"C:\\Users\\30250_hrfous0\\Desktop\\恶意代码教学样本-在沙盒中修改文件名\\恶意代码教学样本-在沙盒中修改文件名\\1-WannaCrypt0r.exe\"",
      "ParentUser": "DESKTOP-VGNH0Q0\\30250_hrfous0",
      "OriginalLogfile": "mytest1.evtx-0S8SF50D.json"
    },
    {
      "row_id": 195,
      "Provider_Name": "Microsoft-Windows-Sysmon",
      "Guid": "5770385F-C22A-43E0-BF4C-06F5698FFBD9",
      "EventID": 1,
      "Version": 5,
      "Level": 4,
      "Task": 1,
      "Opcode": 0,
      "Keywords": "0x8000000000000000",
      "SystemTime": "2025-11-12T09:50:24.149424Z",
      "EventRecordID": 17216,
      "ProcessID": 11104,
      "ThreadID": 11400,
      "Channel": "Microsoft-Windows-Sysmon/Operational",
      "Computer": "DESKTOP-VGNH0Q0",
      "UserID": "S-1-5-18",
      "RuleName": "-",
      "UtcTime": "2025-11-12 09:50:24.147",
      "ProcessGuid": "815B870B-5860-6914-9C06-000000000A00",
      "Image": "C:\\Users\\30250_hrfous0\\Desktop\\恶意代码教学样本-在沙盒中修改文件名\\恶意代码教学样本-在沙盒中修改文件名\\taskdl.exe",
      "FileVersion": "6.1.7600.16385 (win7_rtm.090713-1255)",
      "Description": "SQL Client Configuration Utility EXE",
      "Product": "Microsoft® Windows® Operating System",
      "Company": "Microsoft Corporation",
      "OriginalFileName": "cliconfg.exe",
      "CommandLine": "taskdl.exe",
      "CurrentDirectory": "C:\\Users\\30250_hrfous0\\Desktop\\恶意代码教学样本-在沙盒中修改文件名\\恶意代码教学样本-在沙盒中修改文件名\\",
      "User": "DESKTOP-VGNH0Q0\\30250_hrfous0",
      "LogonGuid": "815B870B-2E47-6913-46C0-010000000000",
      "LogonId": "0x1c046",
      "TerminalSessionId": 1,
      "IntegrityLevel": "Medium",
      "MD5": "4FEF5E34143E646DBF9907C4374276F5",
      "SHA256": "4A468603FDCB7A2EB5770705898CF9EF37AADE532A7964642ECD705A74794B79",
      "IMPHASH": "818097ACF11D6A2AC55031896B50D98C",
      "Hashes": "MD5=4FEF5E34143E646DBF9907C4374276F5,SHA256=4A468603FDCB7A2EB5770705898CF9EF37AADE532A7964642ECD705A74794B79,IMPHASH=818097ACF11D6A2AC55031896B50D98C",
      "ParentProcessGuid": "815B870B-564E-6914-3A06-000000000A00",
      "ParentProcessId": 11936,
      "ParentImage": "C:\\Users\\30250_hrfous0\\Desktop\\恶意代码教学样本-在沙盒中修改文件名\\恶意代码教学样本-在沙盒中修改文件名\\1-WannaCrypt0r.exe",
      "ParentCommandLine": "\"C:\\Users\\30250_hrfous0\\Desktop\\恶意代码教学样本-在沙盒中修改文件名\\恶意代码教学样本-在沙盒中修改文件名\\1-WannaCrypt0r.exe\"",
      "ParentUser": "DESKTOP-VGNH0Q0\\30250_hrfous0",
      "OriginalLogfile": "mytest1.evtx-0S8SF50D.json"
    },
    {
      "row_id": 197,
      "Provider_Name": "Microsoft-Windows-Sysmon",
      "Guid": "5770385F-C22A-43E0-BF4C-06F5698FFBD9",
      "EventID": 1,
      "Version": 5,
      "Level": 4,
      "Task": 1,
      "Opcode": 0,
      "Keywords": "0x8000000000000000",
      "SystemTime": "2025-11-12T09:50:54.232130Z",
      "EventRecordID": 17220,
      "ProcessID": 11104,
      "ThreadID": 11400,
      "Channel": "Microsoft-Windows-Sysmon/Operational",
      "Computer": "DESKTOP-VGNH0Q0",
      "UserID": "S-1-5-18",
      "RuleName": "-",
      "UtcTime": "2025-11-12 09:50:54.226",
      "ProcessGuid": "815B870B-587E-6914-A106-000000000A00",
      "Image": "C:\\Users\\30250_hrfous0\\Desktop\\恶意代码教学样本-在沙盒中修改文件名\\恶意代码教学样本-在沙盒中修改文件名\\taskdl.exe",
      "FileVersion": "6.1.7600.16385 (win7_rtm.090713-1255)",
      "Description": "SQL Client Configuration Utility EXE",
      "Product": "Microsoft® Windows® Operating System",
      "Company": "Microsoft Corporation",
      "OriginalFileName": "cliconfg.exe",
      "CommandLine": "taskdl.exe",
      "CurrentDirectory": "C:\\Users\\30250_hrfous0\\Desktop\\恶意代码教学样本-在沙盒中修改文件名\\恶意代码教学样本-在沙盒中修改文件名\\",
      "User": "DESKTOP-VGNH0Q0\\30250_hrfous0",
      "LogonGuid": "815B870B-2E47-6913-46C0-010000000000",
      "LogonId": "0x1c046",
      "TerminalSessionId": 1,
      "IntegrityLevel": "Medium",
      "MD5": "4FEF5E34143E646DBF9907C4374276F5",
      "SHA256": "4A468603FDCB7A2EB5770705898CF9EF37AADE532A7964642ECD705A74794B79",
      "IMPHASH": "818097ACF11D6A2AC55031896B50D98C",
      "Hashes": "MD5=4FEF5E34143E646DBF9907C4374276F5,SHA256=4A468603FDCB7A2EB5770705898CF9EF37AADE532A7964642ECD705A74794B79,IMPHASH=818097ACF11D6A2AC55031896B50D98C",
      "ParentProcessGuid": "815B870B-564E-6914-3A06-000000000A00",
      "ParentProcessId": 11936,
      "ParentImage": "C:\\Users\\30250_hrfous0\\Desktop\\恶意代码教学样本-在沙盒中修改文件名\\恶意代码教学样本-在沙盒中修改文件名\\1-WannaCrypt0r.exe",
      "ParentCommandLine": "\"C:\\Users\\30250_hrfous0\\Desktop\\恶意代码教学样本-在沙盒中修改文件名\\恶意代码教学样本-在沙盒中修改文件名\\1-WannaCrypt0r.exe\"",
      "ParentUser": "DESKTOP-VGNH0Q0\\30250_hrfous0",
      "OriginalLogfile": "mytest1.evtx-0S8SF50D.json"
    },
    {
      "row_id": 199,
      "Provider_Name": "Microsoft-Windows-Sysmon",
      "Guid": "5770385F-C22A-43E0-BF4C-06F5698FFBD9",
      "EventID": 1,
      "Version": 5,
      "Level": 4,
      "Task": 1,
      "Opcode": 0,
      "Keywords": "0x8000000000000000",
      "SystemTime": "2025-11-12T09:51:24.353163Z",
      "EventRecordID": 17224,
      "ProcessID": 11104,
      "ThreadID": 11400,
      "Channel": "Microsoft-Windows-Sysmon/Operational",
      "Computer": "DESKTOP-VGNH0Q0",
      "UserID": "S-1-5-18",
      "RuleName": "-",
      "UtcTime": "2025-11-12 09:51:24.347",
      "ProcessGuid": "815B870B-589C-6914-A606-000000000A00",
      "Image": "C:\\Users\\30250_hrfous0\\Desktop\\恶意代码教学样本-在沙盒中修改文件名\\恶意代码教学样本-在沙盒中修改文件名\\taskdl.exe",
      "FileVersion": "6.1.7600.16385 (win7_rtm.090713-1255)",
      "Description": "SQL Client Configuration Utility EXE",
      "Product": "Microsoft® Windows® Operating System",
      "Company": "Microsoft Corporation",
      "OriginalFileName": "cliconfg.exe",
      "CommandLine": "taskdl.exe",
      "CurrentDirectory": "C:\\Users\\30250_hrfous0\\Desktop\\恶意代码教学样本-在沙盒中修改文件名\\恶意代码教学样本-在沙盒中修改文件名\\",
      "User": "DESKTOP-VGNH0Q0\\30250_hrfous0",
      "LogonGuid": "815B870B-2E47-6913-46C0-010000000000",
      "LogonId": "0x1c046",
      "TerminalSessionId": 1,
      "IntegrityLevel": "Medium",
      "MD5": "4FEF5E34143E646DBF9907C4374276F5",
      "SHA256": "4A468603FDCB7A2EB5770705898CF9EF37AADE532A7964642ECD705A74794B79",
      "IMPHASH": "818097ACF11D6A2AC55031896B50D98C",
      "Hashes": "MD5=4FEF5E34143E646DBF9907C4374276F5,SHA256=4A468603FDCB7A2EB5770705898CF9EF37AADE532A7964642ECD705A74794B79,IMPHASH=818097ACF11D6A2AC55031896B50D98C",
      "ParentProcessGuid": "815B870B-564E-6914-3A06-000000000A00",
      "ParentProcessId": 11936,
      "ParentImage": "C:\\Users\\30250_hrfous0\\Desktop\\恶意代码教学样本-在沙盒中修改文件名\\恶意代码教学样本-在沙盒中修改文件名\\1-WannaCrypt0r.exe",
      "ParentCommandLine": "\"C:\\Users\\30250_hrfous0\\Desktop\\恶意代码教学样本-在沙盒中修改文件名\\恶意代码教学样本-在沙盒中修改文件名\\1-WannaCrypt0r.exe\"",
      "ParentUser": "DESKTOP-VGNH0Q0\\30250_hrfous0",
      "OriginalLogfile": "mytest1.evtx-0S8SF50D.json"
    },
    {
      "row_id": 201,
      "Provider_Name": "Microsoft-Windows-Sysmon",
      "Guid": "5770385F-C22A-43E0-BF4C-06F5698FFBD9",
      "EventID": 1,
      "Version": 5,
      "Level": 4,
      "Task": 1,
      "Opcode": 0,
      "Keywords": "0x8000000000000000",
      "SystemTime": "2025-11-12T09:51:54.484251Z",
      "EventRecordID": 17228,
      "ProcessID": 11104,
      "ThreadID": 11400,
      "Channel": "Microsoft-Windows-Sysmon/Operational",
      "Computer": "DESKTOP-VGNH0Q0",
      "UserID": "S-1-5-18",
      "RuleName": "-",
      "UtcTime": "2025-11-12 09:51:54.482",
      "ProcessGuid": "815B870B-58BA-6914-A806-000000000A00",
      "Image": "C:\\Users\\30250_hrfous0\\Desktop\\恶意代码教学样本-在沙盒中修改文件名\\恶意代码教学样本-在沙盒中修改文件名\\taskdl.exe",
      "FileVersion": "6.1.7600.16385 (win7_rtm.090713-1255)",
      "Description": "SQL Client Configuration Utility EXE",
      "Product": "Microsoft® Windows® Operating System",
      "Company": "Microsoft Corporation",
      "OriginalFileName": "cliconfg.exe",
      "CommandLine": "taskdl.exe",
      "CurrentDirectory": "C:\\Users\\30250_hrfous0\\Desktop\\恶意代码教学样本-在沙盒中修改文件名\\恶意代码教学样本-在沙盒中修改文件名\\",
      "User": "DESKTOP-VGNH0Q0\\30250_hrfous0",
      "LogonGuid": "815B870B-2E47-6913-46C0-010000000000",
      "LogonId": "0x1c046",
      "TerminalSessionId": 1,
      "IntegrityLevel": "Medium",
      "MD5": "4FEF5E34143E646DBF9907C4374276F5",
      "SHA256": "4A468603FDCB7A2EB5770705898CF9EF37AADE532A7964642ECD705A74794B79",
      "IMPHASH": "818097ACF11D6A2AC55031896B50D98C",
      "Hashes": "MD5=4FEF5E34143E646DBF9907C4374276F5,SHA256=4A468603FDCB7A2EB5770705898CF9EF37AADE532A7964642ECD705A74794B79,IMPHASH=818097ACF11D6A2AC55031896B50D98C",
      "ParentProcessGuid": "815B870B-564E-6914-3A06-000000000A00",
      "ParentProcessId": 11936,
      "ParentImage": "C:\\Users\\30250_hrfous0\\Desktop\\恶意代码教学样本-在沙盒中修改文件名\\恶意代码教学样本-在沙盒中修改文件名\\1-WannaCrypt0r.exe",
      "ParentCommandLine": "\"C:\\Users\\30250_hrfous0\\Desktop\\恶意代码教学样本-在沙盒中修改文件名\\恶意代码教学样本-在沙盒中修改文件名\\1-WannaCrypt0r.exe\"",
      "ParentUser": "DESKTOP-VGNH0Q0\\30250_hrfous0",
      "OriginalLogfile": "mytest1.evtx-0S8SF50D.json"
    },
    {
      "row_id": 203,
      "Provider_Name": "Microsoft-Windows-Sysmon",
      "Guid": "5770385F-C22A-43E0-BF4C-06F5698FFBD9",
      "EventID": 1,
      "Version": 5,
      "Level": 4,
      "Task": 1,
      "Opcode": 0,
      "Keywords": "0x8000000000000000",
      "SystemTime": "2025-11-12T09:52:24.562899Z",
      "EventRecordID": 17232,
      "ProcessID": 11104,
      "ThreadID": 11400,
      "Channel": "Microsoft-Windows-Sysmon/Operational",
      "Computer": "DESKTOP-VGNH0Q0",
      "UserID": "S-1-5-18",
      "RuleName": "-",
      "UtcTime": "2025-11-12 09:52:24.558",
      "ProcessGuid": "815B870B-58D8-6914-AD06-000000000A00",
      "Image": "C:\\Users\\30250_hrfous0\\Desktop\\恶意代码教学样本-在沙盒中修改文件名\\恶意代码教学样本-在沙盒中修改文件名\\taskdl.exe",
      "FileVersion": "6.1.7600.16385 (win7_rtm.090713-1255)",
      "Description": "SQL Client Configuration Utility EXE",
      "Product": "Microsoft® Windows® Operating System",
      "Company": "Microsoft Corporation",
      "OriginalFileName": "cliconfg.exe",
      "CommandLine": "taskdl.exe",
      "CurrentDirectory": "C:\\Users\\30250_hrfous0\\Desktop\\恶意代码教学样本-在沙盒中修改文件名\\恶意代码教学样本-在沙盒中修改文件名\\",
      "User": "DESKTOP-VGNH0Q0\\30250_hrfous0",
      "LogonGuid": "815B870B-2E47-6913-46C0-010000000000",
      "LogonId": "0x1c046",
      "TerminalSessionId": 1,
      "IntegrityLevel": "Medium",
      "MD5": "4FEF5E34143E646DBF9907C4374276F5",
      "SHA256": "4A468603FDCB7A2EB5770705898CF9EF37AADE532A7964642ECD705A74794B79",
      "IMPHASH": "818097ACF11D6A2AC55031896B50D98C",
      "Hashes": "MD5=4FEF5E34143E646DBF9907C4374276F5,SHA256=4A468603FDCB7A2EB5770705898CF9EF37AADE532A7964642ECD705A74794B79,IMPHASH=818097ACF11D6A2AC55031896B50D98C",
      "ParentProcessGuid": "815B870B-564E-6914-3A06-000000000A00",
      "ParentProcessId": 11936,
      "ParentImage": "C:\\Users\\30250_hrfous0\\Desktop\\恶意代码教学样本-在沙盒中修改文件名\\恶意代码教学样本-在沙盒中修改文件名\\1-WannaCrypt0r.exe",
      "ParentCommandLine": "\"C:\\Users\\30250_hrfous0\\Desktop\\恶意代码教学样本-在沙盒中修改文件名\\恶意代码教学样本-在沙盒中修改文件名\\1-WannaCrypt0r.exe\"",
      "ParentUser": "DESKTOP-VGNH0Q0\\30250_hrfous0",
      "OriginalLogfile": "mytest1.evtx-0S8SF50D.json"
    },
