    {
      "row_id": 205,
      "Provider_Name": "Microsoft-Windows-Sysmon",
      "Guid": "5770385F-C22A-43E0-BF4C-06F5698FFBD9",
      "EventID": 1,
      "Version": 5,
      "Level": 4,
      "Task": 1,
      "Opcode": 0,
      "Keywords": "0x8000000000000000",
      "SystemTime": "2025-11-12T09:52:54.644555Z",
      "EventRecordID": 17236,
      "ProcessID": 11104,
      "ThreadID": 11400,
      "Channel": "Microsoft-Windows-Sysmon/Operational",
      "Computer": "DESKTOP-VGNH0Q0",
      "UserID": "S-1-5-18",
      "RuleName": "-",
      "UtcTime": "2025-11-12 09:52:54.641",
      "ProcessGuid": "815B870B-58F6-6914-AF06-000000000A00",
      "Image": "C:\\Users\\30250_hrfous0\\Desktop\\恶意代码教学样本-在沙盒中修改文件名\\恶意代码教学样本-在沙盒中修改文件名\\taskdl.exe",
      "FileVersion": "6.1.7600.16385 (win7_rtm.090713-1255)",
      "Description": "SQL Client Configuration Utility EXE",
      "Product": "Microsoft® Windows® Operating System",
      "Company": "Microsoft Corporation",
      "OriginalFileName": "cliconfg.exe",
      "CommandLine": "taskdl.exe",
      "CurrentDirectory": "C:\\Users\\30250_hrfous0\\Desktop\\恶意代码教学样本-在沙盒中修改文件名\\恶意代码教学样本-在沙盒中修改文件名\\",
      "User": "DESKTOP-VGNH0Q0\\30250_hrfous0",
      "LogonGuid": "815B870B-2E47-6913-46C0-010000000000",
      "LogonId": "0x1c046",
      "TerminalSessionId": 1,
      "IntegrityLevel": "Medium",
      "MD5": "4FEF5E34143E646DBF9907C4374276F5",
      "SHA256": "4A468603FDCB7A2EB5770705898CF9EF37AADE532A7964642ECD705A74794B79",
      "IMPHASH": "818097ACF11D6A2AC55031896B50D98C",
      "Hashes": "MD5=4FEF5E34143E646DBF9907C4374276F5,SHA256=4A468603FDCB7A2EB5770705898CF9EF37AADE532A7964642ECD705A74794B79,IMPHASH=818097ACF11D6A2AC55031896B50D98C",
      "ParentProcessGuid": "815B870B-564E-6914-3A06-000000000A00",
      "ParentProcessId": 11936,
      "ParentImage": "C:\\Users\\30250_hrfous0\\Desktop\\恶意代码教学样本-在沙盒中修改文件名\\恶意代码教学样本-在沙盒中修改文件名\\1-WannaCrypt0r.exe",
      "ParentCommandLine": "\"C:\\Users\\30250_hrfous0\\Desktop\\恶意代码教学样本-在沙盒中修改文件名\\恶意代码教学样本-在沙盒中修改文件名\\1-WannaCrypt0r.exe\"",
      "ParentUser": "DESKTOP-VGNH0Q0\\30250_hrfous0",
      "OriginalLogfile": "mytest1.evtx-0S8SF50D.json"
    },
    {
      "row_id": 207,
      "Provider_Name": "Microsoft-Windows-Sysmon",
      "Guid": "5770385F-C22A-43E0-BF4C-06F5698FFBD9",
      "EventID": 1,
      "Version": 5,
      "Level": 4,
      "Task": 1,
      "Opcode": 0,
      "Keywords": "0x8000000000000000",
      "SystemTime": "2025-11-12T09:53:24.719263Z",
      "EventRecordID": 17240,
      "ProcessID": 11104,
      "ThreadID": 11400,
      "Channel": "Microsoft-Windows-Sysmon/Operational",
      "Computer": "DESKTOP-VGNH0Q0",
      "UserID": "S-1-5-18",
      "RuleName": "-",
      "UtcTime": "2025-11-12 09:53:24.717",
      "ProcessGuid": "815B870B-5914-6914-B106-000000000A00",
      "Image": "C:\\Users\\30250_hrfous0\\Desktop\\恶意代码教学样本-在沙盒中修改文件名\\恶意代码教学样本-在沙盒中修改文件名\\taskdl.exe",
      "FileVersion": "6.1.7600.16385 (win7_rtm.090713-1255)",
      "Description": "SQL Client Configuration Utility EXE",
      "Product": "Microsoft® Windows® Operating System",
      "Company": "Microsoft Corporation",
      "OriginalFileName": "cliconfg.exe",
      "CommandLine": "taskdl.exe",
      "CurrentDirectory": "C:\\Users\\30250_hrfous0\\Desktop\\恶意代码教学样本-在沙盒中修改文件名\\恶意代码教学样本-在沙盒中修改文件名\\",
      "User": "DESKTOP-VGNH0Q0\\30250_hrfous0",
      "LogonGuid": "815B870B-2E47-6913-46C0-010000000000",
      "LogonId": "0x1c046",
      "TerminalSessionId": 1,
      "IntegrityLevel": "Medium",
      "MD5": "4FEF5E34143E646DBF9907C4374276F5",
      "SHA256": "4A468603FDCB7A2EB5770705898CF9EF37AADE532A7964642ECD705A74794B79",
      "IMPHASH": "818097ACF11D6A2AC55031896B50D98C",
      "Hashes": "MD5=4FEF5E34143E646DBF9907C4374276F5,SHA256=4A468603FDCB7A2EB5770705898CF9EF37AADE532A7964642ECD705A74794B79,IMPHASH=818097ACF11D6A2AC55031896B50D98C",
      "ParentProcessGuid": "815B870B-564E-6914-3A06-000000000A00",
      "ParentProcessId": 11936,
      "ParentImage": "C:\\Users\\30250_hrfous0\\Desktop\\恶意代码教学样本-在沙盒中修改文件名\\恶意代码教学样本-在沙盒中修改文件名\\1-WannaCrypt0r.exe",
      "ParentCommandLine": "\"C:\\Users\\30250_hrfous0\\Desktop\\恶意代码教学样本-在沙盒中修改文件名\\恶意代码教学样本-在沙盒中修改文件名\\1-WannaCrypt0r.exe\"",
      "ParentUser": "DESKTOP-VGNH0Q0\\30250_hrfous0",
      "OriginalLogfile": "mytest1.evtx-0S8SF50D.json"
    },
    {
      "row_id": 209,
      "Provider_Name": "Microsoft-Windows-Sysmon",
      "Guid": "5770385F-C22A-43E0-BF4C-06F5698FFBD9",
      "EventID": 1,
      "Version": 5,
      "Level": 4,
      "Task": 1,
      "Opcode": 0,
      "Keywords": "0x8000000000000000",
      "SystemTime": "2025-11-12T09:53:54.801901Z",
      "EventRecordID": 17246,
      "ProcessID": 11104,
      "ThreadID": 11400,
      "Channel": "Microsoft-Windows-Sysmon/Operational",
      "Computer": "DESKTOP-VGNH0Q0",
      "UserID": "S-1-5-18",
      "RuleName": "-",
      "UtcTime": "2025-11-12 09:53:54.798",
      "ProcessGuid": "815B870B-5932-6914-B406-000000000A00",
      "Image": "C:\\Users\\30250_hrfous0\\Desktop\\恶意代码教学样本-在沙盒中修改文件名\\恶意代码教学样本-在沙盒中修改文件名\\taskdl.exe",
      "FileVersion": "6.1.7600.16385 (win7_rtm.090713-1255)",
      "Description": "SQL Client Configuration Utility EXE",
      "Product": "Microsoft® Windows® Operating System",
      "Company": "Microsoft Corporation",
      "OriginalFileName": "cliconfg.exe",
      "CommandLine": "taskdl.exe",
      "CurrentDirectory": "C:\\Users\\30250_hrfous0\\Desktop\\恶意代码教学样本-在沙盒中修改文件名\\恶意代码教学样本-在沙盒中修改文件名\\",
      "User": "DESKTOP-VGNH0Q0\\30250_hrfous0",
      "LogonGuid": "815B870B-2E47-6913-46C0-010000000000",
      "LogonId": "0x1c046",
      "TerminalSessionId": 1,
      "IntegrityLevel": "Medium",
      "MD5": "4FEF5E34143E646DBF9907C4374276F5",
      "SHA256": "4A468603FDCB7A2EB5770705898CF9EF37AADE532A7964642ECD705A74794B79",
      "IMPHASH": "818097ACF11D6A2AC55031896B50D98C",
      "Hashes": "MD5=4FEF5E34143E646DBF9907C4374276F5,SHA256=4A468603FDCB7A2EB5770705898CF9EF37AADE532A7964642ECD705A74794B79,IMPHASH=818097ACF11D6A2AC55031896B50D98C",
      "ParentProcessGuid": "815B870B-564E-6914-3A06-000000000A00",
      "ParentProcessId": 11936,
      "ParentImage": "C:\\Users\\30250_hrfous0\\Desktop\\恶意代码教学样本-在沙盒中修改文件名\\恶意代码教学样本-在沙盒中修改文件名\\1-WannaCrypt0r.exe",
      "ParentCommandLine": "\"C:\\Users\\30250_hrfous0\\Desktop\\恶意代码教学样本-在沙盒中修改文件名\\恶意代码教学样本-在沙盒中修改文件名\\1-WannaCrypt0r.exe\"",
      "ParentUser": "DESKTOP-VGNH0Q0\\30250_hrfous0",
      "OriginalLogfile": "mytest1.evtx-0S8SF50D.json"
    },
    {
      "row_id": 212,
      "Provider_Name": "Microsoft-Windows-Sysmon",
      "Guid": "5770385F-C22A-43E0-BF4C-06F5698FFBD9",
      "EventID": 1,
      "Version": 5,
      "Level": 4,
      "Task": 1,
      "Opcode": 0,
      "Keywords": "0x8000000000000000",
      "SystemTime": "2025-11-12T09:54:24.937729Z",
      "EventRecordID": 17251,
      "ProcessID": 11104,
      "ThreadID": 11400,
      "Channel": "Microsoft-Windows-Sysmon/Operational",
      "Computer": "DESKTOP-VGNH0Q0",
      "UserID": "S-1-5-18",
      "RuleName": "-",
      "UtcTime": "2025-11-12 09:54:24.931",
      "ProcessGuid": "815B870B-5950-6914-BC06-000000000A00",
      "Image": "C:\\Users\\30250_hrfous0\\Desktop\\恶意代码教学样本-在沙盒中修改文件名\\恶意代码教学样本-在沙盒中修改文件名\\taskdl.exe",
      "FileVersion": "6.1.7600.16385 (win7_rtm.090713-1255)",
      "Description": "SQL Client Configuration Utility EXE",
      "Product": "Microsoft® Windows® Operating System",
      "Company": "Microsoft Corporation",
      "OriginalFileName": "cliconfg.exe",
      "CommandLine": "taskdl.exe",
      "CurrentDirectory": "C:\\Users\\30250_hrfous0\\Desktop\\恶意代码教学样本-在沙盒中修改文件名\\恶意代码教学样本-在沙盒中修改文件名\\",
      "User": "DESKTOP-VGNH0Q0\\30250_hrfous0",
      "LogonGuid": "815B870B-2E47-6913-46C0-010000000000",
      "LogonId": "0x1c046",
      "TerminalSessionId": 1,
      "IntegrityLevel": "Medium",
      "MD5": "4FEF5E34143E646DBF9907C4374276F5",
      "SHA256": "4A468603FDCB7A2EB5770705898CF9EF37AADE532A7964642ECD705A74794B79",
      "IMPHASH": "818097ACF11D6A2AC55031896B50D98C",
      "Hashes": "MD5=4FEF5E34143E646DBF9907C4374276F5,SHA256=4A468603FDCB7A2EB5770705898CF9EF37AADE532A7964642ECD705A74794B79,IMPHASH=818097ACF11D6A2AC55031896B50D98C",
      "ParentProcessGuid": "815B870B-564E-6914-3A06-000000000A00",
      "ParentProcessId": 11936,
      "ParentImage": "C:\\Users\\30250_hrfous0\\Desktop\\恶意代码教学样本-在沙盒中修改文件名\\恶意代码教学样本-在沙盒中修改文件名\\1-WannaCrypt0r.exe",
      "ParentCommandLine": "\"C:\\Users\\30250_hrfous0\\Desktop\\恶意代码教学样本-在沙盒中修改文件名\\恶意代码教学样本-在沙盒中修改文件名\\1-WannaCrypt0r.exe\"",
      "ParentUser": "DESKTOP-VGNH0Q0\\30250_hrfous0",
      "OriginalLogfile": "mytest1.evtx-0S8SF50D.json"
    },
    {
      "row_id": 214,
      "Provider_Name": "Microsoft-Windows-Sysmon",
      "Guid": "5770385F-C22A-43E0-BF4C-06F5698FFBD9",
      "EventID": 1,
      "Version": 5,
      "Level": 4,
      "Task": 1,
      "Opcode": 0,
      "Keywords": "0x8000000000000000",
      "SystemTime": "2025-11-12T09:54:55.089856Z",
      "EventRecordID": 17255,
      "ProcessID": 11104,
      "ThreadID": 11400,
      "Channel": "Microsoft-Windows-Sysmon/Operational",
      "Computer": "DESKTOP-VGNH0Q0",
      "UserID": "S-1-5-18",
      "RuleName": "-",
      "UtcTime": "2025-11-12 09:54:55.086",
      "ProcessGuid": "815B870B-596F-6914-C006-000000000A00",
      "Image": "C:\\Users\\30250_hrfous0\\Desktop\\恶意代码教学样本-在沙盒中修改文件名\\恶意代码教学样本-在沙盒中修改文件名\\taskdl.exe",
      "FileVersion": "6.1.7600.16385 (win7_rtm.090713-1255)",
      "Description": "SQL Client Configuration Utility EXE",
      "Product": "Microsoft® Windows® Operating System",
      "Company": "Microsoft Corporation",
      "OriginalFileName": "cliconfg.exe",
      "CommandLine": "taskdl.exe",
      "CurrentDirectory": "C:\\Users\\30250_hrfous0\\Desktop\\恶意代码教学样本-在沙盒中修改文件名\\恶意代码教学样本-在沙盒中修改文件名\\",
      "User": "DESKTOP-VGNH0Q0\\30250_hrfous0",
      "LogonGuid": "815B870B-2E47-6913-46C0-010000000000",
      "LogonId": "0x1c046",
      "TerminalSessionId": 1,
      "IntegrityLevel": "Medium",
      "MD5": "4FEF5E34143E646DBF9907C4374276F5",
      "SHA256": "4A468603FDCB7A2EB5770705898CF9EF37AADE532A7964642ECD705A74794B79",
      "IMPHASH": "818097ACF11D6A2AC55031896B50D98C",
      "Hashes": "MD5=4FEF5E34143E646DBF9907C4374276F5,SHA256=4A468603FDCB7A2EB5770705898CF9EF37AADE532A7964642ECD705A74794B79,IMPHASH=818097ACF11D6A2AC55031896B50D98C",
      "ParentProcessGuid": "815B870B-564E-6914-3A06-000000000A00",
      "ParentProcessId": 11936,
      "ParentImage": "C:\\Users\\30250_hrfous0\\Desktop\\恶意代码教学样本-在沙盒中修改文件名\\恶意代码教学样本-在沙盒中修改文件名\\1-WannaCrypt0r.exe",
      "ParentCommandLine": "\"C:\\Users\\30250_hrfous0\\Desktop\\恶意代码教学样本-在沙盒中修改文件名\\恶意代码教学样本-在沙盒中修改文件名\\1-WannaCrypt0r.exe\"",
      "ParentUser": "DESKTOP-VGNH0Q0\\30250_hrfous0",
      "OriginalLogfile": "mytest1.evtx-0S8SF50D.json"
    },
    {
      "row_id": 217,
      "Provider_Name": "Microsoft-Windows-Sysmon",
      "Guid": "5770385F-C22A-43E0-BF4C-06F5698FFBD9",
      "EventID": 1,
      "Version": 5,
      "Level": 4,
      "Task": 1,
      "Opcode": 0,
      "Keywords": "0x8000000000000000",
      "SystemTime": "2025-11-12T09:55:25.209860Z",
      "EventRecordID": 17263,
      "ProcessID": 11104,
      "ThreadID": 11400,
      "Channel": "Microsoft-Windows-Sysmon/Operational",
      "Computer": "DESKTOP-VGNH0Q0",
      "UserID": "S-1-5-18",
      "RuleName": "-",
      "UtcTime": "2025-11-12 09:55:25.208",
      "ProcessGuid": "815B870B-598D-6914-C306-000000000A00",
      "Image": "C:\\Users\\30250_hrfous0\\Desktop\\恶意代码教学样本-在沙盒中修改文件名\\恶意代码教学样本-在沙盒中修改文件名\\taskdl.exe",
      "FileVersion": "6.1.7600.16385 (win7_rtm.090713-1255)",
      "Description": "SQL Client Configuration Utility EXE",
      "Product": "Microsoft® Windows® Operating System",
      "Company": "Microsoft Corporation",
      "OriginalFileName": "cliconfg.exe",
      "CommandLine": "taskdl.exe",
      "CurrentDirectory": "C:\\Users\\30250_hrfous0\\Desktop\\恶意代码教学样本-在沙盒中修改文件名\\恶意代码教学样本-在沙盒中修改文件名\\",
      "User": "DESKTOP-VGNH0Q0\\30250_hrfous0",
      "LogonGuid": "815B870B-2E47-6913-46C0-010000000000",
      "LogonId": "0x1c046",
      "TerminalSessionId": 1,
      "IntegrityLevel": "Medium",
      "MD5": "4FEF5E34143E646DBF9907C4374276F5",
      "SHA256": "4A468603FDCB7A2EB5770705898CF9EF37AADE532A7964642ECD705A74794B79",
      "IMPHASH": "818097ACF11D6A2AC55031896B50D98C",
      "Hashes": "MD5=4FEF5E34143E646DBF9907C4374276F5,SHA256=4A468603FDCB7A2EB5770705898CF9EF37AADE532A7964642ECD705A74794B79,IMPHASH=818097ACF11D6A2AC55031896B50D98C",
      "ParentProcessGuid": "815B870B-564E-6914-3A06-000000000A00",
      "ParentProcessId": 11936,
      "ParentImage": "C:\\Users\\30250_hrfous0\\Desktop\\恶意代码教学样本-在沙盒中修改文件名\\恶意代码教学样本-在沙盒中修改文件名\\1-WannaCrypt0r.exe",
      "ParentCommandLine": "\"C:\\Users\\30250_hrfous0\\Desktop\\恶意代码教学样本-在沙盒中修改文件名\\恶意代码教学样本-在沙盒中修改文件名\\1-WannaCrypt0r.exe\"",
      "ParentUser": "DESKTOP-VGNH0Q0\\30250_hrfous0",
      "OriginalLogfile": "mytest1.evtx-0S8SF50D.json"
    },
    {
      "row_id": 234,
      "Provider_Name": "Microsoft-Windows-Sysmon",
      "Guid": "5770385F-C22A-43E0-BF4C-06F5698FFBD9",
      "EventID": 1,
      "Version": 5,
      "Level": 4,
      "Task": 1,
      "Opcode": 0,
      "Keywords": "0x8000000000000000",
      "SystemTime": "2025-11-12T09:55:55.286087Z",
      "EventRecordID": 17287,
      "ProcessID": 11104,
      "ThreadID": 11400,
      "Channel": "Microsoft-Windows-Sysmon/Operational",
      "Computer": "DESKTOP-VGNH0Q0",
      "UserID": "S-1-5-18",
      "RuleName": "-",
      "UtcTime": "2025-11-12 09:55:55.281",
      "ProcessGuid": "815B870B-59AB-6914-E106-000000000A00",
      "Image": "C:\\Users\\30250_hrfous0\\Desktop\\恶意代码教学样本-在沙盒中修改文件名\\恶意代码教学样本-在沙盒中修改文件名\\taskdl.exe",
      "FileVersion": "6.1.7600.16385 (win7_rtm.090713-1255)",
      "Description": "SQL Client Configuration Utility EXE",
      "Product": "Microsoft® Windows® Operating System",
      "Company": "Microsoft Corporation",
      "OriginalFileName": "cliconfg.exe",
      "CommandLine": "taskdl.exe",
      "CurrentDirectory": "C:\\Users\\30250_hrfous0\\Desktop\\恶意代码教学样本-在沙盒中修改文件名\\恶意代码教学样本-在沙盒中修改文件名\\",
      "User": "DESKTOP-VGNH0Q0\\30250_hrfous0",
      "LogonGuid": "815B870B-2E47-6913-46C0-010000000000",
      "LogonId": "0x1c046",
      "TerminalSessionId": 1,
      "IntegrityLevel": "Medium",
      "MD5": "4FEF5E34143E646DBF9907C4374276F5",
      "SHA256": "4A468603FDCB7A2EB5770705898CF9EF37AADE532A7964642ECD705A74794B79",
      "IMPHASH": "818097ACF11D6A2AC55031896B50D98C",
      "Hashes": "MD5=4FEF5E34143E646DBF9907C4374276F5,SHA256=4A468603FDCB7A2EB5770705898CF9EF37AADE532A7964642ECD705A74794B79,IMPHASH=818097ACF11D6A2AC55031896B50D98C",
      "ParentProcessGuid": "815B870B-564E-6914-3A06-000000000A00",
      "ParentProcessId": 11936,
      "ParentImage": "C:\\Users\\30250_hrfous0\\Desktop\\恶意代码教学样本-在沙盒中修改文件名\\恶意代码教学样本-在沙盒中修改文件名\\1-WannaCrypt0r.exe",
      "ParentCommandLine": "\"C:\\Users\\30250_hrfous0\\Desktop\\恶意代码教学样本-在沙盒中修改文件名\\恶意代码教学样本-在沙盒中修改文件名\\1-WannaCrypt0r.exe\"",
      "ParentUser": "DESKTOP-VGNH0Q0\\30250_hrfous0",
      "OriginalLogfile": "mytest1.evtx-0S8SF50D.json"
    },
    {
      "row_id": 239,
      "Provider_Name": "Microsoft-Windows-Sysmon",
      "Guid": "5770385F-C22A-43E0-BF4C-06F5698FFBD9",
      "EventID": 1,
      "Version": 5,
      "Level": 4,
      "Task": 1,
      "Opcode": 0,
      "Keywords": "0x8000000000000000",
      "SystemTime": "2025-11-12T09:56:25.453086Z",
      "EventRecordID": 17294,
      "ProcessID": 11104,
      "ThreadID": 11400,
      "Channel": "Microsoft-Windows-Sysmon/Operational",
      "Computer": "DESKTOP-VGNH0Q0",
      "UserID": "S-1-5-18",
      "RuleName": "-",
      "UtcTime": "2025-11-12 09:56:25.450",
      "ProcessGuid": "815B870B-59C9-6914-E606-000000000A00",
      "Image": "C:\\Users\\30250_hrfous0\\Desktop\\恶意代码教学样本-在沙盒中修改文件名\\恶意代码教学样本-在沙盒中修改文件名\\taskdl.exe",
      "FileVersion": "6.1.7600.16385 (win7_rtm.090713-1255)",
      "Description": "SQL Client Configuration Utility EXE",
      "Product": "Microsoft® Windows® Operating System",
      "Company": "Microsoft Corporation",
      "OriginalFileName": "cliconfg.exe",
      "CommandLine": "taskdl.exe",
      "CurrentDirectory": "C:\\Users\\30250_hrfous0\\Desktop\\恶意代码教学样本-在沙盒中修改文件名\\恶意代码教学样本-在沙盒中修改文件名\\",
      "User": "DESKTOP-VGNH0Q0\\30250_hrfous0",
      "LogonGuid": "815B870B-2E47-6913-46C0-010000000000",
      "LogonId": "0x1c046",
      "TerminalSessionId": 1,
      "IntegrityLevel": "Medium",
      "MD5": "4FEF5E34143E646DBF9907C4374276F5",
      "SHA256": "4A468603FDCB7A2EB5770705898CF9EF37AADE532A7964642ECD705A74794B79",
      "IMPHASH": "818097ACF11D6A2AC55031896B50D98C",
      "Hashes": "MD5=4FEF5E34143E646DBF9907C4374276F5,SHA256=4A468603FDCB7A2EB5770705898CF9EF37AADE532A7964642ECD705A74794B79,IMPHASH=818097ACF11D6A2AC55031896B50D98C",
      "ParentProcessGuid": "815B870B-564E-6914-3A06-000000000A00",
      "ParentProcessId": 11936,
      "ParentImage": "C:\\Users\\30250_hrfous0\\Desktop\\恶意代码教学样本-在沙盒中修改文件名\\恶意代码教学样本-在沙盒中修改文件名\\1-WannaCrypt0r.exe",
      "ParentCommandLine": "\"C:\\Users\\30250_hrfous0\\Desktop\\恶意代码教学样本-在沙盒中修改文件名\\恶意代码教学样本-在沙盒中修改文件名\\1-WannaCrypt0r.exe\"",
      "ParentUser": "DESKTOP-VGNH0Q0\\30250_hrfous0",
      "OriginalLogfile": "mytest1.evtx-0S8SF50D.json"
    },
    {
      "row_id": 241,
      "Provider_Name": "Microsoft-Windows-Sysmon",
      "Guid": "5770385F-C22A-43E0-BF4C-06F5698FFBD9",
      "EventID": 1,
      "Version": 5,
      "Level": 4,
      "Task": 1,
      "Opcode": 0,
      "Keywords": "0x8000000000000000",
      "SystemTime": "2025-11-12T09:56:55.584255Z",
      "EventRecordID": 17299,
      "ProcessID": 11104,
      "ThreadID": 11400,
      "Channel": "Microsoft-Windows-Sysmon/Operational",
      "Computer": "DESKTOP-VGNH0Q0",
      "UserID": "S-1-5-18",
      "RuleName": "-",
      "UtcTime": "2025-11-12 09:56:55.581",
      "ProcessGuid": "815B870B-59E7-6914-E806-000000000A00",
      "Image": "C:\\Users\\30250_hrfous0\\Desktop\\恶意代码教学样本-在沙盒中修改文件名\\恶意代码教学样本-在沙盒中修改文件名\\taskdl.exe",
      "FileVersion": "6.1.7600.16385 (win7_rtm.090713-1255)",
      "Description": "SQL Client Configuration Utility EXE",
      "Product": "Microsoft® Windows® Operating System",
      "Company": "Microsoft Corporation",
      "OriginalFileName": "cliconfg.exe",
      "CommandLine": "taskdl.exe",
      "CurrentDirectory": "C:\\Users\\30250_hrfous0\\Desktop\\恶意代码教学样本-在沙盒中修改文件名\\恶意代码教学样本-在沙盒中修改文件名\\",
      "User": "DESKTOP-VGNH0Q0\\30250_hrfous0",
      "LogonGuid": "815B870B-2E47-6913-46C0-010000000000",
      "LogonId": "0x1c046",
      "TerminalSessionId": 1,
      "IntegrityLevel": "Medium",
      "MD5": "4FEF5E34143E646DBF9907C4374276F5",
      "SHA256": "4A468603FDCB7A2EB5770705898CF9EF37AADE532A7964642ECD705A74794B79",
      "IMPHASH": "818097ACF11D6A2AC55031896B50D98C",
      "Hashes": "MD5=4FEF5E34143E646DBF9907C4374276F5,SHA256=4A468603FDCB7A2EB5770705898CF9EF37AADE532A7964642ECD705A74794B79,IMPHASH=818097ACF11D6A2AC55031896B50D98C",
      "ParentProcessGuid": "815B870B-564E-6914-3A06-000000000A00",
      "ParentProcessId": 11936,
      "ParentImage": "C:\\Users\\30250_hrfous0\\Desktop\\恶意代码教学样本-在沙盒中修改文件名\\恶意代码教学样本-在沙盒中修改文件名\\1-WannaCrypt0r.exe",
      "ParentCommandLine": "\"C:\\Users\\30250_hrfous0\\Desktop\\恶意代码教学样本-在沙盒中修改文件名\\恶意代码教学样本-在沙盒中修改文件名\\1-WannaCrypt0r.exe\"",
      "ParentUser": "DESKTOP-VGNH0Q0\\30250_hrfous0",
      "OriginalLogfile": "mytest1.evtx-0S8SF50D.json"
    },
    {
      "row_id": 243,
      "Provider_Name": "Microsoft-Windows-Sysmon",
      "Guid": "5770385F-C22A-43E0-BF4C-06F5698FFBD9",
      "EventID": 1,
      "Version": 5,
      "Level": 4,
      "Task": 1,
      "Opcode": 0,
      "Keywords": "0x8000000000000000",
      "SystemTime": "2025-11-12T09:57:25.708729Z",
      "EventRecordID": 17303,
      "ProcessID": 11104,
      "ThreadID": 11400,
      "Channel": "Microsoft-Windows-Sysmon/Operational",
      "Computer": "DESKTOP-VGNH0Q0",
      "UserID": "S-1-5-18",
      "RuleName": "-",
      "UtcTime": "2025-11-12 09:57:25.705",
      "ProcessGuid": "815B870B-5A05-6914-EA06-000000000A00",
      "Image": "C:\\Users\\30250_hrfous0\\Desktop\\恶意代码教学样本-在沙盒中修改文件名\\恶意代码教学样本-在沙盒中修改文件名\\taskdl.exe",
      "FileVersion": "6.1.7600.16385 (win7_rtm.090713-1255)",
      "Description": "SQL Client Configuration Utility EXE",
      "Product": "Microsoft® Windows® Operating System",
      "Company": "Microsoft Corporation",
      "OriginalFileName": "cliconfg.exe",
      "CommandLine": "taskdl.exe",
      "CurrentDirectory": "C:\\Users\\30250_hrfous0\\Desktop\\恶意代码教学样本-在沙盒中修改文件名\\恶意代码教学样本-在沙盒中修改文件名\\",
      "User": "DESKTOP-VGNH0Q0\\30250_hrfous0",
      "LogonGuid": "815B870B-2E47-6913-46C0-010000000000",
      "LogonId": "0x1c046",
      "TerminalSessionId": 1,
      "IntegrityLevel": "Medium",
      "MD5": "4FEF5E34143E646DBF9907C4374276F5",
      "SHA256": "4A468603FDCB7A2EB5770705898CF9EF37AADE532A7964642ECD705A74794B79",
      "IMPHASH": "818097ACF11D6A2AC55031896B50D98C",
      "Hashes": "MD5=4FEF5E34143E646DBF9907C4374276F5,SHA256=4A468603FDCB7A2EB5770705898CF9EF37AADE532A7964642ECD705A74794B79,IMPHASH=818097ACF11D6A2AC55031896B50D98C",
      "ParentProcessGuid": "815B870B-564E-6914-3A06-000000000A00",
      "ParentProcessId": 11936,
      "ParentImage": "C:\\Users\\30250_hrfous0\\Desktop\\恶意代码教学样本-在沙盒中修改文件名\\恶意代码教学样本-在沙盒中修改文件名\\1-WannaCrypt0r.exe",
      "ParentCommandLine": "\"C:\\Users\\30250_hrfous0\\Desktop\\恶意代码教学样本-在沙盒中修改文件名\\恶意代码教学样本-在沙盒中修改文件名\\1-WannaCrypt0r.exe\"",
      "ParentUser": "DESKTOP-VGNH0Q0\\30250_hrfous0",
      "OriginalLogfile": "mytest1.evtx-0S8SF50D.json"
    },
    {
      "row_id": 247,
      "Provider_Name": "Microsoft-Windows-Sysmon",
      "Guid": "5770385F-C22A-43E0-BF4C-06F5698FFBD9",
      "EventID": 1,
      "Version": 5,
      "Level": 4,
      "Task": 1,
      "Opcode": 0,
      "Keywords": "0x8000000000000000",
      "SystemTime": "2025-11-12T09:57:55.850049Z",
      "EventRecordID": 17309,
      "ProcessID": 11104,
      "ThreadID": 11400,
      "Channel": "Microsoft-Windows-Sysmon/Operational",
      "Computer": "DESKTOP-VGNH0Q0",
      "UserID": "S-1-5-18",
      "RuleName": "-",
      "UtcTime": "2025-11-12 09:57:55.842",
      "ProcessGuid": "815B870B-5A23-6914-EF06-000000000A00",
      "Image": "C:\\Users\\30250_hrfous0\\Desktop\\恶意代码教学样本-在沙盒中修改文件名\\恶意代码教学样本-在沙盒中修改文件名\\taskdl.exe",
      "FileVersion": "6.1.7600.16385 (win7_rtm.090713-1255)",
      "Description": "SQL Client Configuration Utility EXE",
      "Product": "Microsoft® Windows® Operating System",
      "Company": "Microsoft Corporation",
      "OriginalFileName": "cliconfg.exe",
      "CommandLine": "taskdl.exe",
      "CurrentDirectory": "C:\\Users\\30250_hrfous0\\Desktop\\恶意代码教学样本-在沙盒中修改文件名\\恶意代码教学样本-在沙盒中修改文件名\\",
      "User": "DESKTOP-VGNH0Q0\\30250_hrfous0",
      "LogonGuid": "815B870B-2E47-6913-46C0-010000000000",
      "LogonId": "0x1c046",
      "TerminalSessionId": 1,
      "IntegrityLevel": "Medium",
      "MD5": "4FEF5E34143E646DBF9907C4374276F5",
      "SHA256": "4A468603FDCB7A2EB5770705898CF9EF37AADE532A7964642ECD705A74794B79",
      "IMPHASH": "818097ACF11D6A2AC55031896B50D98C",
      "Hashes": "MD5=4FEF5E34143E646DBF9907C4374276F5,SHA256=4A468603FDCB7A2EB5770705898CF9EF37AADE532A7964642ECD705A74794B79,IMPHASH=818097ACF11D6A2AC55031896B50D98C",
      "ParentProcessGuid": "815B870B-564E-6914-3A06-000000000A00",
      "ParentProcessId": 11936,
      "ParentImage": "C:\\Users\\30250_hrfous0\\Desktop\\恶意代码教学样本-在沙盒中修改文件名\\恶意代码教学样本-在沙盒中修改文件名\\1-WannaCrypt0r.exe",
      "ParentCommandLine": "\"C:\\Users\\30250_hrfous0\\Desktop\\恶意代码教学样本-在沙盒中修改文件名\\恶意代码教学样本-在沙盒中修改文件名\\1-WannaCrypt0r.exe\"",
      "ParentUser": "DESKTOP-VGNH0Q0\\30250_hrfous0",
      "OriginalLogfile": "mytest1.evtx-0S8SF50D.json"
    },
    {
      "row_id": 249,
      "Provider_Name": "Microsoft-Windows-Sysmon",
      "Guid": "5770385F-C22A-43E0-BF4C-06F5698FFBD9",
      "EventID": 1,
      "Version": 5,
      "Level": 4,
      "Task": 1,
      "Opcode": 0,
      "Keywords": "0x8000000000000000",
      "SystemTime": "2025-11-12T09:58:25.980240Z",
      "EventRecordID": 17313,
      "ProcessID": 11104,
      "ThreadID": 11400,
      "Channel": "Microsoft-Windows-Sysmon/Operational",
      "Computer": "DESKTOP-VGNH0Q0",
      "UserID": "S-1-5-18",
      "RuleName": "-",
      "UtcTime": "2025-11-12 09:58:25.978",
      "ProcessGuid": "815B870B-5A41-6914-F206-000000000A00",
      "Image": "C:\\Users\\30250_hrfous0\\Desktop\\恶意代码教学样本-在沙盒中修改文件名\\恶意代码教学样本-在沙盒中修改文件名\\taskdl.exe",
      "FileVersion": "6.1.7600.16385 (win7_rtm.090713-1255)",
      "Description": "SQL Client Configuration Utility EXE",
      "Product": "Microsoft® Windows® Operating System",
      "Company": "Microsoft Corporation",
      "OriginalFileName": "cliconfg.exe",
      "CommandLine": "taskdl.exe",
      "CurrentDirectory": "C:\\Users\\30250_hrfous0\\Desktop\\恶意代码教学样本-在沙盒中修改文件名\\恶意代码教学样本-在沙盒中修改文件名\\",
      "User": "DESKTOP-VGNH0Q0\\30250_hrfous0",
      "LogonGuid": "815B870B-2E47-6913-46C0-010000000000",
      "LogonId": "0x1c046",
      "TerminalSessionId": 1,
      "IntegrityLevel": "Medium",
      "MD5": "4FEF5E34143E646DBF9907C4374276F5",
      "SHA256": "4A468603FDCB7A2EB5770705898CF9EF37AADE532A7964642ECD705A74794B79",
      "IMPHASH": "818097ACF11D6A2AC55031896B50D98C",
      "Hashes": "MD5=4FEF5E34143E646DBF9907C4374276F5,SHA256=4A468603FDCB7A2EB5770705898CF9EF37AADE532A7964642ECD705A74794B79,IMPHASH=818097ACF11D6A2AC55031896B50D98C",
      "ParentProcessGuid": "815B870B-564E-6914-3A06-000000000A00",
      "ParentProcessId": 11936,
      "ParentImage": "C:\\Users\\30250_hrfous0\\Desktop\\恶意代码教学样本-在沙盒中修改文件名\\恶意代码教学样本-在沙盒中修改文件名\\1-WannaCrypt0r.exe",
      "ParentCommandLine": "\"C:\\Users\\30250_hrfous0\\Desktop\\恶意代码教学样本-在沙盒中修改文件名\\恶意代码教学样本-在沙盒中修改文件名\\1-WannaCrypt0r.exe\"",
      "ParentUser": "DESKTOP-VGNH0Q0\\30250_hrfous0",
      "OriginalLogfile": "mytest1.evtx-0S8SF50D.json"
    },
    {
      "row_id": 252,
      "Provider_Name": "Microsoft-Windows-Sysmon",
      "Guid": "5770385F-C22A-43E0-BF4C-06F5698FFBD9",
      "EventID": 1,
      "Version": 5,
      "Level": 4,
      "Task": 1,
      "Opcode": 0,
      "Keywords": "0x8000000000000000",
      "SystemTime": "2025-11-12T09:58:56.075425Z",
      "EventRecordID": 17320,
      "ProcessID": 11104,
      "ThreadID": 11400,
      "Channel": "Microsoft-Windows-Sysmon/Operational",
      "Computer": "DESKTOP-VGNH0Q0",
      "UserID": "S-1-5-18",
      "RuleName": "-",
      "UtcTime": "2025-11-12 09:58:56.069",
      "ProcessGuid": "815B870B-5A60-6914-F506-000000000A00",
      "Image": "C:\\Users\\30250_hrfous0\\Desktop\\恶意代码教学样本-在沙盒中修改文件名\\恶意代码教学样本-在沙盒中修改文件名\\taskdl.exe",
      "FileVersion": "6.1.7600.16385 (win7_rtm.090713-1255)",
      "Description": "SQL Client Configuration Utility EXE",
      "Product": "Microsoft® Windows® Operating System",
      "Company": "Microsoft Corporation",
      "OriginalFileName": "cliconfg.exe",
      "CommandLine": "taskdl.exe",
      "CurrentDirectory": "C:\\Users\\30250_hrfous0\\Desktop\\恶意代码教学样本-在沙盒中修改文件名\\恶意代码教学样本-在沙盒中修改文件名\\",
      "User": "DESKTOP-VGNH0Q0\\30250_hrfous0",
      "LogonGuid": "815B870B-2E47-6913-46C0-010000000000",
      "LogonId": "0x1c046",
      "TerminalSessionId": 1,
      "IntegrityLevel": "Medium",
      "MD5": "4FEF5E34143E646DBF9907C4374276F5",
      "SHA256": "4A468603FDCB7A2EB5770705898CF9EF37AADE532A7964642ECD705A74794B79",
      "IMPHASH": "818097ACF11D6A2AC55031896B50D98C",
      "Hashes": "MD5=4FEF5E34143E646DBF9907C4374276F5,SHA256=4A468603FDCB7A2EB5770705898CF9EF37AADE532A7964642ECD705A74794B79,IMPHASH=818097ACF11D6A2AC55031896B50D98C",
      "ParentProcessGuid": "815B870B-564E-6914-3A06-000000000A00",
      "ParentProcessId": 11936,
      "ParentImage": "C:\\Users\\30250_hrfous0\\Desktop\\恶意代码教学样本-在沙盒中修改文件名\\恶意代码教学样本-在沙盒中修改文件名\\1-WannaCrypt0r.exe",
      "ParentCommandLine": "\"C:\\Users\\30250_hrfous0\\Desktop\\恶意代码教学样本-在沙盒中修改文件名\\恶意代码教学样本-在沙盒中修改文件名\\1-WannaCrypt0r.exe\"",
      "ParentUser": "DESKTOP-VGNH0Q0\\30250_hrfous0",
      "OriginalLogfile": "mytest1.evtx-0S8SF50D.json"
    },
    {
      "row_id": 254,
      "Provider_Name": "Microsoft-Windows-Sysmon",
      "Guid": "5770385F-C22A-43E0-BF4C-06F5698FFBD9",
      "EventID": 1,
      "Version": 5,
      "Level": 4,
      "Task": 1,
      "Opcode": 0,
      "Keywords": "0x8000000000000000",
      "SystemTime": "2025-11-12T09:59:26.226090Z",
      "EventRecordID": 17324,
      "ProcessID": 11104,
      "ThreadID": 11400,
      "Channel": "Microsoft-Windows-Sysmon/Operational",
      "Computer": "DESKTOP-VGNH0Q0",
      "UserID": "S-1-5-18",
      "RuleName": "-",
      "UtcTime": "2025-11-12 09:59:26.222",
      "ProcessGuid": "815B870B-5A7E-6914-F706-000000000A00",
      "Image": "C:\\Users\\30250_hrfous0\\Desktop\\恶意代码教学样本-在沙盒中修改文件名\\恶意代码教学样本-在沙盒中修改文件名\\taskdl.exe",
      "FileVersion": "6.1.7600.16385 (win7_rtm.090713-1255)",
      "Description": "SQL Client Configuration Utility EXE",
      "Product": "Microsoft® Windows® Operating System",
      "Company": "Microsoft Corporation",
      "OriginalFileName": "cliconfg.exe",
      "CommandLine": "taskdl.exe",
      "CurrentDirectory": "C:\\Users\\30250_hrfous0\\Desktop\\恶意代码教学样本-在沙盒中修改文件名\\恶意代码教学样本-在沙盒中修改文件名\\",
      "User": "DESKTOP-VGNH0Q0\\30250_hrfous0",
      "LogonGuid": "815B870B-2E47-6913-46C0-010000000000",
      "LogonId": "0x1c046",
      "TerminalSessionId": 1,
      "IntegrityLevel": "Medium",
      "MD5": "4FEF5E34143E646DBF9907C4374276F5",
      "SHA256": "4A468603FDCB7A2EB5770705898CF9EF37AADE532A7964642ECD705A74794B79",
      "IMPHASH": "818097ACF11D6A2AC55031896B50D98C",
      "Hashes": "MD5=4FEF5E34143E646DBF9907C4374276F5,SHA256=4A468603FDCB7A2EB5770705898CF9EF37AADE532A7964642ECD705A74794B79,IMPHASH=818097ACF11D6A2AC55031896B50D98C",
      "ParentProcessGuid": "815B870B-564E-6914-3A06-000000000A00",
      "ParentProcessId": 11936,
      "ParentImage": "C:\\Users\\30250_hrfous0\\Desktop\\恶意代码教学样本-在沙盒中修改文件名\\恶意代码教学样本-在沙盒中修改文件名\\1-WannaCrypt0r.exe",
      "ParentCommandLine": "\"C:\\Users\\30250_hrfous0\\Desktop\\恶意代码教学样本-在沙盒中修改文件名\\恶意代码教学样本-在沙盒中修改文件名\\1-WannaCrypt0r.exe\"",
      "ParentUser": "DESKTOP-VGNH0Q0\\30250_hrfous0",
      "OriginalLogfile": "mytest1.evtx-0S8SF50D.json"
    },
    {
      "row_id": 256,
      "Provider_Name": "Microsoft-Windows-Sysmon",
      "Guid": "5770385F-C22A-43E0-BF4C-06F5698FFBD9",
      "EventID": 1,
      "Version": 5,
      "Level": 4,
      "Task": 1,
      "Opcode": 0,
      "Keywords": "0x8000000000000000",
      "SystemTime": "2025-11-12T09:59:56.342718Z",
      "EventRecordID": 17328,
      "ProcessID": 11104,
      "ThreadID": 11400,
      "Channel": "Microsoft-Windows-Sysmon/Operational",
      "Computer": "DESKTOP-VGNH0Q0",
      "UserID": "S-1-5-18",
      "RuleName": "-",
      "UtcTime": "2025-11-12 09:59:56.339",
      "ProcessGuid": "815B870B-5A9C-6914-F906-000000000A00",
      "Image": "C:\\Users\\30250_hrfous0\\Desktop\\恶意代码教学样本-在沙盒中修改文件名\\恶意代码教学样本-在沙盒中修改文件名\\taskdl.exe",
      "FileVersion": "6.1.7600.16385 (win7_rtm.090713-1255)",
      "Description": "SQL Client Configuration Utility EXE",
      "Product": "Microsoft® Windows® Operating System",
      "Company": "Microsoft Corporation",
      "OriginalFileName": "cliconfg.exe",
      "CommandLine": "taskdl.exe",
      "CurrentDirectory": "C:\\Users\\30250_hrfous0\\Desktop\\恶意代码教学样本-在沙盒中修改文件名\\恶意代码教学样本-在沙盒中修改文件名\\",
      "User": "DESKTOP-VGNH0Q0\\30250_hrfous0",
      "LogonGuid": "815B870B-2E47-6913-46C0-010000000000",
      "LogonId": "0x1c046",
      "TerminalSessionId": 1,
      "IntegrityLevel": "Medium",
      "MD5": "4FEF5E34143E646DBF9907C4374276F5",
      "SHA256": "4A468603FDCB7A2EB5770705898CF9EF37AADE532A7964642ECD705A74794B79",
      "IMPHASH": "818097ACF11D6A2AC55031896B50D98C",
      "Hashes": "MD5=4FEF5E34143E646DBF9907C4374276F5,SHA256=4A468603FDCB7A2EB5770705898CF9EF37AADE532A7964642ECD705A74794B79,IMPHASH=818097ACF11D6A2AC55031896B50D98C",
      "ParentProcessGuid": "815B870B-564E-6914-3A06-000000000A00",
      "ParentProcessId": 11936,
      "ParentImage": "C:\\Users\\30250_hrfous0\\Desktop\\恶意代码教学样本-在沙盒中修改文件名\\恶意代码教学样本-在沙盒中修改文件名\\1-WannaCrypt0r.exe",
      "ParentCommandLine": "\"C:\\Users\\30250_hrfous0\\Desktop\\恶意代码教学样本-在沙盒中修改文件名\\恶意代码教学样本-在沙盒中修改文件名\\1-WannaCrypt0r.exe\"",
      "ParentUser": "DESKTOP-VGNH0Q0\\30250_hrfous0",
      "OriginalLogfile": "mytest1.evtx-0S8SF50D.json"
    },
    {
      "row_id": 259,
      "Provider_Name": "Microsoft-Windows-Sysmon",
      "Guid": "5770385F-C22A-43E0-BF4C-06F5698FFBD9",
      "EventID": 1,
      "Version": 5,
      "Level": 4,
      "Task": 1,
      "Opcode": 0,
      "Keywords": "0x8000000000000000",
      "SystemTime": "2025-11-12T10:00:26.493579Z",
      "EventRecordID": 17333,
      "ProcessID": 11104,
      "ThreadID": 11400,
      "Channel": "Microsoft-Windows-Sysmon/Operational",
      "Computer": "DESKTOP-VGNH0Q0",
      "UserID": "S-1-5-18",
      "RuleName": "-",
      "UtcTime": "2025-11-12 10:00:26.486",
      "ProcessGuid": "815B870B-5ABA-6914-FD06-000000000A00",
      "Image": "C:\\Users\\30250_hrfous0\\Desktop\\恶意代码教学样本-在沙盒中修改文件名\\恶意代码教学样本-在沙盒中修改文件名\\taskdl.exe",
      "FileVersion": "6.1.7600.16385 (win7_rtm.090713-1255)",
      "Description": "SQL Client Configuration Utility EXE",
      "Product": "Microsoft® Windows® Operating System",
      "Company": "Microsoft Corporation",
      "OriginalFileName": "cliconfg.exe",
      "CommandLine": "taskdl.exe",
      "CurrentDirectory": "C:\\Users\\30250_hrfous0\\Desktop\\恶意代码教学样本-在沙盒中修改文件名\\恶意代码教学样本-在沙盒中修改文件名\\",
      "User": "DESKTOP-VGNH0Q0\\30250_hrfous0",
      "LogonGuid": "815B870B-2E47-6913-46C0-010000000000",
      "LogonId": "0x1c046",
      "TerminalSessionId": 1,
      "IntegrityLevel": "Medium",
      "MD5": "4FEF5E34143E646DBF9907C4374276F5",
      "SHA256": "4A468603FDCB7A2EB5770705898CF9EF37AADE532A7964642ECD705A74794B79",
      "IMPHASH": "818097ACF11D6A2AC55031896B50D98C",
      "Hashes": "MD5=4FEF5E34143E646DBF9907C4374276F5,SHA256=4A468603FDCB7A2EB5770705898CF9EF37AADE532A7964642ECD705A74794B79,IMPHASH=818097ACF11D6A2AC55031896B50D98C",
      "ParentProcessGuid": "815B870B-564E-6914-3A06-000000000A00",
      "ParentProcessId": 11936,
      "ParentImage": "C:\\Users\\30250_hrfous0\\Desktop\\恶意代码教学样本-在沙盒中修改文件名\\恶意代码教学样本-在沙盒中修改文件名\\1-WannaCrypt0r.exe",
      "ParentCommandLine": "\"C:\\Users\\30250_hrfous0\\Desktop\\恶意代码教学样本-在沙盒中修改文件名\\恶意代码教学样本-在沙盒中修改文件名\\1-WannaCrypt0r.exe\"",
      "ParentUser": "DESKTOP-VGNH0Q0\\30250_hrfous0",
      "OriginalLogfile": "mytest1.evtx-0S8SF50D.json"
    },
    {
      "row_id": 261,
      "Provider_Name": "Microsoft-Windows-Sysmon",
      "Guid": "5770385F-C22A-43E0-BF4C-06F5698FFBD9",
      "EventID": 1,
      "Version": 5,
      "Level": 4,
      "Task": 1,
      "Opcode": 0,
      "Keywords": "0x8000000000000000",
      "SystemTime": "2025-11-12T10:00:56.646058Z",
      "EventRecordID": 17337,
      "ProcessID": 11104,
      "ThreadID": 11400,
      "Channel": "Microsoft-Windows-Sysmon/Operational",
      "Computer": "DESKTOP-VGNH0Q0",
      "UserID": "S-1-5-18",
      "RuleName": "-",
      "UtcTime": "2025-11-12 10:00:56.644",
      "ProcessGuid": "815B870B-5AD8-6914-0007-000000000A00",
      "Image": "C:\\Users\\30250_hrfous0\\Desktop\\恶意代码教学样本-在沙盒中修改文件名\\恶意代码教学样本-在沙盒中修改文件名\\taskdl.exe",
      "FileVersion": "6.1.7600.16385 (win7_rtm.090713-1255)",
      "Description": "SQL Client Configuration Utility EXE",
      "Product": "Microsoft® Windows® Operating System",
      "Company": "Microsoft Corporation",
      "OriginalFileName": "cliconfg.exe",
      "CommandLine": "taskdl.exe",
      "CurrentDirectory": "C:\\Users\\30250_hrfous0\\Desktop\\恶意代码教学样本-在沙盒中修改文件名\\恶意代码教学样本-在沙盒中修改文件名\\",
      "User": "DESKTOP-VGNH0Q0\\30250_hrfous0",
      "LogonGuid": "815B870B-2E47-6913-46C0-010000000000",
      "LogonId": "0x1c046",
      "TerminalSessionId": 1,
      "IntegrityLevel": "Medium",
      "MD5": "4FEF5E34143E646DBF9907C4374276F5",
      "SHA256": "4A468603FDCB7A2EB5770705898CF9EF37AADE532A7964642ECD705A74794B79",
      "IMPHASH": "818097ACF11D6A2AC55031896B50D98C",
      "Hashes": "MD5=4FEF5E34143E646DBF9907C4374276F5,SHA256=4A468603FDCB7A2EB5770705898CF9EF37AADE532A7964642ECD705A74794B79,IMPHASH=818097ACF11D6A2AC55031896B50D98C",
      "ParentProcessGuid": "815B870B-564E-6914-3A06-000000000A00",
      "ParentProcessId": 11936,
      "ParentImage": "C:\\Users\\30250_hrfous0\\Desktop\\恶意代码教学样本-在沙盒中修改文件名\\恶意代码教学样本-在沙盒中修改文件名\\1-WannaCrypt0r.exe",
      "ParentCommandLine": "\"C:\\Users\\30250_hrfous0\\Desktop\\恶意代码教学样本-在沙盒中修改文件名\\恶意代码教学样本-在沙盒中修改文件名\\1-WannaCrypt0r.exe\"",
      "ParentUser": "DESKTOP-VGNH0Q0\\30250_hrfous0",
      "OriginalLogfile": "mytest1.evtx-0S8SF50D.json"
    },
    {
      "row_id": 263,
      "Provider_Name": "Microsoft-Windows-Sysmon",
      "Guid": "5770385F-C22A-43E0-BF4C-06F5698FFBD9",
      "EventID": 1,
      "Version": 5,
      "Level": 4,
      "Task": 1,
      "Opcode": 0,
      "Keywords": "0x8000000000000000",
      "SystemTime": "2025-11-12T10:01:26.732047Z",
      "EventRecordID": 17341,
      "ProcessID": 11104,
      "ThreadID": 11400,
      "Channel": "Microsoft-Windows-Sysmon/Operational",
      "Computer": "DESKTOP-VGNH0Q0",
      "UserID": "S-1-5-18",
      "RuleName": "-",
      "UtcTime": "2025-11-12 10:01:26.718",
      "ProcessGuid": "815B870B-5AF6-6914-0207-000000000A00",
      "Image": "C:\\Users\\30250_hrfous0\\Desktop\\恶意代码教学样本-在沙盒中修改文件名\\恶意代码教学样本-在沙盒中修改文件名\\taskdl.exe",
      "FileVersion": "6.1.7600.16385 (win7_rtm.090713-1255)",
      "Description": "SQL Client Configuration Utility EXE",
      "Product": "Microsoft® Windows® Operating System",
      "Company": "Microsoft Corporation",
      "OriginalFileName": "cliconfg.exe",
      "CommandLine": "taskdl.exe",
      "CurrentDirectory": "C:\\Users\\30250_hrfous0\\Desktop\\恶意代码教学样本-在沙盒中修改文件名\\恶意代码教学样本-在沙盒中修改文件名\\",
      "User": "DESKTOP-VGNH0Q0\\30250_hrfous0",
      "LogonGuid": "815B870B-2E47-6913-46C0-010000000000",
      "LogonId": "0x1c046",
      "TerminalSessionId": 1,
      "IntegrityLevel": "Medium",
      "MD5": "4FEF5E34143E646DBF9907C4374276F5",
      "SHA256": "4A468603FDCB7A2EB5770705898CF9EF37AADE532A7964642ECD705A74794B79",
      "IMPHASH": "818097ACF11D6A2AC55031896B50D98C",
      "Hashes": "MD5=4FEF5E34143E646DBF9907C4374276F5,SHA256=4A468603FDCB7A2EB5770705898CF9EF37AADE532A7964642ECD705A74794B79,IMPHASH=818097ACF11D6A2AC55031896B50D98C",
      "ParentProcessGuid": "815B870B-564E-6914-3A06-000000000A00",
      "ParentProcessId": 11936,
      "ParentImage": "C:\\Users\\30250_hrfous0\\Desktop\\恶意代码教学样本-在沙盒中修改文件名\\恶意代码教学样本-在沙盒中修改文件名\\1-WannaCrypt0r.exe",
      "ParentCommandLine": "\"C:\\Users\\30250_hrfous0\\Desktop\\恶意代码教学样本-在沙盒中修改文件名\\恶意代码教学样本-在沙盒中修改文件名\\1-WannaCrypt0r.exe\"",
      "ParentUser": "DESKTOP-VGNH0Q0\\30250_hrfous0",
      "OriginalLogfile": "mytest1.evtx-0S8SF50D.json"
    },
    {
      "row_id": 265,
      "Provider_Name": "Microsoft-Windows-Sysmon",
      "Guid": "5770385F-C22A-43E0-BF4C-06F5698FFBD9",
      "EventID": 1,
      "Version": 5,
      "Level": 4,
      "Task": 1,
      "Opcode": 0,
      "Keywords": "0x8000000000000000",
      "SystemTime": "2025-11-12T10:01:56.902883Z",
      "EventRecordID": 17345,
      "ProcessID": 11104,
      "ThreadID": 11400,
      "Channel": "Microsoft-Windows-Sysmon/Operational",
      "Computer": "DESKTOP-VGNH0Q0",
      "UserID": "S-1-5-18",
      "RuleName": "-",
      "UtcTime": "2025-11-12 10:01:56.897",
      "ProcessGuid": "815B870B-5B14-6914-0407-000000000A00",
      "Image": "C:\\Users\\30250_hrfous0\\Desktop\\恶意代码教学样本-在沙盒中修改文件名\\恶意代码教学样本-在沙盒中修改文件名\\taskdl.exe",
      "FileVersion": "6.1.7600.16385 (win7_rtm.090713-1255)",
      "Description": "SQL Client Configuration Utility EXE",
      "Product": "Microsoft® Windows® Operating System",
      "Company": "Microsoft Corporation",
      "OriginalFileName": "cliconfg.exe",
      "CommandLine": "taskdl.exe",
      "CurrentDirectory": "C:\\Users\\30250_hrfous0\\Desktop\\恶意代码教学样本-在沙盒中修改文件名\\恶意代码教学样本-在沙盒中修改文件名\\",
      "User": "DESKTOP-VGNH0Q0\\30250_hrfous0",
      "LogonGuid": "815B870B-2E47-6913-46C0-010000000000",
      "LogonId": "0x1c046",
      "TerminalSessionId": 1,
      "IntegrityLevel": "Medium",
      "MD5": "4FEF5E34143E646DBF9907C4374276F5",
      "SHA256": "4A468603FDCB7A2EB5770705898CF9EF37AADE532A7964642ECD705A74794B79",
      "IMPHASH": "818097ACF11D6A2AC55031896B50D98C",
      "Hashes": "MD5=4FEF5E34143E646DBF9907C4374276F5,SHA256=4A468603FDCB7A2EB5770705898CF9EF37AADE532A7964642ECD705A74794B79,IMPHASH=818097ACF11D6A2AC55031896B50D98C",
      "ParentProcessGuid": "815B870B-564E-6914-3A06-000000000A00",
      "ParentProcessId": 11936,
      "ParentImage": "C:\\Users\\30250_hrfous0\\Desktop\\恶意代码教学样本-在沙盒中修改文件名\\恶意代码教学样本-在沙盒中修改文件名\\1-WannaCrypt0r.exe",
      "ParentCommandLine": "\"C:\\Users\\30250_hrfous0\\Desktop\\恶意代码教学样本-在沙盒中修改文件名\\恶意代码教学样本-在沙盒中修改文件名\\1-WannaCrypt0r.exe\"",
      "ParentUser": "DESKTOP-VGNH0Q0\\30250_hrfous0",
      "OriginalLogfile": "mytest1.evtx-0S8SF50D.json"
    },
    {
      "row_id": 267,
      "Provider_Name": "Microsoft-Windows-Sysmon",
      "Guid": "5770385F-C22A-43E0-BF4C-06F5698FFBD9",
      "EventID": 1,
      "Version": 5,
      "Level": 4,
      "Task": 1,
      "Opcode": 0,
      "Keywords": "0x8000000000000000",
      "SystemTime": "2025-11-12T10:02:27.064146Z",
      "EventRecordID": 17349,
      "ProcessID": 11104,
      "ThreadID": 11400,
      "Channel": "Microsoft-Windows-Sysmon/Operational",
      "Computer": "DESKTOP-VGNH0Q0",
      "UserID": "S-1-5-18",
      "RuleName": "-",
      "UtcTime": "2025-11-12 10:02:27.060",
      "ProcessGuid": "815B870B-5B33-6914-0607-000000000A00",
      "Image": "C:\\Users\\30250_hrfous0\\Desktop\\恶意代码教学样本-在沙盒中修改文件名\\恶意代码教学样本-在沙盒中修改文件名\\taskdl.exe",
      "FileVersion": "6.1.7600.16385 (win7_rtm.090713-1255)",
      "Description": "SQL Client Configuration Utility EXE",
      "Product": "Microsoft® Windows® Operating System",
      "Company": "Microsoft Corporation",
      "OriginalFileName": "cliconfg.exe",
      "CommandLine": "taskdl.exe",
      "CurrentDirectory": "C:\\Users\\30250_hrfous0\\Desktop\\恶意代码教学样本-在沙盒中修改文件名\\恶意代码教学样本-在沙盒中修改文件名\\",
      "User": "DESKTOP-VGNH0Q0\\30250_hrfous0",
      "LogonGuid": "815B870B-2E47-6913-46C0-010000000000",
      "LogonId": "0x1c046",
      "TerminalSessionId": 1,
      "IntegrityLevel": "Medium",
      "MD5": "4FEF5E34143E646DBF9907C4374276F5",
      "SHA256": "4A468603FDCB7A2EB5770705898CF9EF37AADE532A7964642ECD705A74794B79",
      "IMPHASH": "818097ACF11D6A2AC55031896B50D98C",
      "Hashes": "MD5=4FEF5E34143E646DBF9907C4374276F5,SHA256=4A468603FDCB7A2EB5770705898CF9EF37AADE532A7964642ECD705A74794B79,IMPHASH=818097ACF11D6A2AC55031896B50D98C",
      "ParentProcessGuid": "815B870B-564E-6914-3A06-000000000A00",
      "ParentProcessId": 11936,
      "ParentImage": "C:\\Users\\30250_hrfous0\\Desktop\\恶意代码教学样本-在沙盒中修改文件名\\恶意代码教学样本-在沙盒中修改文件名\\1-WannaCrypt0r.exe",
      "ParentCommandLine": "\"C:\\Users\\30250_hrfous0\\Desktop\\恶意代码教学样本-在沙盒中修改文件名\\恶意代码教学样本-在沙盒中修改文件名\\1-WannaCrypt0r.exe\"",
      "ParentUser": "DESKTOP-VGNH0Q0\\30250_hrfous0",
      "OriginalLogfile": "mytest1.evtx-0S8SF50D.json"
    },
    {
      "row_id": 269,
      "Provider_Name": "Microsoft-Windows-Sysmon",
      "Guid": "5770385F-C22A-43E0-BF4C-06F5698FFBD9",
      "EventID": 1,
      "Version": 5,
      "Level": 4,
      "Task": 1,
      "Opcode": 0,
      "Keywords": "0x8000000000000000",
      "SystemTime": "2025-11-12T10:02:57.202969Z",
      "EventRecordID": 17353,
      "ProcessID": 11104,
      "ThreadID": 11400,
      "Channel": "Microsoft-Windows-Sysmon/Operational",
      "Computer": "DESKTOP-VGNH0Q0",
      "UserID": "S-1-5-18",
      "RuleName": "-",
      "UtcTime": "2025-11-12 10:02:57.199",
      "ProcessGuid": "815B870B-5B51-6914-0907-000000000A00",
      "Image": "C:\\Users\\30250_hrfous0\\Desktop\\恶意代码教学样本-在沙盒中修改文件名\\恶意代码教学样本-在沙盒中修改文件名\\taskdl.exe",
      "FileVersion": "6.1.7600.16385 (win7_rtm.090713-1255)",
      "Description": "SQL Client Configuration Utility EXE",
      "Product": "Microsoft® Windows® Operating System",
      "Company": "Microsoft Corporation",
      "OriginalFileName": "cliconfg.exe",
      "CommandLine": "taskdl.exe",
      "CurrentDirectory": "C:\\Users\\30250_hrfous0\\Desktop\\恶意代码教学样本-在沙盒中修改文件名\\恶意代码教学样本-在沙盒中修改文件名\\",
      "User": "DESKTOP-VGNH0Q0\\30250_hrfous0",
      "LogonGuid": "815B870B-2E47-6913-46C0-010000000000",
      "LogonId": "0x1c046",
      "TerminalSessionId": 1,
      "IntegrityLevel": "Medium",
      "MD5": "4FEF5E34143E646DBF9907C4374276F5",
      "SHA256": "4A468603FDCB7A2EB5770705898CF9EF37AADE532A7964642ECD705A74794B79",
      "IMPHASH": "818097ACF11D6A2AC55031896B50D98C",
      "Hashes": "MD5=4FEF5E34143E646DBF9907C4374276F5,SHA256=4A468603FDCB7A2EB5770705898CF9EF37AADE532A7964642ECD705A74794B79,IMPHASH=818097ACF11D6A2AC55031896B50D98C",
      "ParentProcessGuid": "815B870B-564E-6914-3A06-000000000A00",
      "ParentProcessId": 11936,
      "ParentImage": "C:\\Users\\30250_hrfous0\\Desktop\\恶意代码教学样本-在沙盒中修改文件名\\恶意代码教学样本-在沙盒中修改文件名\\1-WannaCrypt0r.exe",
      "ParentCommandLine": "\"C:\\Users\\30250_hrfous0\\Desktop\\恶意代码教学样本-在沙盒中修改文件名\\恶意代码教学样本-在沙盒中修改文件名\\1-WannaCrypt0r.exe\"",
      "ParentUser": "DESKTOP-VGNH0Q0\\30250_hrfous0",
      "OriginalLogfile": "mytest1.evtx-0S8SF50D.json"
    },
    {
      "row_id": 271,
      "Provider_Name": "Microsoft-Windows-Sysmon",
      "Guid": "5770385F-C22A-43E0-BF4C-06F5698FFBD9",
      "EventID": 1,
      "Version": 5,
      "Level": 4,
      "Task": 1,
      "Opcode": 0,
      "Keywords": "0x8000000000000000",
      "SystemTime": "2025-11-12T10:03:27.378080Z",
      "EventRecordID": 17357,
      "ProcessID": 11104,
      "ThreadID": 11400,
      "Channel": "Microsoft-Windows-Sysmon/Operational",
      "Computer": "DESKTOP-VGNH0Q0",
      "UserID": "S-1-5-18",
      "RuleName": "-",
      "UtcTime": "2025-11-12 10:03:27.368",
      "ProcessGuid": "815B870B-5B6F-6914-0C07-000000000A00",
      "Image": "C:\\Users\\30250_hrfous0\\Desktop\\恶意代码教学样本-在沙盒中修改文件名\\恶意代码教学样本-在沙盒中修改文件名\\taskdl.exe",
      "FileVersion": "6.1.7600.16385 (win7_rtm.090713-1255)",
      "Description": "SQL Client Configuration Utility EXE",
      "Product": "Microsoft® Windows® Operating System",
      "Company": "Microsoft Corporation",
      "OriginalFileName": "cliconfg.exe",
      "CommandLine": "taskdl.exe",
      "CurrentDirectory": "C:\\Users\\30250_hrfous0\\Desktop\\恶意代码教学样本-在沙盒中修改文件名\\恶意代码教学样本-在沙盒中修改文件名\\",
      "User": "DESKTOP-VGNH0Q0\\30250_hrfous0",
      "LogonGuid": "815B870B-2E47-6913-46C0-010000000000",
      "LogonId": "0x1c046",
      "TerminalSessionId": 1,
      "IntegrityLevel": "Medium",
      "MD5": "4FEF5E34143E646DBF9907C4374276F5",
      "SHA256": "4A468603FDCB7A2EB5770705898CF9EF37AADE532A7964642ECD705A74794B79",
      "IMPHASH": "818097ACF11D6A2AC55031896B50D98C",
      "Hashes": "MD5=4FEF5E34143E646DBF9907C4374276F5,SHA256=4A468603FDCB7A2EB5770705898CF9EF37AADE532A7964642ECD705A74794B79,IMPHASH=818097ACF11D6A2AC55031896B50D98C",
      "ParentProcessGuid": "815B870B-564E-6914-3A06-000000000A00",
      "ParentProcessId": 11936,
      "ParentImage": "C:\\Users\\30250_hrfous0\\Desktop\\恶意代码教学样本-在沙盒中修改文件名\\恶意代码教学样本-在沙盒中修改文件名\\1-WannaCrypt0r.exe",
      "ParentCommandLine": "\"C:\\Users\\30250_hrfous0\\Desktop\\恶意代码教学样本-在沙盒中修改文件名\\恶意代码教学样本-在沙盒中修改文件名\\1-WannaCrypt0r.exe\"",
      "ParentUser": "DESKTOP-VGNH0Q0\\30250_hrfous0",
      "OriginalLogfile": "mytest1.evtx-0S8SF50D.json"
    },
    {
      "row_id": 273,
      "Provider_Name": "Microsoft-Windows-Sysmon",
      "Guid": "5770385F-C22A-43E0-BF4C-06F5698FFBD9",
      "EventID": 1,
      "Version": 5,
      "Level": 4,
      "Task": 1,
      "Opcode": 0,
      "Keywords": "0x8000000000000000",
      "SystemTime": "2025-11-12T10:03:57.537974Z",
      "EventRecordID": 17363,
      "ProcessID": 11104,
      "ThreadID": 11400,
      "Channel": "Microsoft-Windows-Sysmon/Operational",
      "Computer": "DESKTOP-VGNH0Q0",
      "UserID": "S-1-5-18",
      "RuleName": "-",
      "UtcTime": "2025-11-12 10:03:57.531",
      "ProcessGuid": "815B870B-5B8D-6914-0E07-000000000A00",
      "Image": "C:\\Users\\30250_hrfous0\\Desktop\\恶意代码教学样本-在沙盒中修改文件名\\恶意代码教学样本-在沙盒中修改文件名\\taskdl.exe",
      "FileVersion": "6.1.7600.16385 (win7_rtm.090713-1255)",
      "Description": "SQL Client Configuration Utility EXE",
      "Product": "Microsoft® Windows® Operating System",
      "Company": "Microsoft Corporation",
      "OriginalFileName": "cliconfg.exe",
      "CommandLine": "taskdl.exe",
      "CurrentDirectory": "C:\\Users\\30250_hrfous0\\Desktop\\恶意代码教学样本-在沙盒中修改文件名\\恶意代码教学样本-在沙盒中修改文件名\\",
      "User": "DESKTOP-VGNH0Q0\\30250_hrfous0",
      "LogonGuid": "815B870B-2E47-6913-46C0-010000000000",
      "LogonId": "0x1c046",
      "TerminalSessionId": 1,
      "IntegrityLevel": "Medium",
      "MD5": "4FEF5E34143E646DBF9907C4374276F5",
      "SHA256": "4A468603FDCB7A2EB5770705898CF9EF37AADE532A7964642ECD705A74794B79",
      "IMPHASH": "818097ACF11D6A2AC55031896B50D98C",
      "Hashes": "MD5=4FEF5E34143E646DBF9907C4374276F5,SHA256=4A468603FDCB7A2EB5770705898CF9EF37AADE532A7964642ECD705A74794B79,IMPHASH=818097ACF11D6A2AC55031896B50D98C",
      "ParentProcessGuid": "815B870B-564E-6914-3A06-000000000A00",
      "ParentProcessId": 11936,
      "ParentImage": "C:\\Users\\30250_hrfous0\\Desktop\\恶意代码教学样本-在沙盒中修改文件名\\恶意代码教学样本-在沙盒中修改文件名\\1-WannaCrypt0r.exe",
      "ParentCommandLine": "\"C:\\Users\\30250_hrfous0\\Desktop\\恶意代码教学样本-在沙盒中修改文件名\\恶意代码教学样本-在沙盒中修改文件名\\1-WannaCrypt0r.exe\"",
      "ParentUser": "DESKTOP-VGNH0Q0\\30250_hrfous0",
      "OriginalLogfile": "mytest1.evtx-0S8SF50D.json"
    },
